[0.010s] Invoking command in '/home/alves/ros2_ws/build/robot_ras_decision': CMAKE_PREFIX_PATH=/opt/ros/humble /usr/bin/cmake --build /home/alves/ros2_ws/build/robot_ras_decision -- -j16 -l16
[0.041s] [35m[1mConsolidate compiler generated dependencies of target MovementControl[0m
[0.056s] [ 50%] [32mBuilding CXX object CMakeFiles/MovementControl.dir/src/movement_control.cpp.o[0m
[1.671s] [01m[K/home/alves/ros2_ws/src/robot_ras_decision/src/movement_control.cpp:[m[K In constructor â€˜[01m[KMovementControl::MovementControl()[m[Kâ€™:
[1.672s] [01m[K/home/alves/ros2_ws/src/robot_ras_decision/src/movement_control.cpp:14:7:[m[K [01;31m[Kerror: [m[Kâ€˜[01m[Ksub_movement_[m[Kâ€™ was not declared in this scope; did you mean â€˜[01m[Ksub_movement[m[Kâ€™?
[1.672s]    14 |       [01;31m[Ksub_movement_[m[K = this->create_subscription<std_msgs::msg::String>(
[1.672s]       |       [01;31m[K^~~~~~~~~~~~~[m[K
[1.672s]       |       [32m[Ksub_movement[m[K
[1.672s] [01m[K/home/alves/ros2_ws/src/robot_ras_decision/src/movement_control.cpp:15:76:[m[K [01;31m[Kerror: [m[Kâ€˜[01m[K_1[m[Kâ€™ was not declared in this scope; did you mean â€˜[01m[Kstd::placeholders::_1[m[Kâ€™?
[1.672s]    15 |       "movement", 10, std::bind(&MovementControl::movement_callback, this, [01;31m[K_1[m[K));
[1.672s]       |                                                                            [01;31m[K^~[m[K
[1.673s]       |                                                                            [32m[Kstd::placeholders::_1[m[K
[1.673s] In file included from [01m[K/usr/include/c++/11/pstl/glue_algorithm_defs.h:13[m[K,
[1.673s]                  from [01m[K/usr/include/c++/11/algorithm:74[m[K,
[1.673s]                  from [01m[K/opt/ros/humble/include/rclcpp/rclcpp/executor.hpp:18[m[K,
[1.673s]                  from [01m[K/opt/ros/humble/include/rclcpp/rclcpp/executors/multi_threaded_executor.hpp:25[m[K,
[1.674s]                  from [01m[K/opt/ros/humble/include/rclcpp/rclcpp/executors.hpp:21[m[K,
[1.674s]                  from [01m[K/opt/ros/humble/include/rclcpp/rclcpp/rclcpp.hpp:155[m[K,
[1.674s]                  from [01m[K/home/alves/ros2_ws/src/robot_ras_decision/src/movement_control.cpp:5[m[K:
[1.674s] [01m[K/usr/include/c++/11/functional:225:34:[m[K [01;36m[Knote: [m[Kâ€˜[01m[Kstd::placeholders::_1[m[Kâ€™ declared here
[1.674s]   225 |     extern const _Placeholder<1> [01;36m[K_1[m[K;
[1.674s]       |                                  [01;36m[K^~[m[K
[1.678s] [01m[K/home/alves/ros2_ws/src/robot_ras_decision/src/movement_control.cpp:17:88:[m[K [01;31m[Kerror: [m[Kno match for â€˜[01m[Koperator=[m[Kâ€™ (operand types are â€˜[01m[Krclcpp::Publisher<std_msgs::msg::Float64MultiArray_<std::allocator<void> > >::SharedPtr[m[Kâ€™ {aka â€˜[01m[Kstd::shared_ptr<rclcpp::Publisher<std_msgs::msg::Float64MultiArray_<std::allocator<void> > > >[m[Kâ€™} and â€˜[01m[Kstd::shared_ptr<rclcpp::Publisher<std_msgs::msg::String_<std::allocator<void> >, std::allocator<void> > >[m[Kâ€™)
[1.678s]    17 |       pub_motor1 = this->create_publisher<std_msgs::msg::String>("/motor1/commands", 10[01;31m[K)[m[K;
[1.678s]       |                                                                                        [01;31m[K^[m[K
[1.678s] In file included from [01m[K/usr/include/c++/11/memory:77[m[K,
[1.678s]                  from [01m[K/home/alves/ros2_ws/src/robot_ras_decision/src/movement_control.cpp:2[m[K:
[1.678s] [01m[K/usr/include/c++/11/bits/shared_ptr.h:363:9:[m[K [01;36m[Knote: [m[Kcandidate: â€˜[01m[Ktemplate<class _Yp> std::shared_ptr<_Tp>::_Assignable<const std::shared_ptr<_Yp>&> std::shared_ptr<_Tp>::operator=(const std::shared_ptr<_Yp>&) [with _Yp = _Yp; _Tp = rclcpp::Publisher<std_msgs::msg::Float64MultiArray_<std::allocator<void> > >][m[Kâ€™
[1.678s]   363 |         [01;36m[Koperator[m[K=(const shared_ptr<_Yp>& __r) noexcept
[1.678s]       |         [01;36m[K^~~~~~~~[m[K
[1.678s] [01m[K/usr/include/c++/11/bits/shared_ptr.h:363:9:[m[K [01;36m[Knote: [m[K  template argument deduction/substitution failed:
[1.678s] /usr/include/c++/11/bits/shared_ptr.h: In substitution of â€˜[01m[Ktemplate<class _Tp> template<class _Arg> using _Assignable = typename std::enable_if<std::is_assignable<std::__shared_ptr<_Tp>&, _Arg>::value, std::shared_ptr<_Tp>&>::type [with _Arg = const std::shared_ptr<rclcpp::Publisher<std_msgs::msg::String_<std::allocator<void> >, std::allocator<void> > >&; _Tp = rclcpp::Publisher<std_msgs::msg::Float64MultiArray_<std::allocator<void> > >][m[Kâ€™:
[1.678s] [01m[K/usr/include/c++/11/bits/shared_ptr.h:363:2:[m[K   required by substitution of â€˜[01m[Ktemplate<class _Yp> std::shared_ptr<rclcpp::Publisher<std_msgs::msg::Float64MultiArray_<std::allocator<void> > > >::_Assignable<const std::shared_ptr<_Tp>&> std::shared_ptr<rclcpp::Publisher<std_msgs::msg::Float64MultiArray_<std::allocator<void> > > >::operator=<_Yp>(const std::shared_ptr<_Tp>&) [with _Yp = rclcpp::Publisher<std_msgs::msg::String_<std::allocator<void> >, std::allocator<void> >][m[Kâ€™
[1.678s] [01m[K/home/alves/ros2_ws/src/robot_ras_decision/src/movement_control.cpp:17:88:[m[K   required from here
[1.678s] [01m[K/usr/include/c++/11/bits/shared_ptr.h:130:15:[m[K [01;31m[Kerror: [m[Kno type named â€˜[01m[Ktype[m[Kâ€™ in â€˜[01m[Kstruct std::enable_if<false, std::shared_ptr<rclcpp::Publisher<std_msgs::msg::Float64MultiArray_<std::allocator<void> > > >&>[m[Kâ€™
[1.678s]   130 |         using [01;31m[K_Assignable[m[K = typename enable_if<
[1.678s]       |               [01;31m[K^~~~~~~~~~~[m[K
[1.679s] [01m[K/usr/include/c++/11/bits/shared_ptr.h:374:9:[m[K [01;36m[Knote: [m[Kcandidate: â€˜[01m[Ktemplate<class _Yp> std::shared_ptr<_Tp>::_Assignable<std::auto_ptr<_Up> > std::shared_ptr<_Tp>::operator=(std::auto_ptr<_Up>&&) [with _Yp = _Yp; _Tp = rclcpp::Publisher<std_msgs::msg::Float64MultiArray_<std::allocator<void> > >][m[Kâ€™
[1.679s]   374 |         [01;36m[Koperator[m[K=(auto_ptr<_Yp>&& __r)
[1.679s]       |         [01;36m[K^~~~~~~~[m[K
[1.679s] [01m[K/usr/include/c++/11/bits/shared_ptr.h:374:9:[m[K [01;36m[Knote: [m[K  template argument deduction/substitution failed:
[1.679s] [01m[K/home/alves/ros2_ws/src/robot_ras_decision/src/movement_control.cpp:17:88:[m[K [01;36m[Knote: [m[K  â€˜[01m[Kstd::shared_ptr<rclcpp::Publisher<std_msgs::msg::String_<std::allocator<void> >, std::allocator<void> > >[m[Kâ€™ is not derived from â€˜[01m[Kstd::auto_ptr<_Up>[m[Kâ€™
[1.679s]    17 |       pub_motor1 = this->create_publisher<std_msgs::msg::String>("/motor1/commands", 10[01;36m[K)[m[K;
[1.679s]       |                                                                                        [01;36m[K^[m[K
[1.679s] In file included from [01m[K/usr/include/c++/11/memory:77[m[K,
[1.679s]                  from [01m[K/home/alves/ros2_ws/src/robot_ras_decision/src/movement_control.cpp:2[m[K:
[1.679s] [01m[K/usr/include/c++/11/bits/shared_ptr.h:391:9:[m[K [01;36m[Knote: [m[Kcandidate: â€˜[01m[Ktemplate<class _Yp> std::shared_ptr<_Tp>::_Assignable<std::shared_ptr<_Yp> > std::shared_ptr<_Tp>::operator=(std::shared_ptr<_Yp>&&) [with _Yp = _Yp; _Tp = rclcpp::Publisher<std_msgs::msg::Float64MultiArray_<std::allocator<void> > >][m[Kâ€™
[1.679s]   391 |         [01;36m[Koperator[m[K=(shared_ptr<_Yp>&& __r) noexcept
[1.679s]       |         [01;36m[K^~~~~~~~[m[K
[1.679s] [01m[K/usr/include/c++/11/bits/shared_ptr.h:391:9:[m[K [01;36m[Knote: [m[K  template argument deduction/substitution failed:
[1.679s] /usr/include/c++/11/bits/shared_ptr.h: In substitution of â€˜[01m[Ktemplate<class _Tp> template<class _Arg> using _Assignable = typename std::enable_if<std::is_assignable<std::__shared_ptr<_Tp>&, _Arg>::value, std::shared_ptr<_Tp>&>::type [with _Arg = std::shared_ptr<rclcpp::Publisher<std_msgs::msg::String_<std::allocator<void> >, std::allocator<void> > >; _Tp = rclcpp::Publisher<std_msgs::msg::Float64MultiArray_<std::allocator<void> > >][m[Kâ€™:
[1.679s] [01m[K/usr/include/c++/11/bits/shared_ptr.h:391:2:[m[K   required by substitution of â€˜[01m[Ktemplate<class _Yp> std::shared_ptr<rclcpp::Publisher<std_msgs::msg::Float64MultiArray_<std::allocator<void> > > >::_Assignable<std::shared_ptr<_Tp> > std::shared_ptr<rclcpp::Publisher<std_msgs::msg::Float64MultiArray_<std::allocator<void> > > >::operator=<_Yp>(std::shared_ptr<_Tp>&&) [with _Yp = rclcpp::Publisher<std_msgs::msg::String_<std::allocator<void> >, std::allocator<void> >][m[Kâ€™
[1.679s] [01m[K/home/alves/ros2_ws/src/robot_ras_decision/src/movement_control.cpp:17:88:[m[K   required from here
[1.679s] [01m[K/usr/include/c++/11/bits/shared_ptr.h:130:15:[m[K [01;31m[Kerror: [m[Kno type named â€˜[01m[Ktype[m[Kâ€™ in â€˜[01m[Kstruct std::enable_if<false, std::shared_ptr<rclcpp::Publisher<std_msgs::msg::Float64MultiArray_<std::allocator<void> > > >&>[m[Kâ€™
[1.679s]   130 |         using [01;31m[K_Assignable[m[K = typename enable_if<
[1.679s]       |               [01;31m[K^~~~~~~~~~~[m[K
[1.679s] [01m[K/usr/include/c++/11/bits/shared_ptr.h:399:9:[m[K [01;36m[Knote: [m[Kcandidate: â€˜[01m[Ktemplate<class _Yp, class _Del> std::shared_ptr<_Tp>::_Assignable<std::unique_ptr<_Up, _Ep> > std::shared_ptr<_Tp>::operator=(std::unique_ptr<_Up, _Ep>&&) [with _Yp = _Yp; _Del = _Del; _Tp = rclcpp::Publisher<std_msgs::msg::Float64MultiArray_<std::allocator<void> > >][m[Kâ€™
[1.679s]   399 |         [01;36m[Koperator[m[K=(unique_ptr<_Yp, _Del>&& __r)
[1.679s]       |         [01;36m[K^~~~~~~~[m[K
[1.679s] [01m[K/usr/include/c++/11/bits/shared_ptr.h:399:9:[m[K [01;36m[Knote: [m[K  template argument deduction/substitution failed:
[1.680s] [01m[K/home/alves/ros2_ws/src/robot_ras_decision/src/movement_control.cpp:17:88:[m[K [01;36m[Knote: [m[K  â€˜[01m[Kstd::shared_ptr<rclcpp::Publisher<std_msgs::msg::String_<std::allocator<void> >, std::allocator<void> > >[m[Kâ€™ is not derived from â€˜[01m[Kstd::unique_ptr<_Tp, _Dp>[m[Kâ€™
[1.680s]    17 |       pub_motor1 = this->create_publisher<std_msgs::msg::String>("/motor1/commands", 10[01;36m[K)[m[K;
[1.680s]       |                                                                                        [01;36m[K^[m[K
[1.680s] In file included from [01m[K/usr/include/c++/11/memory:77[m[K,
[1.680s]                  from [01m[K/home/alves/ros2_ws/src/robot_ras_decision/src/movement_control.cpp:2[m[K:
[1.680s] [01m[K/usr/include/c++/11/bits/shared_ptr.h:359:19:[m[K [01;36m[Knote: [m[Kcandidate: â€˜[01m[Kstd::shared_ptr<_Tp>& std::shared_ptr<_Tp>::operator=(const std::shared_ptr<_Tp>&) [with _Tp = rclcpp::Publisher<std_msgs::msg::Float64MultiArray_<std::allocator<void> > >][m[Kâ€™
[1.680s]   359 |       shared_ptr& [01;36m[Koperator[m[K=(const shared_ptr&) noexcept = default;
[1.680s]       |                   [01;36m[K^~~~~~~~[m[K
[1.680s] [01m[K/usr/include/c++/11/bits/shared_ptr.h:359:29:[m[K [01;36m[Knote: [m[K  no known conversion for argument 1 from â€˜[01m[Kstd::shared_ptr<rclcpp::Publisher<std_msgs::msg::String_<std::allocator<void> >, std::allocator<void> > >[m[Kâ€™ to â€˜[01m[Kconst std::shared_ptr<rclcpp::Publisher<std_msgs::msg::Float64MultiArray_<std::allocator<void> > > >&[m[Kâ€™
[1.680s]   359 |       shared_ptr& operator=([01;36m[Kconst shared_ptr&[m[K) noexcept = default;
[1.680s]       |                             [01;36m[K^~~~~~~~~~~~~~~~~[m[K
[1.680s] [01m[K/usr/include/c++/11/bits/shared_ptr.h:383:7:[m[K [01;36m[Knote: [m[Kcandidate: â€˜[01m[Kstd::shared_ptr<_Tp>& std::shared_ptr<_Tp>::operator=(std::shared_ptr<_Tp>&&) [with _Tp = rclcpp::Publisher<std_msgs::msg::Float64MultiArray_<std::allocator<void> > >][m[Kâ€™
[1.681s]   383 |       [01;36m[Koperator[m[K=(shared_ptr&& __r) noexcept
[1.681s]       |       [01;36m[K^~~~~~~~[m[K
[1.681s] [01m[K/usr/include/c++/11/bits/shared_ptr.h:383:30:[m[K [01;36m[Knote: [m[K  no known conversion for argument 1 from â€˜[01m[Kstd::shared_ptr<rclcpp::Publisher<std_msgs::msg::String_<std::allocator<void> >, std::allocator<void> > >[m[Kâ€™ to â€˜[01m[Kstd::shared_ptr<rclcpp::Publisher<std_msgs::msg::Float64MultiArray_<std::allocator<void> > > >&&[m[Kâ€™
[1.681s]   383 |       operator=([01;36m[Kshared_ptr&& __r[m[K) noexcept
[1.681s]       |                 [01;36m[K~~~~~~~~~~~~~^~~[m[K
[1.681s] [01m[K/home/alves/ros2_ws/src/robot_ras_decision/src/movement_control.cpp:18:88:[m[K [01;31m[Kerror: [m[Kno match for â€˜[01m[Koperator=[m[Kâ€™ (operand types are â€˜[01m[Krclcpp::Publisher<std_msgs::msg::Float64MultiArray_<std::allocator<void> > >::SharedPtr[m[Kâ€™ {aka â€˜[01m[Kstd::shared_ptr<rclcpp::Publisher<std_msgs::msg::Float64MultiArray_<std::allocator<void> > > >[m[Kâ€™} and â€˜[01m[Kstd::shared_ptr<rclcpp::Publisher<std_msgs::msg::String_<std::allocator<void> >, std::allocator<void> > >[m[Kâ€™)
[1.681s]    18 |       pub_motor2 = this->create_publisher<std_msgs::msg::String>("/motor1/commands", 10[01;31m[K)[m[K;
[1.681s]       |                                                                                        [01;31m[K^[m[K
[1.681s] In file included from [01m[K/usr/include/c++/11/memory:77[m[K,
[1.681s]                  from [01m[K/home/alves/ros2_ws/src/robot_ras_decision/src/movement_control.cpp:2[m[K:
[1.681s] [01m[K/usr/include/c++/11/bits/shared_ptr.h:363:9:[m[K [01;36m[Knote: [m[Kcandidate: â€˜[01m[Ktemplate<class _Yp> std::shared_ptr<_Tp>::_Assignable<const std::shared_ptr<_Yp>&> std::shared_ptr<_Tp>::operator=(const std::shared_ptr<_Yp>&) [with _Yp = _Yp; _Tp = rclcpp::Publisher<std_msgs::msg::Float64MultiArray_<std::allocator<void> > >][m[Kâ€™
[1.682s]   363 |         [01;36m[Koperator[m[K=(const shared_ptr<_Yp>& __r) noexcept
[1.682s]       |         [01;36m[K^~~~~~~~[m[K
[1.682s] [01m[K/usr/include/c++/11/bits/shared_ptr.h:363:9:[m[K [01;36m[Knote: [m[K  template argument deduction/substitution failed:
[1.682s] [01m[K/usr/include/c++/11/bits/shared_ptr.h:374:9:[m[K [01;36m[Knote: [m[Kcandidate: â€˜[01m[Ktemplate<class _Yp> std::shared_ptr<_Tp>::_Assignable<std::auto_ptr<_Up> > std::shared_ptr<_Tp>::operator=(std::auto_ptr<_Up>&&) [with _Yp = _Yp; _Tp = rclcpp::Publisher<std_msgs::msg::Float64MultiArray_<std::allocator<void> > >][m[Kâ€™
[1.682s]   374 |         [01;36m[Koperator[m[K=(auto_ptr<_Yp>&& __r)
[1.682s]       |         [01;36m[K^~~~~~~~[m[K
[1.682s] [01m[K/usr/include/c++/11/bits/shared_ptr.h:374:9:[m[K [01;36m[Knote: [m[K  template argument deduction/substitution failed:
[1.682s] [01m[K/home/alves/ros2_ws/src/robot_ras_decision/src/movement_control.cpp:18:88:[m[K [01;36m[Knote: [m[K  â€˜[01m[Kstd::shared_ptr<rclcpp::Publisher<std_msgs::msg::String_<std::allocator<void> >, std::allocator<void> > >[m[Kâ€™ is not derived from â€˜[01m[Kstd::auto_ptr<_Up>[m[Kâ€™
[1.682s]    18 |       pub_motor2 = this->create_publisher<std_msgs::msg::String>("/motor1/commands", 10[01;36m[K)[m[K;
[1.682s]       |                                                                                        [01;36m[K^[m[K
[1.682s] In file included from [01m[K/usr/include/c++/11/memory:77[m[K,
[1.682s]                  from [01m[K/home/alves/ros2_ws/src/robot_ras_decision/src/movement_control.cpp:2[m[K:
[1.682s] [01m[K/usr/include/c++/11/bits/shared_ptr.h:391:9:[m[K [01;36m[Knote: [m[Kcandidate: â€˜[01m[Ktemplate<class _Yp> std::shared_ptr<_Tp>::_Assignable<std::shared_ptr<_Yp> > std::shared_ptr<_Tp>::operator=(std::shared_ptr<_Yp>&&) [with _Yp = _Yp; _Tp = rclcpp::Publisher<std_msgs::msg::Float64MultiArray_<std::allocator<void> > >][m[Kâ€™
[1.682s]   391 |         [01;36m[Koperator[m[K=(shared_ptr<_Yp>&& __r) noexcept
[1.682s]       |         [01;36m[K^~~~~~~~[m[K
[1.682s] [01m[K/usr/include/c++/11/bits/shared_ptr.h:391:9:[m[K [01;36m[Knote: [m[K  template argument deduction/substitution failed:
[1.682s] [01m[K/usr/include/c++/11/bits/shared_ptr.h:399:9:[m[K [01;36m[Knote: [m[Kcandidate: â€˜[01m[Ktemplate<class _Yp, class _Del> std::shared_ptr<_Tp>::_Assignable<std::unique_ptr<_Up, _Ep> > std::shared_ptr<_Tp>::operator=(std::unique_ptr<_Up, _Ep>&&) [with _Yp = _Yp; _Del = _Del; _Tp = rclcpp::Publisher<std_msgs::msg::Float64MultiArray_<std::allocator<void> > >][m[Kâ€™
[1.682s]   399 |         [01;36m[Koperator[m[K=(unique_ptr<_Yp, _Del>&& __r)
[1.682s]       |         [01;36m[K^~~~~~~~[m[K
[1.682s] [01m[K/usr/include/c++/11/bits/shared_ptr.h:399:9:[m[K [01;36m[Knote: [m[K  template argument deduction/substitution failed:
[1.682s] [01m[K/home/alves/ros2_ws/src/robot_ras_decision/src/movement_control.cpp:18:88:[m[K [01;36m[Knote: [m[K  â€˜[01m[Kstd::shared_ptr<rclcpp::Publisher<std_msgs::msg::String_<std::allocator<void> >, std::allocator<void> > >[m[Kâ€™ is not derived from â€˜[01m[Kstd::unique_ptr<_Tp, _Dp>[m[Kâ€™
[1.682s]    18 |       pub_motor2 = this->create_publisher<std_msgs::msg::String>("/motor1/commands", 10[01;36m[K)[m[K;
[1.682s]       |                                                                                        [01;36m[K^[m[K
[1.682s] In file included from [01m[K/usr/include/c++/11/memory:77[m[K,
[1.682s]                  from [01m[K/home/alves/ros2_ws/src/robot_ras_decision/src/movement_control.cpp:2[m[K:
[1.683s] [01m[K/usr/include/c++/11/bits/shared_ptr.h:359:19:[m[K [01;36m[Knote: [m[Kcandidate: â€˜[01m[Kstd::shared_ptr<_Tp>& std::shared_ptr<_Tp>::operator=(const std::shared_ptr<_Tp>&) [with _Tp = rclcpp::Publisher<std_msgs::msg::Float64MultiArray_<std::allocator<void> > >][m[Kâ€™
[1.683s]   359 |       shared_ptr& [01;36m[Koperator[m[K=(const shared_ptr&) noexcept = default;
[1.683s]       |                   [01;36m[K^~~~~~~~[m[K
[1.683s] [01m[K/usr/include/c++/11/bits/shared_ptr.h:359:29:[m[K [01;36m[Knote: [m[K  no known conversion for argument 1 from â€˜[01m[Kstd::shared_ptr<rclcpp::Publisher<std_msgs::msg::String_<std::allocator<void> >, std::allocator<void> > >[m[Kâ€™ to â€˜[01m[Kconst std::shared_ptr<rclcpp::Publisher<std_msgs::msg::Float64MultiArray_<std::allocator<void> > > >&[m[Kâ€™
[1.683s]   359 |       shared_ptr& operator=([01;36m[Kconst shared_ptr&[m[K) noexcept = default;
[1.683s]       |                             [01;36m[K^~~~~~~~~~~~~~~~~[m[K
[1.683s] [01m[K/usr/include/c++/11/bits/shared_ptr.h:383:7:[m[K [01;36m[Knote: [m[Kcandidate: â€˜[01m[Kstd::shared_ptr<_Tp>& std::shared_ptr<_Tp>::operator=(std::shared_ptr<_Tp>&&) [with _Tp = rclcpp::Publisher<std_msgs::msg::Float64MultiArray_<std::allocator<void> > >][m[Kâ€™
[1.683s]   383 |       [01;36m[Koperator[m[K=(shared_ptr&& __r) noexcept
[1.683s]       |       [01;36m[K^~~~~~~~[m[K
[1.683s] [01m[K/usr/include/c++/11/bits/shared_ptr.h:383:30:[m[K [01;36m[Knote: [m[K  no known conversion for argument 1 from â€˜[01m[Kstd::shared_ptr<rclcpp::Publisher<std_msgs::msg::String_<std::allocator<void> >, std::allocator<void> > >[m[Kâ€™ to â€˜[01m[Kstd::shared_ptr<rclcpp::Publisher<std_msgs::msg::Float64MultiArray_<std::allocator<void> > > >&&[m[Kâ€™
[1.683s]   383 |       operator=([01;36m[Kshared_ptr&& __r[m[K) noexcept
[1.683s]       |                 [01;36m[K~~~~~~~~~~~~~^~~[m[K
[1.683s] [01m[K/home/alves/ros2_ws/src/robot_ras_decision/src/movement_control.cpp:20:13:[m[K [01;35m[Kwarning: [m[Kunused variable â€˜[01m[Kvel1[m[Kâ€™ [[01;35m[K]8;;https://gcc.gnu.org/onlinedocs/gcc/Warning-Options.html#index-Wunused-variable-Wunused-variable]8;;[m[K]
[1.683s]    20 |       float [01;35m[Kvel1[m[K, vel2;
[1.683s]       |             [01;35m[K^~~~[m[K
[1.683s] [01m[K/home/alves/ros2_ws/src/robot_ras_decision/src/movement_control.cpp:20:19:[m[K [01;35m[Kwarning: [m[Kunused variable â€˜[01m[Kvel2[m[Kâ€™ [[01;35m[K]8;;https://gcc.gnu.org/onlinedocs/gcc/Warning-Options.html#index-Wunused-variable-Wunused-variable]8;;[m[K]
[1.683s]    20 |       float vel1, [01;35m[Kvel2[m[K;
[1.683s]       |                   [01;35m[K^~~~[m[K
[2.240s] gmake[2]: *** [CMakeFiles/MovementControl.dir/build.make:76: CMakeFiles/MovementControl.dir/src/movement_control.cpp.o] Error 1
[2.240s] gmake[1]: *** [CMakeFiles/Makefile2:137: CMakeFiles/MovementControl.dir/all] Error 2
[2.240s] gmake: *** [Makefile:146: all] Error 2
[2.242s] Invoked command in '/home/alves/ros2_ws/build/robot_ras_decision' returned '2': CMAKE_PREFIX_PATH=/opt/ros/humble /usr/bin/cmake --build /home/alves/ros2_ws/build/robot_ras_decision -- -j16 -l16
