[0.010s] Invoking command in '/home/alves/ros2_ws/build/robot_ras_decision': CMAKE_PREFIX_PATH=/opt/ros/humble /usr/bin/cmake --build /home/alves/ros2_ws/build/robot_ras_decision -- -j16 -l16
[0.031s] -- Found ament_cmake: 1.3.11 (/opt/ros/humble/share/ament_cmake/cmake)
[0.124s] -- Override CMake install command with custom implementation using symlinks instead of copying resources
[0.128s] -- Found rclcpp: 16.0.12 (/opt/ros/humble/share/rclcpp/cmake)
[0.147s] -- Found rosidl_generator_c: 3.1.6 (/opt/ros/humble/share/rosidl_generator_c/cmake)
[0.149s] -- Found rosidl_adapter: 3.1.6 (/opt/ros/humble/share/rosidl_adapter/cmake)
[0.153s] -- Found rosidl_generator_cpp: 3.1.6 (/opt/ros/humble/share/rosidl_generator_cpp/cmake)
[0.159s] -- Using all available rosidl_typesupport_c: rosidl_typesupport_fastrtps_c;rosidl_typesupport_introspection_c
[0.167s] -- Using all available rosidl_typesupport_cpp: rosidl_typesupport_fastrtps_cpp;rosidl_typesupport_introspection_cpp
[0.188s] -- Found rmw_implementation_cmake: 6.1.2 (/opt/ros/humble/share/rmw_implementation_cmake/cmake)
[0.188s] -- Found rmw_fastrtps_cpp: 6.2.7 (/opt/ros/humble/share/rmw_fastrtps_cpp/cmake)
[0.259s] -- Using RMW implementation 'rmw_fastrtps_cpp' as default
[0.292s] -- Found sensor_msgs: 4.8.0 (/opt/ros/humble/share/sensor_msgs/cmake)
[0.311s] -- Found rosidl_default_generators: 1.2.0 (/opt/ros/humble/share/rosidl_default_generators/cmake)
[0.557s] -- Found ament_cmake_ros: 0.10.0 (/opt/ros/humble/share/ament_cmake_ros/cmake)
[0.863s] -- Using all available rosidl_typesupport_c: rosidl_typesupport_fastrtps_c;rosidl_typesupport_introspection_c
[1.007s] -- Using all available rosidl_typesupport_cpp: rosidl_typesupport_fastrtps_cpp;rosidl_typesupport_introspection_cpp
[1.025s] -- Found python_cmake_module: 0.10.0 (/opt/ros/humble/share/python_cmake_module/cmake)
[1.044s] -- Using PYTHON_EXECUTABLE: /usr/bin/python3
[1.044s] -- Using PYTHON_INCLUDE_DIRS: /usr/include/python3.10
[1.044s] -- Using PYTHON_LIBRARIES: /usr/lib/x86_64-linux-gnu/libpython3.10.so
[1.055s] [0mCMake Deprecation Warning at /opt/ros/humble/share/rosidl_cmake/cmake/rosidl_target_interfaces.cmake:32 (message):
[1.055s]   Use rosidl_get_typesupport_target() and target_link_libraries() instead of
[1.055s]   rosidl_target_interfaces()
[1.055s] Call Stack (most recent call first):
[1.055s]   CMakeLists.txt:29 (rosidl_target_interfaces)
[1.055s] 
[1.055s] [0m
[1.055s] [0mCMake Deprecation Warning at /opt/ros/humble/share/rosidl_cmake/cmake/rosidl_target_interfaces.cmake:32 (message):
[1.055s]   Use rosidl_get_typesupport_target() and target_link_libraries() instead of
[1.055s]   rosidl_target_interfaces()
[1.055s] Call Stack (most recent call first):
[1.055s]   CMakeLists.txt:35 (rosidl_target_interfaces)
[1.055s] 
[1.055s] [0m
[1.060s] -- Configuring done
[1.086s] -- Generating done
[1.095s] -- Build files have been written to: /home/alves/ros2_ws/build/robot_ras_decision
[1.118s] [  2%] [34m[1mGenerating C code for ROS interfaces[0m
[1.127s] [  4%] [34m[1mGenerating C++ code for ROS interfaces[0m
[1.133s] [  4%] Built target ament_cmake_python_symlink_robot_ras_decision
[1.306s] running egg_info
[1.306s] writing robot_ras_decision.egg-info/PKG-INFO
[1.307s] writing dependency_links to robot_ras_decision.egg-info/dependency_links.txt
[1.307s] writing top-level names to robot_ras_decision.egg-info/top_level.txt
[1.308s] reading manifest file 'robot_ras_decision.egg-info/SOURCES.txt'
[1.309s] writing manifest file 'robot_ras_decision.egg-info/SOURCES.txt'
[1.330s] [  4%] Built target ament_cmake_python_build_robot_ras_decision_egg
[1.369s] [35m[1mConsolidate compiler generated dependencies of target robot_ras_decision__rosidl_generator_c[0m
[1.373s] [  4%] Built target robot_ras_decision__cpp
[1.381s] [  6%] [32mBuilding C object CMakeFiles/robot_ras_decision__rosidl_generator_c.dir/rosidl_generator_c/robot_ras_decision/msg/detail/movement__functions.c.o[0m
[1.381s] [  9%] [32mBuilding C object CMakeFiles/robot_ras_decision__rosidl_generator_c.dir/rosidl_generator_c/robot_ras_decision/srv/detail/set_velocity__functions.c.o[0m
[1.383s] [ 11%] [34m[1mGenerating C++ introspection for ROS interfaces[0m
[1.383s] [ 13%] [34m[1mGenerating C++ type support dispatch for ROS interfaces[0m
[1.384s] [ 16%] [34m[1mGenerating C++ type support for eProsima Fast-RTPS[0m
[1.428s] [ 18%] [32m[1mLinking C shared library librobot_ras_decision__rosidl_generator_c.so[0m
[1.459s] [ 18%] Built target robot_ras_decision__rosidl_generator_c
[1.467s] [ 23%] [34m[1mGenerating C type support for eProsima Fast-RTPS[0m
[1.467s] [ 23%] [34m[1mGenerating C introspection for ROS interfaces[0m
[1.468s] [ 25%] [34m[1mGenerating C type support dispatch for ROS interfaces[0m
[1.580s] [35m[1mConsolidate compiler generated dependencies of target robot_ras_decision__rosidl_typesupport_cpp[0m
[1.591s] [ 27%] [32mBuilding CXX object CMakeFiles/robot_ras_decision__rosidl_typesupport_cpp.dir/rosidl_typesupport_cpp/robot_ras_decision/srv/set_velocity__type_support.cpp.o[0m
[1.593s] [ 30%] [32mBuilding CXX object CMakeFiles/robot_ras_decision__rosidl_typesupport_cpp.dir/rosidl_typesupport_cpp/robot_ras_decision/msg/movement__type_support.cpp.o[0m
[1.608s] [35m[1mConsolidate compiler generated dependencies of target robot_ras_decision__rosidl_typesupport_introspection_cpp[0m
[1.617s] [ 32%] [32mBuilding CXX object CMakeFiles/robot_ras_decision__rosidl_typesupport_introspection_cpp.dir/rosidl_typesupport_introspection_cpp/robot_ras_decision/msg/detail/movement__type_support.cpp.o[0m
[1.618s] [35m[1mConsolidate compiler generated dependencies of target robot_ras_decision__rosidl_typesupport_fastrtps_cpp[0m
[1.621s] [ 34%] [32mBuilding CXX object CMakeFiles/robot_ras_decision__rosidl_typesupport_introspection_cpp.dir/rosidl_typesupport_introspection_cpp/robot_ras_decision/srv/detail/set_velocity__type_support.cpp.o[0m
[1.631s] [ 39%] [32mBuilding CXX object CMakeFiles/robot_ras_decision__rosidl_typesupport_fastrtps_cpp.dir/rosidl_typesupport_fastrtps_cpp/robot_ras_decision/srv/detail/dds_fastrtps/set_velocity__type_support.cpp.o[0m
[1.631s] [ 39%] [32mBuilding CXX object CMakeFiles/robot_ras_decision__rosidl_typesupport_fastrtps_cpp.dir/rosidl_typesupport_fastrtps_cpp/robot_ras_decision/msg/detail/dds_fastrtps/movement__type_support.cpp.o[0m
[1.684s] [35m[1mConsolidate compiler generated dependencies of target robot_ras_decision__rosidl_typesupport_fastrtps_c[0m
[1.697s] [ 44%] [32mBuilding CXX object CMakeFiles/robot_ras_decision__rosidl_typesupport_fastrtps_c.dir/rosidl_typesupport_fastrtps_c/robot_ras_decision/msg/detail/movement__type_support_c.cpp.o[0m
[1.697s] [ 44%] [32mBuilding CXX object CMakeFiles/robot_ras_decision__rosidl_typesupport_fastrtps_c.dir/rosidl_typesupport_fastrtps_c/robot_ras_decision/srv/detail/set_velocity__type_support_c.cpp.o[0m
[1.724s] [35m[1mConsolidate compiler generated dependencies of target robot_ras_decision__rosidl_typesupport_introspection_c[0m
[1.737s] [ 46%] [32mBuilding C object CMakeFiles/robot_ras_decision__rosidl_typesupport_introspection_c.dir/rosidl_typesupport_introspection_c/robot_ras_decision/msg/detail/movement__type_support.c.o[0m
[1.738s] [ 48%] [32mBuilding C object CMakeFiles/robot_ras_decision__rosidl_typesupport_introspection_c.dir/rosidl_typesupport_introspection_c/robot_ras_decision/srv/detail/set_velocity__type_support.c.o[0m
[1.775s] [35m[1mConsolidate compiler generated dependencies of target robot_ras_decision__rosidl_typesupport_c[0m
[1.779s] [ 51%] [32m[1mLinking C shared library librobot_ras_decision__rosidl_typesupport_introspection_c.so[0m
[1.786s] [ 53%] [32mBuilding CXX object CMakeFiles/robot_ras_decision__rosidl_typesupport_c.dir/rosidl_typesupport_c/robot_ras_decision/msg/movement__type_support.cpp.o[0m
[1.788s] [ 55%] [32mBuilding CXX object CMakeFiles/robot_ras_decision__rosidl_typesupport_c.dir/rosidl_typesupport_c/robot_ras_decision/srv/set_velocity__type_support.cpp.o[0m
[1.813s] [ 55%] Built target robot_ras_decision__rosidl_typesupport_introspection_c
[1.822s] [ 58%] [32m[1mLinking CXX shared library librobot_ras_decision__rosidl_typesupport_c.so[0m
[1.864s] [ 58%] Built target robot_ras_decision__rosidl_typesupport_c
[1.887s] [ 60%] [32m[1mLinking CXX shared library librobot_ras_decision__rosidl_typesupport_cpp.so[0m
[1.921s] [ 60%] Built target robot_ras_decision__rosidl_typesupport_cpp
[1.969s] [ 62%] [32m[1mLinking CXX shared library librobot_ras_decision__rosidl_typesupport_fastrtps_c.so[0m
[1.996s] [ 65%] [32m[1mLinking CXX shared library librobot_ras_decision__rosidl_typesupport_introspection_cpp.so[0m
[2.049s] [ 65%] Built target robot_ras_decision__rosidl_typesupport_fastrtps_c
[2.053s] [ 67%] [32m[1mLinking CXX shared library librobot_ras_decision__rosidl_typesupport_fastrtps_cpp.so[0m
[2.053s] [ 67%] Built target robot_ras_decision__rosidl_typesupport_introspection_cpp
[2.112s] [ 67%] Built target robot_ras_decision__rosidl_typesupport_fastrtps_cpp
[2.127s] [ 67%] Built target robot_ras_decision
[2.136s] [35m[1mConsolidate compiler generated dependencies of target MotorControllerNode[0m
[2.137s] [35m[1mConsolidate compiler generated dependencies of target DecisionNode[0m
[2.145s] [ 69%] [34m[1mGenerating Python code for ROS interfaces[0m
[2.148s] [ 72%] [32mBuilding CXX object CMakeFiles/MotorControllerNode.dir/src/motor_controller_node.cpp.o[0m
[2.152s] [ 74%] [32mBuilding CXX object CMakeFiles/DecisionNode.dir/src/decision_node.cpp.o[0m
[2.481s] [ 74%] Built target robot_ras_decision__py
[2.491s] [35m[1mConsolidate compiler generated dependencies of target robot_ras_decision__rosidl_generator_py[0m
[2.502s] [ 76%] [32mBuilding C object CMakeFiles/robot_ras_decision__rosidl_generator_py.dir/rosidl_generator_py/robot_ras_decision/msg/_movement_s.c.o[0m
[2.502s] [ 79%] [32mBuilding C object CMakeFiles/robot_ras_decision__rosidl_generator_py.dir/rosidl_generator_py/robot_ras_decision/srv/_set_velocity_s.c.o[0m
[2.594s] [ 81%] [32m[1mLinking C shared library rosidl_generator_py/robot_ras_decision/librobot_ras_decision__rosidl_generator_py.so[0m
[2.631s] [ 81%] Built target robot_ras_decision__rosidl_generator_py
[2.641s] [35m[1mConsolidate compiler generated dependencies of target robot_ras_decision__rosidl_typesupport_introspection_c__pyext[0m
[2.641s] [35m[1mConsolidate compiler generated dependencies of target robot_ras_decision__rosidl_typesupport_fastrtps_c__pyext[0m
[2.642s] [35m[1mConsolidate compiler generated dependencies of target robot_ras_decision__rosidl_typesupport_c__pyext[0m
[2.650s] [ 83%] [32mBuilding C object CMakeFiles/robot_ras_decision__rosidl_typesupport_fastrtps_c__pyext.dir/rosidl_generator_py/robot_ras_decision/_robot_ras_decision_s.ep.rosidl_typesupport_fastrtps_c.c.o[0m
[2.653s] [ 86%] [32mBuilding C object CMakeFiles/robot_ras_decision__rosidl_typesupport_c__pyext.dir/rosidl_generator_py/robot_ras_decision/_robot_ras_decision_s.ep.rosidl_typesupport_c.c.o[0m
[2.653s] [ 88%] [32mBuilding C object CMakeFiles/robot_ras_decision__rosidl_typesupport_introspection_c__pyext.dir/rosidl_generator_py/robot_ras_decision/_robot_ras_decision_s.ep.rosidl_typesupport_introspection_c.c.o[0m
[2.724s] [ 90%] [32m[1mLinking C shared library rosidl_generator_py/robot_ras_decision/robot_ras_decision_s__rosidl_typesupport_fastrtps_c.cpython-310-x86_64-linux-gnu.so[0m
[2.724s] [ 93%] [32m[1mLinking C shared library rosidl_generator_py/robot_ras_decision/robot_ras_decision_s__rosidl_typesupport_c.cpython-310-x86_64-linux-gnu.so[0m
[2.752s] [ 93%] Built target robot_ras_decision__rosidl_typesupport_c__pyext
[2.752s] [ 93%] Built target robot_ras_decision__rosidl_typesupport_fastrtps_c__pyext
[2.774s] [ 95%] [32m[1mLinking C shared library rosidl_generator_py/robot_ras_decision/robot_ras_decision_s__rosidl_typesupport_introspection_c.cpython-310-x86_64-linux-gnu.so[0m
[2.807s] [ 95%] Built target robot_ras_decision__rosidl_typesupport_introspection_c__pyext
[3.995s] [01m[K/home/alves/ros2_ws/src/robot_ras_decision/src/motor_controller_node.cpp:80:64:[m[K [01;31m[Kerror: [m[Kâ€˜[01m[Ksrv[m[Kâ€™ is not a member of â€˜[01m[Krobot_ras_decision[m[Kâ€™; did you mean â€˜[01m[Krcl_interfaces::srv[m[Kâ€™?
[3.995s]    80 |     void setVelocity(const std::shared_ptr<robot_ras_decision::[01;31m[Ksrv[m[K::SetVelocity::Request> &request,
[3.995s]       |                                                                [01;31m[K^~~[m[K
[3.995s] In file included from [01m[K/opt/ros/humble/include/rcl_interfaces/rcl_interfaces/srv/describe_parameters.hpp:7[m[K,
[3.995s]                  from [01m[K/opt/ros/humble/include/rclcpp/rclcpp/parameter_client.hpp:28[m[K,
[3.995s]                  from [01m[K/opt/ros/humble/include/rclcpp/rclcpp/rclcpp.hpp:159[m[K,
[3.995s]                  from [01m[K/home/alves/ros2_ws/src/robot_ras_decision/src/motor_controller_node.cpp:6[m[K:
[3.995s] [01m[K/opt/ros/humble/include/rcl_interfaces/rcl_interfaces/srv/detail/describe_parameters__struct.hpp:27:11:[m[K [01;36m[Knote: [m[Kâ€˜[01m[Krcl_interfaces::srv[m[Kâ€™ declared here
[3.995s]    27 | namespace [01;36m[Ksrv[m[K
[3.995s]       |           [01;36m[K^~~[m[K
[3.995s] [01m[K/home/alves/ros2_ws/src/robot_ras_decision/src/motor_controller_node.cpp:80:89:[m[K [01;31m[Kerror: [m[Ktemplate argument 1 is invalid
[3.995s]    80 |     void setVelocity(const std::shared_ptr<robot_ras_decision::srv::SetVelocity::Request[01;31m[K>[m[K &request,
[3.995s]       |                                                                                         [01;31m[K^[m[K
[3.995s] [01m[K/home/alves/ros2_ws/src/robot_ras_decision/src/motor_controller_node.cpp:80:64:[m[K [01;31m[Kerror: [m[Kâ€˜[01m[Ksrv[m[Kâ€™ is not a member of â€˜[01m[Krobot_ras_decision[m[Kâ€™; did you mean â€˜[01m[Krcl_interfaces::srv[m[Kâ€™?
[3.995s]    80 |     void setVelocity(const std::shared_ptr<robot_ras_decision::[01;31m[Ksrv[m[K::SetVelocity::Request> &request,
[3.995s]       |                                                                [01;31m[K^~~[m[K
[3.995s] In file included from [01m[K/opt/ros/humble/include/rcl_interfaces/rcl_interfaces/srv/describe_parameters.hpp:7[m[K,
[3.995s]                  from [01m[K/opt/ros/humble/include/rclcpp/rclcpp/parameter_client.hpp:28[m[K,
[3.995s]                  from [01m[K/opt/ros/humble/include/rclcpp/rclcpp/rclcpp.hpp:159[m[K,
[3.995s]                  from [01m[K/home/alves/ros2_ws/src/robot_ras_decision/src/motor_controller_node.cpp:6[m[K:
[3.996s] [01m[K/opt/ros/humble/include/rcl_interfaces/rcl_interfaces/srv/detail/describe_parameters__struct.hpp:27:11:[m[K [01;36m[Knote: [m[Kâ€˜[01m[Krcl_interfaces::srv[m[Kâ€™ declared here
[3.996s]    27 | namespace [01;36m[Ksrv[m[K
[3.996s]       |           [01;36m[K^~~[m[K
[3.996s] [01m[K/home/alves/ros2_ws/src/robot_ras_decision/src/motor_controller_node.cpp:80:89:[m[K [01;31m[Kerror: [m[Ktemplate argument 1 is invalid
[3.996s]    80 |     void setVelocity(const std::shared_ptr<robot_ras_decision::srv::SetVelocity::Request[01;31m[K>[m[K &request,
[3.996s]       |                                                                                         [01;31m[K^[m[K
[3.996s] [01m[K/home/alves/ros2_ws/src/robot_ras_decision/src/motor_controller_node.cpp:80:64:[m[K [01;31m[Kerror: [m[Kâ€˜[01m[Ksrv[m[Kâ€™ is not a member of â€˜[01m[Krobot_ras_decision[m[Kâ€™; did you mean â€˜[01m[Krcl_interfaces::srv[m[Kâ€™?
[3.996s]    80 |     void setVelocity(const std::shared_ptr<robot_ras_decision::[01;31m[Ksrv[m[K::SetVelocity::Request> &request,
[3.996s]       |                                                                [01;31m[K^~~[m[K
[3.996s] In file included from [01m[K/opt/ros/humble/include/rcl_interfaces/rcl_interfaces/srv/describe_parameters.hpp:7[m[K,
[3.996s]                  from [01m[K/opt/ros/humble/include/rclcpp/rclcpp/parameter_client.hpp:28[m[K,
[3.996s]                  from [01m[K/opt/ros/humble/include/rclcpp/rclcpp/rclcpp.hpp:159[m[K,
[3.996s]                  from [01m[K/home/alves/ros2_ws/src/robot_ras_decision/src/motor_controller_node.cpp:6[m[K:
[3.996s] [01m[K/opt/ros/humble/include/rcl_interfaces/rcl_interfaces/srv/detail/describe_parameters__struct.hpp:27:11:[m[K [01;36m[Knote: [m[Kâ€˜[01m[Krcl_interfaces::srv[m[Kâ€™ declared here
[3.996s]    27 | namespace [01;36m[Ksrv[m[K
[3.996s]       |           [01;36m[K^~~[m[K
[3.996s] [01m[K/home/alves/ros2_ws/src/robot_ras_decision/src/motor_controller_node.cpp:80:89:[m[K [01;31m[Kerror: [m[Ktemplate argument 1 is invalid
[3.996s]    80 |     void setVelocity(const std::shared_ptr<robot_ras_decision::srv::SetVelocity::Request[01;31m[K>[m[K &request,
[3.996s]       |                                                                                         [01;31m[K^[m[K
[3.996s] [01m[K/home/alves/ros2_ws/src/robot_ras_decision/src/motor_controller_node.cpp:80:28:[m[K [01;31m[Kerror: [m[Kinvalid template-id
[3.996s]    80 |     void setVelocity(const [01;31m[Kstd[m[K::shared_ptr<robot_ras_decision::srv::SetVelocity::Request> &request,
[3.996s]       |                            [01;31m[K^~~[m[K
[3.996s] [01m[K/home/alves/ros2_ws/src/robot_ras_decision/src/motor_controller_node.cpp:80:64:[m[K [01;31m[Kerror: [m[Kâ€˜[01m[Krobot_ras_decision::srv[m[Kâ€™ has not been declared
[3.996s]    80 |     void setVelocity(const std::shared_ptr<robot_ras_decision::[01;31m[Ksrv[m[K::SetVelocity::Request> &request,
[3.996s]       |                                                                [01;31m[K^~~[m[K
[3.996s] [01m[K/home/alves/ros2_ws/src/robot_ras_decision/src/motor_controller_node.cpp:80:22:[m[K [01;31m[Kerror: [m[Ktemplate placeholder type â€˜[01m[Kconst shared_ptr<...auto...>[m[Kâ€™ must be followed by a simple declarator-id
[3.996s]    80 |     void setVelocity([01;31m[Kconst[m[K std::shared_ptr<robot_ras_decision::srv::SetVelocity::Request> &request,
[3.996s]       |                      [01;31m[K^~~~~[m[K
[3.996s] In file included from [01m[K/usr/include/c++/11/bits/shared_ptr.h:53[m[K,
[3.996s]                  from [01m[K/usr/include/c++/11/memory:77[m[K,
[3.996s]                  from [01m[K/home/alves/ros2_ws/src/robot_ras_decision/src/motor_controller_node.cpp:2[m[K:
[3.996s] [01m[K/usr/include/c++/11/bits/shared_ptr_base.h:319:11:[m[K [01;36m[Knote: [m[Kâ€˜[01m[Ktemplate<class _Tp> class std::shared_ptr[m[Kâ€™ declared here
[3.996s]   319 |     class [01;36m[Kshared_ptr[m[K;
[3.997s]       |           [01;36m[K^~~~~~~~~~[m[K
[3.997s] [01m[K/home/alves/ros2_ws/src/robot_ras_decision/src/motor_controller_node.cpp:80:99:[m[K [01;31m[Kerror: [m[Kexpected â€˜[01m[K)[m[Kâ€™ before â€˜[01m[K,[m[Kâ€™ token
[3.997s]    80 |     void setVelocity[34m[K([m[Kconst std::shared_ptr<robot_ras_decision::srv::SetVelocity::Request> &request[01;31m[K,[m[K
[3.997s]       |                     [34m[K~[m[K                                                                             [01;31m[K^[m[K
[3.997s]       |                                                                                                   [32m[K)[m[K
[3.997s] [01m[K/home/alves/ros2_ws/src/robot_ras_decision/src/motor_controller_node.cpp:81:47:[m[K [01;31m[Kerror: [m[Kâ€˜[01m[Ksrv[m[Kâ€™ is not a member of â€˜[01m[Krobot_ras_decision[m[Kâ€™; did you mean â€˜[01m[Krcl_interfaces::srv[m[Kâ€™?
[3.997s]    81 |           std::shared_ptr<robot_ras_decision::[01;31m[Ksrv[m[K::SetVelocity::Response>      response) {
[3.997s]       |                                               [01;31m[K^~~[m[K
[3.997s] In file included from [01m[K/opt/ros/humble/include/rcl_interfaces/rcl_interfaces/srv/describe_parameters.hpp:7[m[K,
[3.997s]                  from [01m[K/opt/ros/humble/include/rclcpp/rclcpp/parameter_client.hpp:28[m[K,
[3.997s]                  from [01m[K/opt/ros/humble/include/rclcpp/rclcpp/rclcpp.hpp:159[m[K,
[3.997s]                  from [01m[K/home/alves/ros2_ws/src/robot_ras_decision/src/motor_controller_node.cpp:6[m[K:
[3.997s] [01m[K/opt/ros/humble/include/rcl_interfaces/rcl_interfaces/srv/detail/describe_parameters__struct.hpp:27:11:[m[K [01;36m[Knote: [m[Kâ€˜[01m[Krcl_interfaces::srv[m[Kâ€™ declared here
[3.997s]    27 | namespace [01;36m[Ksrv[m[K
[3.997s]       |           [01;36m[K^~~[m[K
[3.997s] [01m[K/home/alves/ros2_ws/src/robot_ras_decision/src/motor_controller_node.cpp:81:73:[m[K [01;31m[Kerror: [m[Ktemplate argument 1 is invalid
[3.997s]    81 |           std::shared_ptr<robot_ras_decision::srv::SetVelocity::Response[01;31m[K>[m[K      response) {
[3.997s]       |                                                                         [01;31m[K^[m[K
[4.044s] [01m[K/home/alves/ros2_ws/src/robot_ras_decision/src/motor_controller_node.cpp:[m[K In constructor â€˜[01m[KMotorControllerNode::MotorControllerNode()[m[Kâ€™:
[4.044s] [01m[K/home/alves/ros2_ws/src/robot_ras_decision/src/motor_controller_node.cpp:25:54:[m[K [01;31m[Kerror: [m[Kâ€˜[01m[Kvelocidade_angular_[m[Kâ€™ was not declared in this scope; did you mean â€˜[01m[Kvelocidade_linear_[m[Kâ€™?
[4.044s]    25 |       this -> get_parameter (" velocidade_angular ", [01;31m[Kvelocidade_angular_[m[K ) ;
[4.044s]       |                                                      [01;31m[K^~~~~~~~~~~~~~~~~~~[m[K
[4.044s]       |                                                      [32m[Kvelocidade_linear_[m[K
[4.045s] [01m[K/home/alves/ros2_ws/src/robot_ras_decision/src/motor_controller_node.cpp:[m[K In member function â€˜[01m[Kvoid MotorControllerNode::movement_callback(const Movement&) const[m[Kâ€™:
[4.045s] [01m[K/home/alves/ros2_ws/src/robot_ras_decision/src/motor_controller_node.cpp:32:12:[m[K [01;31m[Kerror: [m[Kâ€˜[01m[Kfloat32[m[Kâ€™ is not a member of â€˜[01m[Kstd[m[Kâ€™; did you mean â€˜[01m[Kfloat_t[m[Kâ€™?
[4.045s]    32 |       std::[01;31m[Kfloat32[m[K angulo = movimento.angulo;
[4.045s]       |            [01;31m[K^~~~~~~[m[K
[4.045s]       |            [32m[Kfloat_t[m[K
[4.046s] [01m[K/home/alves/ros2_ws/src/robot_ras_decision/src/motor_controller_node.cpp:33:12:[m[K [01;31m[Kerror: [m[Kâ€˜[01m[Kfloat32[m[Kâ€™ is not a member of â€˜[01m[Kstd[m[Kâ€™; did you mean â€˜[01m[Kfloat_t[m[Kâ€™?
[4.046s]    33 |       std::[01;31m[Kfloat32[m[K distancia = movimento.distancia;
[4.046s]       |            [01;31m[K^~~~~~~[m[K
[4.046s]       |            [32m[Kfloat_t[m[K
[4.046s] [01m[K/home/alves/ros2_ws/src/robot_ras_decision/src/motor_controller_node.cpp:35:45:[m[K [01;31m[Kerror: [m[Kcannot convert â€˜[01m[Krclcpp::Time[m[Kâ€™ to â€˜[01m[Kfloat[m[Kâ€™ in initialization
[4.046s]    35 |       float tempoAtual = [01;31m[Krclcpp::Clock().now()[m[K;
[4.046s]       |                          [01;31m[K~~~~~~~~~~~~~~~~~~~^~[m[K
[4.046s]       |                                             [01;31m[K|[m[K
[4.046s]       |                                             [01;31m[Krclcpp::Time[m[K
[4.050s] [01m[K/home/alves/ros2_ws/src/robot_ras_decision/src/motor_controller_node.cpp:38:32:[m[K [01;31m[Kerror: [m[Kâ€˜[01m[Kvelocidade_linear[m[Kâ€™ was not declared in this scope; did you mean â€˜[01m[Kvelocidade_linear_[m[Kâ€™?
[4.050s]    38 |       velocidade_angular = 2 * [01;31m[Kvelocidade_linear[m[K;
[4.050s]       |                                [01;31m[K^~~~~~~~~~~~~~~~~[m[K
[4.050s]       |                                [32m[Kvelocidade_linear_[m[K
[4.050s] [01m[K/home/alves/ros2_ws/src/robot_ras_decision/src/motor_controller_node.cpp:41:19:[m[K [01;31m[Kerror: [m[Kbase operand of â€˜[01m[K->[m[Kâ€™ has non-pointer type â€˜[01m[Kconst Movement[m[Kâ€™ {aka â€˜[01m[Kconst robot_ras_decision::msg::Movement_<std::allocator<void> >[m[Kâ€™}
[4.050s]    41 |       if(movimento[01;31m[K->[m[Kdirecao = "front") {
[4.050s]       |                   [01;31m[K^~[m[K
[4.056s] [01m[K/home/alves/ros2_ws/src/robot_ras_decision/src/motor_controller_node.cpp:42:21:[m[K [01;31m[Kerror: [m[Kâ€˜[01m[Kdistancia[m[Kâ€™ was not declared in this scope
[4.056s]    42 |         tempoExec = [01;31m[Kdistancia[m[K/velocidade_linear_;
[4.056s]       |                     [01;31m[K^~~~~~~~~[m[K
[4.056s] [01m[K/home/alves/ros2_ws/src/robot_ras_decision/src/motor_controller_node.cpp:47:26:[m[K [01;31m[Kerror: [m[Kbase operand of â€˜[01m[K->[m[Kâ€™ has non-pointer type â€˜[01m[Kconst Movement[m[Kâ€™ {aka â€˜[01m[Kconst robot_ras_decision::msg::Movement_<std::allocator<void> >[m[Kâ€™}
[4.056s]    47 |       } else if(movimento[01;31m[K->[m[Kdirecao = "rear") {
[4.056s]       |                          [01;31m[K^~[m[K
[4.061s] [01m[K/home/alves/ros2_ws/src/robot_ras_decision/src/motor_controller_node.cpp:48:21:[m[K [01;31m[Kerror: [m[Kâ€˜[01m[Kdistancia[m[Kâ€™ was not declared in this scope
[4.062s]    48 |         tempoExec = [01;31m[Kdistancia[m[K/velocidade_linear_;
[4.062s]       |                     [01;31m[K^~~~~~~~~[m[K
[4.062s] [01m[K/home/alves/ros2_ws/src/robot_ras_decision/src/motor_controller_node.cpp:53:26:[m[K [01;31m[Kerror: [m[Kbase operand of â€˜[01m[K->[m[Kâ€™ has non-pointer type â€˜[01m[Kconst Movement[m[Kâ€™ {aka â€˜[01m[Kconst robot_ras_decision::msg::Movement_<std::allocator<void> >[m[Kâ€™}
[4.062s]    53 |       } else if(movimento[01;31m[K->[m[Kdirecao = "left") {
[4.062s]       |                          [01;31m[K^~[m[K
[4.062s] [01m[K/home/alves/ros2_ws/src/robot_ras_decision/src/motor_controller_node.cpp:54:32:[m[K [01;31m[Kerror: [m[Kbase operand of â€˜[01m[K->[m[Kâ€™ has non-pointer type â€˜[01m[Kconst Movement[m[Kâ€™ {aka â€˜[01m[Kconst robot_ras_decision::msg::Movement_<std::allocator<void> >[m[Kâ€™}
[4.062s]    54 |         tempoExec = -(movimento[01;31m[K->[m[Kangulo/velocidade_angular);
[4.062s]       |                                [01;31m[K^~[m[K
[4.062s] [01m[K/home/alves/ros2_ws/src/robot_ras_decision/src/motor_controller_node.cpp:59:21:[m[K [01;31m[Kerror: [m[Kbase operand of â€˜[01m[K->[m[Kâ€™ has non-pointer type â€˜[01m[Kconst Movement[m[Kâ€™ {aka â€˜[01m[Kconst robot_ras_decision::msg::Movement_<std::allocator<void> >[m[Kâ€™}
[4.062s]    59 |       } if(movimento[01;31m[K->[m[Kdirecao = "left") {
[4.062s]       |                     [01;31m[K^~[m[K
[4.062s] [01m[K/home/alves/ros2_ws/src/robot_ras_decision/src/motor_controller_node.cpp:60:32:[m[K [01;31m[Kerror: [m[Kbase operand of â€˜[01m[K->[m[Kâ€™ has non-pointer type â€˜[01m[Kconst Movement[m[Kâ€™ {aka â€˜[01m[Kconst robot_ras_decision::msg::Movement_<std::allocator<void> >[m[Kâ€™}
[4.062s]    60 |         tempoExec = -(movimento[01;31m[K->[m[Kangulo/velocidade_angular);
[4.062s]       |                                [01;31m[K^~[m[K
[4.063s] [01m[K/home/alves/ros2_ws/src/robot_ras_decision/src/motor_controller_node.cpp:[m[K In function â€˜[01m[Kint main(int, char**)[m[Kâ€™:
[4.063s] [01m[K/home/alves/ros2_ws/src/robot_ras_decision/src/motor_controller_node.cpp:101:39:[m[K [01;31m[Kerror: [m[Kâ€˜[01m[Ksrv[m[Kâ€™ is not a member of â€˜[01m[Krobot_ras_decision[m[Kâ€™; did you mean â€˜[01m[Krcl_interfaces::srv[m[Kâ€™?
[4.063s]   101 |   rclcpp::Service<robot_ras_decision::[01;31m[Ksrv[m[K::SetVelocity>::SharedPtr setVelocity =
[4.063s]       |                                       [01;31m[K^~~[m[K
[4.063s] In file included from [01m[K/opt/ros/humble/include/rcl_interfaces/rcl_interfaces/srv/describe_parameters.hpp:7[m[K,
[4.063s]                  from [01m[K/opt/ros/humble/include/rclcpp/rclcpp/parameter_client.hpp:28[m[K,
[4.063s]                  from [01m[K/opt/ros/humble/include/rclcpp/rclcpp/rclcpp.hpp:159[m[K,
[4.063s]                  from [01m[K/home/alves/ros2_ws/src/robot_ras_decision/src/motor_controller_node.cpp:6[m[K:
[4.063s] [01m[K/opt/ros/humble/include/rcl_interfaces/rcl_interfaces/srv/detail/describe_parameters__struct.hpp:27:11:[m[K [01;36m[Knote: [m[Kâ€˜[01m[Krcl_interfaces::srv[m[Kâ€™ declared here
[4.063s]    27 | namespace [01;36m[Ksrv[m[K
[4.063s]       |           [01;36m[K^~~[m[K
[4.063s] [01m[K/home/alves/ros2_ws/src/robot_ras_decision/src/motor_controller_node.cpp:101:55:[m[K [01;31m[Kerror: [m[Ktemplate argument 1 is invalid
[4.063s]   101 |   rclcpp::Service<robot_ras_decision::srv::SetVelocity[01;31m[K>[m[K::SharedPtr setVelocity =
[4.063s]       |                                                       [01;31m[K^[m[K
[4.063s] [01m[K/home/alves/ros2_ws/src/robot_ras_decision/src/motor_controller_node.cpp:101:68:[m[K [01;31m[Kerror: [m[Kqualified-id in declaration before â€˜[01m[KsetVelocity[m[Kâ€™
[4.063s]   101 |   rclcpp::Service<robot_ras_decision::srv::SetVelocity>::SharedPtr [01;31m[KsetVelocity[m[K =
[4.063s]       |                                                                    [01;31m[K^~~~~~~~~~~[m[K
[6.078s] gmake[2]: *** [CMakeFiles/MotorControllerNode.dir/build.make:76: CMakeFiles/MotorControllerNode.dir/src/motor_controller_node.cpp.o] Erro 1
[6.079s] gmake[1]: *** [CMakeFiles/Makefile2:596: CMakeFiles/MotorControllerNode.dir/all] Erro 2
[6.079s] gmake[1]: ** Esperando que outros processos terminem.
[8.572s] [ 97%] [32m[1mLinking CXX executable DecisionNode[0m
[8.879s] [ 97%] Built target DecisionNode
[8.880s] gmake: *** [Makefile:146: all] Erro 2
[8.883s] Invoked command in '/home/alves/ros2_ws/build/robot_ras_decision' returned '2': CMAKE_PREFIX_PATH=/opt/ros/humble /usr/bin/cmake --build /home/alves/ros2_ws/build/robot_ras_decision -- -j16 -l16
