[0.010s] Invoking command in '/home/alves/ros2_ws/build/robot_ras_decision': CMAKE_PREFIX_PATH=/opt/ros/humble /usr/bin/cmake --build /home/alves/ros2_ws/build/robot_ras_decision -- -j16 -l16
[0.079s] [35m[1mConsolidate compiler generated dependencies of target MovementControl[0m
[0.079s] [35m[1mConsolidate compiler generated dependencies of target Manager[0m
[0.095s] [ 50%] [32mBuilding CXX object CMakeFiles/MovementControl.dir/src/movement_control.cpp.o[0m
[0.095s] [ 50%] [32mBuilding CXX object CMakeFiles/Manager.dir/src/manager.cpp.o[0m
[1.682s] [01m[K/home/alves/ros2_ws/src/robot_ras_decision/src/manager.cpp:63:74:[m[K [01;31m[Kerror: [m[Kexpected â€˜[01m[K,[m[Kâ€™ or â€˜[01m[K...[m[Kâ€™ before â€˜[01m[K&[m[Kâ€™ token
[1.682s]    63 |         void movement_callback(const sensor_msgs::msg::Range distancia[] [01;31m[K&[m[K msg) const
[1.682s]       |                                                                          [01;31m[K^[m[K
[1.688s] [01m[K/home/alves/ros2_ws/src/robot_ras_decision/src/manager.cpp:[m[K In member function â€˜[01m[Kvoid Manager::sub_front_callback(const Range&) const[m[Kâ€™:
[1.688s] [01m[K/home/alves/ros2_ws/src/robot_ras_decision/src/manager.cpp:37:59:[m[K [01;31m[Kerror: [m[Kâ€˜[01m[Kconst Range[m[Kâ€™ {aka â€˜[01m[Kconst struct sensor_msgs::msg::Range_<std::allocator<void> >[m[Kâ€™} has no member named â€˜[01m[Kdata[m[Kâ€™
[1.688s]    37 |             sensor_msgs::msg::Range distancia_front = msg.[01;31m[Kdata[m[K;
[1.688s]       |                                                           [01;31m[K^~~~[m[K
[1.688s] [01m[K/home/alves/ros2_ws/src/robot_ras_decision/src/manager.cpp:38:28:[m[K [01;31m[Kerror: [m[Kpassing â€˜[01m[Kconst Range[m[Kâ€™ {aka â€˜[01m[Kconst sensor_msgs::msg::Range_<std::allocator<void> >[m[Kâ€™} as â€˜[01m[Kthis[m[Kâ€™ argument discards qualifiers [[01;31m[K]8;;https://gcc.gnu.org/onlinedocs/gcc/Warning-Options.html#index-fpermissive-fpermissive]8;;[m[K]
[1.689s]    38 |             distancia[0] = [01;31m[Kdistancia_front[m[K;
[1.689s]       |                            [01;31m[K^~~~~~~~~~~~~~~[m[K
[1.689s] In file included from [01m[K/opt/ros/humble/include/sensor_msgs/sensor_msgs/msg/range.hpp:7[m[K,
[1.689s]                  from [01m[K/home/alves/ros2_ws/src/robot_ras_decision/src/manager.cpp:8[m[K:
[1.689s] [01m[K/opt/ros/humble/include/sensor_msgs/sensor_msgs/msg/detail/range__struct.hpp:36:8:[m[K [01;36m[Knote: [m[K  in call to â€˜[01m[Ksensor_msgs::msg::Range_<std::allocator<void> >& sensor_msgs::msg::Range_<std::allocator<void> >::operator=(const sensor_msgs::msg::Range_<std::allocator<void> >&)[m[Kâ€™
[1.689s]    36 | struct [01;36m[KRange_[m[K
[1.689s]       |        [01;36m[K^~~~~~[m[K
[1.689s] [01m[K/home/alves/ros2_ws/src/robot_ras_decision/src/manager.cpp:[m[K In member function â€˜[01m[Kvoid Manager::sub_rear_callback(const Range&) const[m[Kâ€™:
[1.689s] [01m[K/home/alves/ros2_ws/src/robot_ras_decision/src/manager.cpp:45:28:[m[K [01;31m[Kerror: [m[Kpassing â€˜[01m[Kconst Range[m[Kâ€™ {aka â€˜[01m[Kconst sensor_msgs::msg::Range_<std::allocator<void> >[m[Kâ€™} as â€˜[01m[Kthis[m[Kâ€™ argument discards qualifiers [[01;31m[K]8;;https://gcc.gnu.org/onlinedocs/gcc/Warning-Options.html#index-fpermissive-fpermissive]8;;[m[K]
[1.689s]    45 |             distancia[1] = [01;31m[Kdistancia_rear[m[K;
[1.689s]       |                            [01;31m[K^~~~~~~~~~~~~~[m[K
[1.689s] In file included from [01m[K/opt/ros/humble/include/sensor_msgs/sensor_msgs/msg/range.hpp:7[m[K,
[1.689s]                  from [01m[K/home/alves/ros2_ws/src/robot_ras_decision/src/manager.cpp:8[m[K:
[1.689s] [01m[K/opt/ros/humble/include/sensor_msgs/sensor_msgs/msg/detail/range__struct.hpp:36:8:[m[K [01;36m[Knote: [m[K  in call to â€˜[01m[Ksensor_msgs::msg::Range_<std::allocator<void> >& sensor_msgs::msg::Range_<std::allocator<void> >::operator=(const sensor_msgs::msg::Range_<std::allocator<void> >&)[m[Kâ€™
[1.689s]    36 | struct [01;36m[KRange_[m[K
[1.689s]       |        [01;36m[K^~~~~~[m[K
[1.689s] [01m[K/home/alves/ros2_ws/src/robot_ras_decision/src/manager.cpp:[m[K In member function â€˜[01m[Kvoid Manager::sub_left_callback(const Range&) const[m[Kâ€™:
[1.689s] [01m[K/home/alves/ros2_ws/src/robot_ras_decision/src/manager.cpp:52:28:[m[K [01;31m[Kerror: [m[Kpassing â€˜[01m[Kconst Range[m[Kâ€™ {aka â€˜[01m[Kconst sensor_msgs::msg::Range_<std::allocator<void> >[m[Kâ€™} as â€˜[01m[Kthis[m[Kâ€™ argument discards qualifiers [[01;31m[K]8;;https://gcc.gnu.org/onlinedocs/gcc/Warning-Options.html#index-fpermissive-fpermissive]8;;[m[K]
[1.689s]    52 |             distancia[2] = [01;31m[Kdistancia_left[m[K;
[1.689s]       |                            [01;31m[K^~~~~~~~~~~~~~[m[K
[1.689s] In file included from [01m[K/opt/ros/humble/include/sensor_msgs/sensor_msgs/msg/range.hpp:7[m[K,
[1.689s]                  from [01m[K/home/alves/ros2_ws/src/robot_ras_decision/src/manager.cpp:8[m[K:
[1.689s] [01m[K/opt/ros/humble/include/sensor_msgs/sensor_msgs/msg/detail/range__struct.hpp:36:8:[m[K [01;36m[Knote: [m[K  in call to â€˜[01m[Ksensor_msgs::msg::Range_<std::allocator<void> >& sensor_msgs::msg::Range_<std::allocator<void> >::operator=(const sensor_msgs::msg::Range_<std::allocator<void> >&)[m[Kâ€™
[1.689s]    36 | struct [01;36m[KRange_[m[K
[1.689s]       |        [01;36m[K^~~~~~[m[K
[1.689s] [01m[K/home/alves/ros2_ws/src/robot_ras_decision/src/manager.cpp:[m[K In member function â€˜[01m[Kvoid Manager::sub_right_callback(const Range&) const[m[Kâ€™:
[1.689s] [01m[K/home/alves/ros2_ws/src/robot_ras_decision/src/manager.cpp:59:28:[m[K [01;31m[Kerror: [m[Kpassing â€˜[01m[Kconst Range[m[Kâ€™ {aka â€˜[01m[Kconst sensor_msgs::msg::Range_<std::allocator<void> >[m[Kâ€™} as â€˜[01m[Kthis[m[Kâ€™ argument discards qualifiers [[01;31m[K]8;;https://gcc.gnu.org/onlinedocs/gcc/Warning-Options.html#index-fpermissive-fpermissive]8;;[m[K]
[1.689s]    59 |             distancia[3] = [01;31m[Kdistancia_right[m[K;
[1.689s]       |                            [01;31m[K^~~~~~~~~~~~~~~[m[K
[1.689s] In file included from [01m[K/opt/ros/humble/include/sensor_msgs/sensor_msgs/msg/range.hpp:7[m[K,
[1.689s]                  from [01m[K/home/alves/ros2_ws/src/robot_ras_decision/src/manager.cpp:8[m[K:
[1.689s] [01m[K/opt/ros/humble/include/sensor_msgs/sensor_msgs/msg/detail/range__struct.hpp:36:8:[m[K [01;36m[Knote: [m[K  in call to â€˜[01m[Ksensor_msgs::msg::Range_<std::allocator<void> >& sensor_msgs::msg::Range_<std::allocator<void> >::operator=(const sensor_msgs::msg::Range_<std::allocator<void> >&)[m[Kâ€™
[1.689s]    36 | struct [01;36m[KRange_[m[K
[1.689s]       |        [01;36m[K^~~~~~[m[K
[1.690s] [01m[K/home/alves/ros2_ws/src/robot_ras_decision/src/movement_control.cpp:[m[K In member function â€˜[01m[Kvoid MovementControl::movement_callback(const String&) const[m[Kâ€™:
[1.691s] [01m[K/home/alves/ros2_ws/src/robot_ras_decision/src/movement_control.cpp:44:19:[m[K [01;31m[Kerror: [m[Kâ€˜[01m[Kusing _data_type = class std::vector<double, std::allocator<double> >[m[Kâ€™ {aka â€˜[01m[Kclass std::vector<double, std::allocator<double> >[m[Kâ€™} has no member named â€˜[01m[Kresi[m[Kâ€™
[1.691s]    44 |       motor2.data.[01;31m[Kresi[m[K            mensagem.data = direcao;ze(1);
[1.691s]       |                   [01;31m[K^~~~[m[K
[1.694s] [01m[K/home/alves/ros2_ws/src/robot_ras_decision/src/movement_control.cpp:44:59:[m[K [01;31m[Kerror: [m[Kâ€˜[01m[Kze[m[Kâ€™ was not declared in this scope
[1.694s]    44 |       motor2.data.resi            mensagem.data = direcao;[01;31m[Kze[m[K(1);
[1.694s]       |                                                           [01;31m[K^~[m[K
[3.382s] gmake[2]: *** [CMakeFiles/Manager.dir/build.make:76: CMakeFiles/Manager.dir/src/manager.cpp.o] Error 1
[3.383s] gmake[1]: *** [CMakeFiles/Makefile2:165: CMakeFiles/Manager.dir/all] Error 2
[3.383s] gmake[1]: *** Waiting for unfinished jobs....
[3.405s] gmake[2]: *** [CMakeFiles/MovementControl.dir/build.make:76: CMakeFiles/MovementControl.dir/src/movement_control.cpp.o] Error 1
[3.405s] gmake[1]: *** [CMakeFiles/Makefile2:139: CMakeFiles/MovementControl.dir/all] Error 2
[3.405s] gmake: *** [Makefile:146: all] Error 2
[3.407s] Invoked command in '/home/alves/ros2_ws/build/robot_ras_decision' returned '2': CMAKE_PREFIX_PATH=/opt/ros/humble /usr/bin/cmake --build /home/alves/ros2_ws/build/robot_ras_decision -- -j16 -l16
