[0.013s] Invoking command in '/home/alves/ros2_ws/build/count_action_cpp': CMAKE_PREFIX_PATH=/home/alves/ros2_ws/install/count_interfaces:/home/alves/ros2_ws/install/robot_ras_ros:/home/alves/ros2_ws/install/robot_ras_decision:/home/alves/ros2_ws/install/dep_example_cpp:/opt/ros/humble /usr/bin/cmake --build /home/alves/ros2_ws/build/count_action_cpp -- -j16 -l16
[0.058s] [ 12%] [32mBuilding CXX object CMakeFiles/action_server.dir/src/count_server.cpp.o[0m
[0.062s] [ 25%] [32mBuilding CXX object CMakeFiles/CountServer.dir/src/count_server.cpp.o[0m
[0.063s] [ 50%] [32m[1mLinking CXX executable CountClient[0m
[0.063s] [ 62%] Built target count_server
[0.109s] /usr/bin/ld: /usr/lib/gcc/x86_64-linux-gnu/11/../../../x86_64-linux-gnu/Scrt1.o: na funÃ§Ã£o "_start":
[0.110s] (.text+0x1b): referÃªncia nÃ£o definida para "main"
[0.111s] collect2: error: ld returned 1 exit status
[0.112s] gmake[2]: *** [CMakeFiles/CountClient.dir/build.make:177: CountClient] Erro 1
[0.112s] gmake[1]: *** [CMakeFiles/Makefile2:221: CMakeFiles/CountClient.dir/all] Erro 2
[0.112s] gmake[1]: ** Esperando que outros processos terminem.
[0.214s] [01m[K/home/alves/ros2_ws/src/count_action_cpp/src/count_server.cpp:8:10:[m[K [01;31m[Kfatal error: [m[Krclcpp_components/register_node_macro.hpp: Arquivo ou diretÃ³rio inexistente
[0.214s]     8 | #include [01;31m[K"rclcpp_components/register_node_macro.hpp"[m[K
[0.214s]       |          [01;31m[K^~~~~~~~~~~~~~~~~~~~~~~~~~~~~~~~~~~~~~~~~~~[m[K
[0.214s] compilation terminated.
[0.216s] gmake[2]: *** [CMakeFiles/CountServer.dir/build.make:76: CMakeFiles/CountServer.dir/src/count_server.cpp.o] Erro 1
[0.216s] gmake[1]: *** [CMakeFiles/Makefile2:195: CMakeFiles/CountServer.dir/all] Erro 2
[1.557s] [01m[K/home/alves/ros2_ws/src/count_action_cpp/src/count_server.cpp:18:59:[m[K [01;31m[Kerror: [m[Kâ€˜[01m[KCount[m[Kâ€™ was not declared in this scope; did you mean â€˜[01m[Kcount_interfaces::action::Count[m[Kâ€™?
[1.557s]    18 |   using GoalHandleCount = rclcpp_action::ServerGoalHandle<[01;31m[KCount[m[K>;
[1.557s]       |                                                           [01;31m[K^~~~~[m[K
[1.557s]       |                                                           [32m[Kcount_interfaces::action::Count[m[K
[1.557s] In file included from [01m[K/home/alves/ros2_ws/install/count_interfaces/include/count_interfaces/count_interfaces/action/count.hpp:7[m[K,
[1.557s]                  from [01m[K/home/alves/ros2_ws/src/count_action_cpp/src/count_server.cpp:5[m[K:
[1.557s] [01m[K/home/alves/ros2_ws/install/count_interfaces/include/count_interfaces/count_interfaces/action/detail/count__struct.hpp:1041:22:[m[K [01;36m[Knote: [m[Kâ€˜[01m[Kcount_interfaces::action::Count[m[Kâ€™ declared here
[1.557s]  1041 | typedef struct Count [01;36m[KCount[m[K;
[1.557s]       |                      [01;36m[K^~~~~[m[K
[1.557s] [01m[K/home/alves/ros2_ws/src/count_action_cpp/src/count_server.cpp:18:64:[m[K [01;31m[Kerror: [m[Ktemplate argument 1 is invalid
[1.557s]    18 |   using GoalHandleCount = rclcpp_action::ServerGoalHandle<Count[01;31m[K>[m[K;
[1.558s]       |                                                                [01;31m[K^[m[K
[1.558s] [01m[K/home/alves/ros2_ws/src/count_action_cpp/src/count_server.cpp:35:25:[m[K [01;31m[Kerror: [m[Kâ€˜[01m[KCount[m[Kâ€™ was not declared in this scope; did you mean â€˜[01m[Kcount_interfaces::action::Count[m[Kâ€™?
[1.558s]    35 |   rclcpp_action::Server<[01;31m[KCount[m[K>::SharedPtr action_server_;
[1.558s]       |                         [01;31m[K^~~~~[m[K
[1.558s]       |                         [32m[Kcount_interfaces::action::Count[m[K
[1.558s] In file included from [01m[K/home/alves/ros2_ws/install/count_interfaces/include/count_interfaces/count_interfaces/action/count.hpp:7[m[K,
[1.558s]                  from [01m[K/home/alves/ros2_ws/src/count_action_cpp/src/count_server.cpp:5[m[K:
[1.558s] [01m[K/home/alves/ros2_ws/install/count_interfaces/include/count_interfaces/count_interfaces/action/detail/count__struct.hpp:1041:22:[m[K [01;36m[Knote: [m[Kâ€˜[01m[Kcount_interfaces::action::Count[m[Kâ€™ declared here
[1.558s]  1041 | typedef struct Count [01;36m[KCount[m[K;
[1.558s]       |                      [01;36m[K^~~~~[m[K
[1.558s] [01m[K/home/alves/ros2_ws/src/count_action_cpp/src/count_server.cpp:35:30:[m[K [01;31m[Kerror: [m[Ktemplate argument 1 is invalid
[1.558s]    35 |   rclcpp_action::Server<Count[01;31m[K>[m[K::SharedPtr action_server_;
[1.558s]       |                              [01;31m[K^[m[K
[1.558s] [01m[K/home/alves/ros2_ws/src/count_action_cpp/src/count_server.cpp:35:33:[m[K [01;31m[Kerror: [m[Kexpected â€˜[01m[K;[m[Kâ€™ at end of member declaration
[1.558s]    35 |   rclcpp_action::Server<Count>::[01;31m[KSharedPtr[m[K action_server_;
[1.558s]       |                                 [01;31m[K^~~~~~~~~[m[K
[1.558s]       |                                          [32m[K;[m[K
[1.559s] [01m[K/home/alves/ros2_ws/src/count_action_cpp/src/count_server.cpp:35:43:[m[K [01;31m[Kerror: [m[Kâ€˜[01m[Kaction_server_[m[Kâ€™ does not name a type; did you mean â€˜[01m[Krcl_action_server_t[m[Kâ€™?
[1.559s]    35 |   rclcpp_action::Server<Count>::SharedPtr [01;31m[Kaction_server_[m[K;
[1.559s]       |                                           [01;31m[K^~~~~~~~~~~~~~[m[K
[1.559s]       |                                           [32m[Krcl_action_server_t[m[K
[1.561s] [01m[K/home/alves/ros2_ws/src/count_action_cpp/src/count_server.cpp:37:108:[m[K [01;31m[Kerror: [m[KISO C++ forbids declaration of â€˜[01m[Ktype name[m[Kâ€™ with no type [[01;31m[K]8;;https://gcc.gnu.org/onlinedocs/gcc/Warning-Options.html#index-fpermissive-fpermissive]8;;[m[K]
[1.561s]    37 |   rclcpp_action::GoalResponse handle_goal(const rclcpp_action::GoalUUID & uuid, std::shared_ptr<const Count[01;31m[K::[m[KGoal> goal)
[1.561s]       |                                                                                                            [01;31m[K^~[m[K
[1.561s] [01m[K/home/alves/ros2_ws/src/count_action_cpp/src/count_server.cpp:37:114:[m[K [01;31m[Kerror: [m[Ktemplate argument 1 is invalid
[1.561s]    37 |   rclcpp_action::GoalResponse handle_goal(const rclcpp_action::GoalUUID & uuid, std::shared_ptr<const Count::Goal[01;31m[K>[m[K goal)
[1.561s]       |                                                                                                                  [01;31m[K^[m[K
[1.561s] [01m[K/home/alves/ros2_ws/src/count_action_cpp/src/count_server.cpp:37:108:[m[K [01;31m[Kerror: [m[KISO C++ forbids declaration of â€˜[01m[Ktype name[m[Kâ€™ with no type [[01;31m[K]8;;https://gcc.gnu.org/onlinedocs/gcc/Warning-Options.html#index-fpermissive-fpermissive]8;;[m[K]
[1.561s]    37 |   rclcpp_action::GoalResponse handle_goal(const rclcpp_action::GoalUUID & uuid, std::shared_ptr<const Count[01;31m[K::[m[KGoal> goal)
[1.561s]       |                                                                                                            [01;31m[K^~[m[K
[1.561s] [01m[K/home/alves/ros2_ws/src/count_action_cpp/src/count_server.cpp:37:114:[m[K [01;31m[Kerror: [m[Ktemplate argument 1 is invalid
[1.561s]    37 |   rclcpp_action::GoalResponse handle_goal(const rclcpp_action::GoalUUID & uuid, std::shared_ptr<const Count::Goal[01;31m[K>[m[K goal)
[1.561s]       |                                                                                                                  [01;31m[K^[m[K
[1.561s] [01m[K/home/alves/ros2_ws/src/count_action_cpp/src/count_server.cpp:37:108:[m[K [01;31m[Kerror: [m[KISO C++ forbids declaration of â€˜[01m[Ktype name[m[Kâ€™ with no type [[01;31m[K]8;;https://gcc.gnu.org/onlinedocs/gcc/Warning-Options.html#index-fpermissive-fpermissive]8;;[m[K]
[1.561s]    37 |   rclcpp_action::GoalResponse handle_goal(const rclcpp_action::GoalUUID & uuid, std::shared_ptr<const Count[01;31m[K::[m[KGoal> goal)
[1.561s]       |                                                                                                            [01;31m[K^~[m[K
[1.561s] [01m[K/home/alves/ros2_ws/src/count_action_cpp/src/count_server.cpp:37:114:[m[K [01;31m[Kerror: [m[Ktemplate argument 1 is invalid
[1.561s]    37 |   rclcpp_action::GoalResponse handle_goal(const rclcpp_action::GoalUUID & uuid, std::shared_ptr<const Count::Goal[01;31m[K>[m[K goal)
[1.562s]       |                                                                                                                  [01;31m[K^[m[K
[1.562s] [01m[K/home/alves/ros2_ws/src/count_action_cpp/src/count_server.cpp:37:81:[m[K [01;31m[Kerror: [m[Kinvalid template-id
[1.562s]    37 |   rclcpp_action::GoalResponse handle_goal(const rclcpp_action::GoalUUID & uuid, [01;31m[Kstd[m[K::shared_ptr<const Count::Goal> goal)
[1.562s]       |                                                                                 [01;31m[K^~~[m[K
[1.562s] [01m[K/home/alves/ros2_ws/src/count_action_cpp/src/count_server.cpp:37:108:[m[K [01;31m[Kerror: [m[KISO C++ forbids declaration of â€˜[01m[Ktype name[m[Kâ€™ with no type [[01;31m[K]8;;https://gcc.gnu.org/onlinedocs/gcc/Warning-Options.html#index-fpermissive-fpermissive]8;;[m[K]
[1.562s]    37 |   rclcpp_action::GoalResponse handle_goal(const rclcpp_action::GoalUUID & uuid, std::shared_ptr<const Count[01;31m[K::[m[KGoal> goal)
[1.562s]       |                                                                                                            [01;31m[K^~[m[K
[1.562s] [01m[K/home/alves/ros2_ws/src/count_action_cpp/src/count_server.cpp:37:97:[m[K [01;31m[Kerror: [m[Kexpected primary-expression before â€˜[01m[Kconst[m[Kâ€™
[1.562s]    37 |   rclcpp_action::GoalResponse handle_goal(const rclcpp_action::GoalUUID & uuid, std::shared_ptr<[01;31m[Kconst[m[K Count::Goal> goal)
[1.562s]       |                                                                                                 [01;31m[K^~~~~[m[K
[1.562s] [01m[K/home/alves/ros2_ws/src/count_action_cpp/src/count_server.cpp:37:97:[m[K [01;31m[Kerror: [m[Kexpected â€˜[01m[K>[m[Kâ€™ before â€˜[01m[Kconst[m[Kâ€™
[1.562s] [01m[K/home/alves/ros2_ws/src/count_action_cpp/src/count_server.cpp:37:81:[m[K [01;31m[Kerror: [m[Kclass template placeholder â€˜[01m[Kstd::shared_ptr[m[Kâ€™ not permitted in this context
[1.562s]    37 |   rclcpp_action::GoalResponse handle_goal(const rclcpp_action::GoalUUID & uuid, [01;31m[Kstd[m[K::shared_ptr<const Count::Goal> goal)
[1.562s]       |                                                                                 [01;31m[K^~~[m[K
[1.568s] [01m[K/home/alves/ros2_ws/src/count_action_cpp/src/count_server.cpp:44:69:[m[K [01;31m[Kerror: [m[Kâ€˜[01m[KGoalHandleFibonacci[m[Kâ€™ was not declared in this scope
[1.568s]    44 |   rclcpp_action::CancelResponse handle_cancel(const std::shared_ptr<[01;31m[KGoalHandleFibonacci[m[K> goal_handle)
[1.568s]       |                                                                     [01;31m[K^~~~~~~~~~~~~~~~~~~[m[K
[1.568s] [01m[K/home/alves/ros2_ws/src/count_action_cpp/src/count_server.cpp:44:88:[m[K [01;31m[Kerror: [m[Ktemplate argument 1 is invalid
[1.568s]    44 |   rclcpp_action::CancelResponse handle_cancel(const std::shared_ptr<GoalHandleFibonacci[01;31m[K>[m[K goal_handle)
[1.568s]       |                                                                                        [01;31m[K^[m[K
[1.574s] [01m[K/home/alves/ros2_ws/src/count_action_cpp/src/count_server.cpp:51:46:[m[K [01;31m[Kerror: [m[Kâ€˜[01m[KGoalHandleCount[m[Kâ€™ was not declared in this scope
[1.574s]    51 |   void handle_accepted(const std::shared_ptr<[01;31m[KGoalHandleCount[m[K> goal_handle)
[1.574s]       |                                              [01;31m[K^~~~~~~~~~~~~~~[m[K
[1.574s] [01m[K/home/alves/ros2_ws/src/count_action_cpp/src/count_server.cpp:51:61:[m[K [01;31m[Kerror: [m[Ktemplate argument 1 is invalid
[1.574s]    51 |   void handle_accepted(const std::shared_ptr<GoalHandleCount[01;31m[K>[m[K goal_handle)
[1.574s]       |                                                             [01;31m[K^[m[K
[1.579s] [01m[K/home/alves/ros2_ws/src/count_action_cpp/src/count_server.cpp:58:38:[m[K [01;31m[Kerror: [m[Kâ€˜[01m[KGoalHandleCount[m[Kâ€™ was not declared in this scope
[1.579s]    58 |   void execute(const std::shared_ptr<[01;31m[KGoalHandleCount[m[K> goal_handle)
[1.579s]       |                                      [01;31m[K^~~~~~~~~~~~~~~[m[K
[1.579s] [01m[K/home/alves/ros2_ws/src/count_action_cpp/src/count_server.cpp:58:53:[m[K [01;31m[Kerror: [m[Ktemplate argument 1 is invalid
[1.579s]    58 |   void execute(const std::shared_ptr<GoalHandleCount[01;31m[K>[m[K goal_handle)
[1.579s]       |                                                     [01;31m[K^[m[K
[1.580s] [01m[K/home/alves/ros2_ws/src/count_action_cpp/src/count_server.cpp:[m[K In constructor â€˜[01m[Kcount_action_cpp::CountActionServer::CountActionServer(const rclcpp::NodeOptions&)[m[Kâ€™:
[1.580s] [01m[K/home/alves/ros2_ws/src/count_action_cpp/src/count_server.cpp:26:11:[m[K [01;31m[Kerror: [m[Kâ€˜[01m[Kclass count_action_cpp::CountActionServer[m[Kâ€™ has no member named â€˜[01m[Kaction_server_[m[Kâ€™
[1.580s]    26 |     this->[01;31m[Kaction_server_[m[K = rclcpp_action::create_server<Count>(
[1.580s]       |           [01;31m[K^~~~~~~~~~~~~~[m[K
[1.580s] [01m[K/home/alves/ros2_ws/src/count_action_cpp/src/count_server.cpp:26:57:[m[K [01;31m[Kerror: [m[Kâ€˜[01m[KCount[m[Kâ€™ was not declared in this scope; did you mean â€˜[01m[Kcount_interfaces::action::Count[m[Kâ€™?
[1.580s]    26 |     this->action_server_ = rclcpp_action::create_server<[01;31m[KCount[m[K>(
[1.580s]       |                                                         [01;31m[K^~~~~[m[K
[1.580s]       |                                                         [32m[Kcount_interfaces::action::Count[m[K
[1.580s] In file included from [01m[K/home/alves/ros2_ws/install/count_interfaces/include/count_interfaces/count_interfaces/action/count.hpp:7[m[K,
[1.580s]                  from [01m[K/home/alves/ros2_ws/src/count_action_cpp/src/count_server.cpp:5[m[K:
[1.580s] [01m[K/home/alves/ros2_ws/install/count_interfaces/include/count_interfaces/count_interfaces/action/detail/count__struct.hpp:1041:22:[m[K [01;36m[Knote: [m[Kâ€˜[01m[Kcount_interfaces::action::Count[m[Kâ€™ declared here
[1.580s]  1041 | typedef struct Count [01;36m[KCount[m[K;
[1.580s]       |                      [01;36m[K^~~~~[m[K
[1.588s] [01m[K/home/alves/ros2_ws/src/count_action_cpp/src/count_server.cpp:26:63:[m[K [01;31m[Kerror: [m[Kno matching function for call to â€˜[01m[Kcreate_server<<expression error> >(count_action_cpp::CountActionServer*, const char [10], std::_Bind_helper<false, rclcpp_action::GoalResponse (count_action_cpp::CountActionServer::*)(...), count_action_cpp::CountActionServer*, const std::_Placeholder<1>&, const std::_Placeholder<2>&>::type, std::_Bind_helper<false, rclcpp_action::CancelResponse (count_action_cpp::CountActionServer::*)(int), count_action_cpp::CountActionServer*, const std::_Placeholder<1>&>::type, std::_Bind_helper<false, void (count_action_cpp::CountActionServer::*)(int), count_action_cpp::CountActionServer*, const std::_Placeholder<1>&>::type)[m[Kâ€™
[1.588s]    26 |     this->action_server_ = [01;31m[Krclcpp_action::create_server<Count>([m[K
[1.588s]       |                            [01;31m[K~~~~~~~~~~~~~~~~~~~~~~~~~~~~~~~~~~~^[m[K
[1.588s]    27 | [01;31m[K      this,[m[K
[1.588s]       |       [01;31m[K~~~~~[m[K                                                    
[1.588s]    28 | [01;31m[K      "fibonacci",[m[K
[1.588s]       |       [01;31m[K~~~~~~~~~~~~[m[K                                             
[1.588s]    29 | [01;31m[K      std::bind(&CountActionServer::handle_goal, this, _1, _2),[m[K
[1.588s]       |       [01;31m[K~~~~~~~~~~~~~~~~~~~~~~~~~~~~~~~~~~~~~~~~~~~~~~~~~~~~~~~~~[m[K
[1.588s]    30 | [01;31m[K      std::bind(&CountActionServer::handle_cancel, this, _1),[m[K
[1.588s]       |       [01;31m[K~~~~~~~~~~~~~~~~~~~~~~~~~~~~~~~~~~~~~~~~~~~~~~~~~~~~~~~[m[K  
[1.588s]    31 | [01;31m[K      std::bind(&CountActionServer::handle_accepted, this, _1))[m[K;
[1.588s]       |       [01;31m[K~~~~~~~~~~~~~~~~~~~~~~~~~~~~~~~~~~~~~~~~~~~~~~~~~~~~~~~~~[m[K
[1.588s] In file included from [01m[K/opt/ros/humble/include/rclcpp_action/rclcpp_action/rclcpp_action.hpp:39[m[K,
[1.588s]                  from [01m[K/home/alves/ros2_ws/src/count_action_cpp/src/count_server.cpp:7[m[K:
[1.588s] [01m[K/opt/ros/humble/include/rclcpp_action/rclcpp_action/create_server.hpp:58:1:[m[K [01;36m[Knote: [m[Kcandidate: â€˜[01m[Ktemplate<class ActionT> typename rclcpp_action::Server<ActionT>::SharedPtr rclcpp_action::create_server(rclcpp::node_interfaces::NodeBaseInterface::SharedPtr, rclcpp::node_interfaces::NodeClockInterface::SharedPtr, rclcpp::node_interfaces::NodeLoggingInterface::SharedPtr, rclcpp::node_interfaces::NodeWaitablesInterface::SharedPtr, const string&, typename rclcpp_action::Server<ActionT>::GoalCallback, typename rclcpp_action::Server<ActionT>::CancelCallback, typename rclcpp_action::Server<ActionT>::AcceptedCallback, const rcl_action_server_options_t&, rclcpp::CallbackGroup::SharedPtr)[m[Kâ€™
[1.588s]    58 | [01;36m[Kcreate_server[m[K(
[1.588s]       | [01;36m[K^~~~~~~~~~~~~[m[K
[1.588s] [01m[K/opt/ros/humble/include/rclcpp_action/rclcpp_action/create_server.hpp:58:1:[m[K [01;36m[Knote: [m[K  template argument deduction/substitution failed:
[1.588s] [01m[K/home/alves/ros2_ws/src/count_action_cpp/src/count_server.cpp:26:63:[m[K [01;31m[Kerror: [m[Ktemplate argument 1 is invalid
[1.588s]    26 |     this->action_server_ = [01;31m[Krclcpp_action::create_server<Count>([m[K
[1.588s]       |                            [01;31m[K~~~~~~~~~~~~~~~~~~~~~~~~~~~~~~~~~~~^[m[K
[1.589s]    27 | [01;31m[K      this,[m[K
[1.589s]       |       [01;31m[K~~~~~[m[K                                                    
[1.589s]    28 | [01;31m[K      "fibonacci",[m[K
[1.589s]       |       [01;31m[K~~~~~~~~~~~~[m[K                                             
[1.589s]    29 | [01;31m[K      std::bind(&CountActionServer::handle_goal, this, _1, _2),[m[K
[1.589s]       |       [01;31m[K~~~~~~~~~~~~~~~~~~~~~~~~~~~~~~~~~~~~~~~~~~~~~~~~~~~~~~~~~[m[K
[1.589s]    30 | [01;31m[K      std::bind(&CountActionServer::handle_cancel, this, _1),[m[K
[1.589s]       |       [01;31m[K~~~~~~~~~~~~~~~~~~~~~~~~~~~~~~~~~~~~~~~~~~~~~~~~~~~~~~~[m[K  
[1.589s]    31 | [01;31m[K      std::bind(&CountActionServer::handle_accepted, this, _1))[m[K;
[1.589s]       |       [01;31m[K~~~~~~~~~~~~~~~~~~~~~~~~~~~~~~~~~~~~~~~~~~~~~~~~~~~~~~~~~[m[K
[1.589s] In file included from [01m[K/opt/ros/humble/include/rclcpp_action/rclcpp_action/rclcpp_action.hpp:39[m[K,
[1.590s]                  from [01m[K/home/alves/ros2_ws/src/count_action_cpp/src/count_server.cpp:7[m[K:
[1.590s] [01m[K/opt/ros/humble/include/rclcpp_action/rclcpp_action/create_server.hpp:132:1:[m[K [01;36m[Knote: [m[Kcandidate: â€˜[01m[Ktemplate<class ActionT, class NodeT> typename rclcpp_action::Server<ActionT>::SharedPtr rclcpp_action::create_server(NodeT, const string&, typename rclcpp_action::Server<ActionT>::GoalCallback, typename rclcpp_action::Server<ActionT>::CancelCallback, typename rclcpp_action::Server<ActionT>::AcceptedCallback, const rcl_action_server_options_t&, rclcpp::CallbackGroup::SharedPtr)[m[Kâ€™
[1.590s]   132 | [01;36m[Kcreate_server[m[K(
[1.590s]       | [01;36m[K^~~~~~~~~~~~~[m[K
[1.590s] [01m[K/opt/ros/humble/include/rclcpp_action/rclcpp_action/create_server.hpp:132:1:[m[K [01;36m[Knote: [m[K  template argument deduction/substitution failed:
[1.590s] [01m[K/home/alves/ros2_ws/src/count_action_cpp/src/count_server.cpp:26:63:[m[K [01;31m[Kerror: [m[Ktemplate argument 1 is invalid
[1.590s]    26 |     this->action_server_ = [01;31m[Krclcpp_action::create_server<Count>([m[K
[1.590s]       |                            [01;31m[K~~~~~~~~~~~~~~~~~~~~~~~~~~~~~~~~~~~^[m[K
[1.590s]    27 | [01;31m[K      this,[m[K
[1.590s]       |       [01;31m[K~~~~~[m[K                                                    
[1.590s]    28 | [01;31m[K      "fibonacci",[m[K
[1.590s]       |       [01;31m[K~~~~~~~~~~~~[m[K                                             
[1.590s]    29 | [01;31m[K      std::bind(&CountActionServer::handle_goal, this, _1, _2),[m[K
[1.591s]       |       [01;31m[K~~~~~~~~~~~~~~~~~~~~~~~~~~~~~~~~~~~~~~~~~~~~~~~~~~~~~~~~~[m[K
[1.591s]    30 | [01;31m[K      std::bind(&CountActionServer::handle_cancel, this, _1),[m[K
[1.591s]       |       [01;31m[K~~~~~~~~~~~~~~~~~~~~~~~~~~~~~~~~~~~~~~~~~~~~~~~~~~~~~~~[m[K  
[1.591s]    31 | [01;31m[K      std::bind(&CountActionServer::handle_accepted, this, _1))[m[K;
[1.591s]       |       [01;31m[K~~~~~~~~~~~~~~~~~~~~~~~~~~~~~~~~~~~~~~~~~~~~~~~~~~~~~~~~~[m[K
[1.593s] In file included from [01m[K/opt/ros/humble/include/rclcpp/rclcpp/logging.hpp:24[m[K,
[1.593s]                  from [01m[K/opt/ros/humble/include/rclcpp/rclcpp/client.hpp:40[m[K,
[1.593s]                  from [01m[K/opt/ros/humble/include/rclcpp/rclcpp/callback_group.hpp:24[m[K,
[1.593s]                  from [01m[K/opt/ros/humble/include/rclcpp/rclcpp/any_executable.hpp:20[m[K,
[1.593s]                  from [01m[K/opt/ros/humble/include/rclcpp/rclcpp/memory_strategy.hpp:25[m[K,
[1.593s]                  from [01m[K/opt/ros/humble/include/rclcpp/rclcpp/memory_strategies.hpp:18[m[K,
[1.593s]                  from [01m[K/opt/ros/humble/include/rclcpp/rclcpp/executor_options.hpp:20[m[K,
[1.593s]                  from [01m[K/opt/ros/humble/include/rclcpp/rclcpp/executor.hpp:37[m[K,
[1.593s]                  from [01m[K/opt/ros/humble/include/rclcpp/rclcpp/executors/multi_threaded_executor.hpp:25[m[K,
[1.593s]                  from [01m[K/opt/ros/humble/include/rclcpp/rclcpp/executors.hpp:21[m[K,
[1.594s]                  from [01m[K/opt/ros/humble/include/rclcpp/rclcpp/rclcpp.hpp:155[m[K,
[1.594s]                  from [01m[K/home/alves/ros2_ws/src/count_action_cpp/src/count_server.cpp:6[m[K:
[1.594s] [01m[K/home/alves/ros2_ws/src/count_action_cpp/src/count_server.cpp:[m[K In member function â€˜[01m[Krclcpp_action::GoalResponse count_action_cpp::CountActionServer::handle_goal(...)[m[Kâ€™:
[1.594s] [01m[K/home/alves/ros2_ws/src/count_action_cpp/src/count_server.cpp:39:76:[m[K [01;31m[Kerror: [m[Kâ€˜[01m[Kgoal[m[Kâ€™ was not declared in this scope
[1.594s]    39 |     RCLCPP_INFO(this->get_logger(), "Received goal request with order %d", [01;31m[Kgoal[m[K->limit);
[1.594s]       |                                                                            [01;31m[K^~~~[m[K
[1.594s] [01m[K/home/alves/ros2_ws/src/count_action_cpp/src/count_server.cpp:[m[K In member function â€˜[01m[Kvoid count_action_cpp::CountActionServer::execute(int)[m[Kâ€™:
[1.594s] [01m[K/home/alves/ros2_ws/src/count_action_cpp/src/count_server.cpp:62:34:[m[K [01;31m[Kerror: [m[Kbase operand of â€˜[01m[K->[m[Kâ€™ is not a pointer
[1.594s]    62 |     const auto goal = goal_handle[01;31m[K->[m[Kget_goal();
[1.594s]       |                                  [01;31m[K^~[m[K
[1.594s] [01m[K/home/alves/ros2_ws/src/count_action_cpp/src/count_server.cpp:63:38:[m[K [01;31m[Kerror: [m[Kâ€˜[01m[KCount[m[Kâ€™ was not declared in this scope; did you mean â€˜[01m[Kcount_interfaces::action::Count[m[Kâ€™?
[1.594s]    63 |     auto feedback = std::make_shared<[01;31m[KCount[m[K::Feedback>();
[1.594s]       |                                      [01;31m[K^~~~~[m[K
[1.594s]       |                                      [32m[Kcount_interfaces::action::Count[m[K
[1.594s] In file included from [01m[K/home/alves/ros2_ws/install/count_interfaces/include/count_interfaces/count_interfaces/action/count.hpp:7[m[K,
[1.594s]                  from [01m[K/home/alves/ros2_ws/src/count_action_cpp/src/count_server.cpp:5[m[K:
[1.594s] [01m[K/home/alves/ros2_ws/install/count_interfaces/include/count_interfaces/count_interfaces/action/detail/count__struct.hpp:1041:22:[m[K [01;36m[Knote: [m[Kâ€˜[01m[Kcount_interfaces::action::Count[m[Kâ€™ declared here
[1.594s]  1041 | typedef struct Count [01;36m[KCount[m[K;
[1.594s]       |                      [01;36m[K^~~~~[m[K
[1.594s] [01m[K/home/alves/ros2_ws/src/count_action_cpp/src/count_server.cpp:63:26:[m[K [01;31m[Kerror: [m[Kparse error in template argument list
[1.594s]    63 |     auto feedback = std::[01;31m[Kmake_shared<Count::Feedback>[m[K();
[1.594s]       |                          [01;31m[K^~~~~~~~~~~~~~~~~~~~~~~~~~~~[m[K
[1.595s] [01m[K/home/alves/ros2_ws/src/count_action_cpp/src/count_server.cpp:63:54:[m[K [01;31m[Kerror: [m[Kno matching function for call to â€˜[01m[Kmake_shared<<expression error> >()[m[Kâ€™
[1.595s]    63 |     auto feedback = [01;31m[Kstd::make_shared<Count::Feedback>()[m[K;
[1.595s]       |                     [01;31m[K~~~~~~~~~~~~~~~~~~~~~~~~~~~~~~~~~^~[m[K
[1.595s] In file included from [01m[K/usr/include/c++/11/memory:77[m[K,
[1.595s]                  from [01m[K/home/alves/ros2_ws/src/count_action_cpp/src/count_server.cpp:2[m[K:
[1.595s] [01m[K/usr/include/c++/11/bits/shared_ptr.h:875:5:[m[K [01;36m[Knote: [m[Kcandidate: â€˜[01m[Ktemplate<class _Tp, class ... _Args> std::shared_ptr<_Tp> std::make_shared(_Args&& ...)[m[Kâ€™
[1.595s]   875 |     [01;36m[Kmake_shared[m[K(_Args&&... __args)
[1.595s]       |     [01;36m[K^~~~~~~~~~~[m[K
[1.595s] [01m[K/usr/include/c++/11/bits/shared_ptr.h:875:5:[m[K [01;36m[Knote: [m[K  template argument deduction/substitution failed:
[1.595s] [01m[K/home/alves/ros2_ws/src/count_action_cpp/src/count_server.cpp:63:54:[m[K [01;31m[Kerror: [m[Ktemplate argument 1 is invalid
[1.595s]    63 |     auto feedback = [01;31m[Kstd::make_shared<Count::Feedback>()[m[K;
[1.595s]       |                     [01;31m[K~~~~~~~~~~~~~~~~~~~~~~~~~~~~~~~~~^~[m[K
[1.595s] [01m[K/home/alves/ros2_ws/src/count_action_cpp/src/count_server.cpp:67:24:[m[K [01;31m[Kerror: [m[Kparse error in template argument list
[1.595s]    67 |     auto result = std::[01;31m[Kmake_shared<Count::Result>[m[K();
[1.595s]       |                        [01;31m[K^~~~~~~~~~~~~~~~~~~~~~~~~~[m[K
[1.595s] [01m[K/home/alves/ros2_ws/src/count_action_cpp/src/count_server.cpp:67:50:[m[K [01;31m[Kerror: [m[Kno matching function for call to â€˜[01m[Kmake_shared<Count>()[m[Kâ€™
[1.595s]    67 |     auto result = [01;31m[Kstd::make_shared<Count::Result>()[m[K;
[1.595s]       |                   [01;31m[K~~~~~~~~~~~~~~~~~~~~~~~~~~~~~~~^~[m[K
[1.595s] In file included from [01m[K/usr/include/c++/11/memory:77[m[K,
[1.595s]                  from [01m[K/home/alves/ros2_ws/src/count_action_cpp/src/count_server.cpp:2[m[K:
[1.595s] [01m[K/usr/include/c++/11/bits/shared_ptr.h:875:5:[m[K [01;36m[Knote: [m[Kcandidate: â€˜[01m[Ktemplate<class _Tp, class ... _Args> std::shared_ptr<_Tp> std::make_shared(_Args&& ...)[m[Kâ€™
[1.595s]   875 |     [01;36m[Kmake_shared[m[K(_Args&&... __args)
[1.595s]       |     [01;36m[K^~~~~~~~~~~[m[K
[1.595s] [01m[K/usr/include/c++/11/bits/shared_ptr.h:875:5:[m[K [01;36m[Knote: [m[K  template argument deduction/substitution failed:
[1.595s] [01m[K/home/alves/ros2_ws/src/count_action_cpp/src/count_server.cpp:71:22:[m[K [01;31m[Kerror: [m[Kbase operand of â€˜[01m[K->[m[Kâ€™ is not a pointer
[1.595s]    71 |       if (goal_handle[01;31m[K->[m[Kis_canceling()) {
[1.595s]       |                      [01;31m[K^~[m[K
[1.595s] [01m[K/home/alves/ros2_ws/src/count_action_cpp/src/count_server.cpp:73:20:[m[K [01;31m[Kerror: [m[Kbase operand of â€˜[01m[K->[m[Kâ€™ is not a pointer
[1.595s]    73 |         goal_handle[01;31m[K->[m[Kcanceled(result);
[1.595s]       |                    [01;31m[K^~[m[K
[1.596s] [01m[K/home/alves/ros2_ws/src/count_action_cpp/src/count_server.cpp:80:18:[m[K [01;31m[Kerror: [m[Kbase operand of â€˜[01m[K->[m[Kâ€™ is not a pointer
[1.596s]    80 |       goal_handle[01;31m[K->[m[Kpublish_feedback(feedback);
[1.596s]       |                  [01;31m[K^~[m[K
[1.596s] [01m[K/home/alves/ros2_ws/src/count_action_cpp/src/count_server.cpp:89:18:[m[K [01;31m[Kerror: [m[Kbase operand of â€˜[01m[K->[m[Kâ€™ is not a pointer
[1.596s]    89 |       goal_handle[01;31m[K->[m[Ksucceed(result);
[1.596s]       |                  [01;31m[K^~[m[K
[1.936s] gmake[2]: *** [CMakeFiles/action_server.dir/build.make:76: CMakeFiles/action_server.dir/src/count_server.cpp.o] Erro 1
[1.936s] gmake[1]: *** [CMakeFiles/Makefile2:143: CMakeFiles/action_server.dir/all] Erro 2
[1.936s] gmake: *** [Makefile:146: all] Erro 2
[1.938s] Invoked command in '/home/alves/ros2_ws/build/count_action_cpp' returned '2': CMAKE_PREFIX_PATH=/home/alves/ros2_ws/install/count_interfaces:/home/alves/ros2_ws/install/robot_ras_ros:/home/alves/ros2_ws/install/robot_ras_decision:/home/alves/ros2_ws/install/dep_example_cpp:/opt/ros/humble /usr/bin/cmake --build /home/alves/ros2_ws/build/count_action_cpp -- -j16 -l16
