[0.018s] Invoking command in '/home/alves/ros2_ws/build/robot_ras_decision': CMAKE_PREFIX_PATH=/opt/ros/humble /usr/bin/cmake --build /home/alves/ros2_ws/build/robot_ras_decision -- -j16 -l16
[0.037s] -- Found ament_cmake: 1.3.11 (/opt/ros/humble/share/ament_cmake/cmake)
[0.138s] -- Override CMake install command with custom implementation using symlinks instead of copying resources
[0.143s] -- Found rclcpp: 16.0.12 (/opt/ros/humble/share/rclcpp/cmake)
[0.164s] -- Found rosidl_generator_c: 3.1.6 (/opt/ros/humble/share/rosidl_generator_c/cmake)
[0.165s] -- Found rosidl_adapter: 3.1.6 (/opt/ros/humble/share/rosidl_adapter/cmake)
[0.169s] -- Found rosidl_generator_cpp: 3.1.6 (/opt/ros/humble/share/rosidl_generator_cpp/cmake)
[0.175s] -- Using all available rosidl_typesupport_c: rosidl_typesupport_fastrtps_c;rosidl_typesupport_introspection_c
[0.183s] -- Using all available rosidl_typesupport_cpp: rosidl_typesupport_fastrtps_cpp;rosidl_typesupport_introspection_cpp
[0.204s] -- Found rmw_implementation_cmake: 6.1.2 (/opt/ros/humble/share/rmw_implementation_cmake/cmake)
[0.206s] -- Found rmw_fastrtps_cpp: 6.2.7 (/opt/ros/humble/share/rmw_fastrtps_cpp/cmake)
[0.278s] -- Using RMW implementation 'rmw_fastrtps_cpp' as default
[0.316s] -- Found sensor_msgs: 4.8.0 (/opt/ros/humble/share/sensor_msgs/cmake)
[0.338s] -- Found rosidl_default_generators: 1.2.0 (/opt/ros/humble/share/rosidl_default_generators/cmake)
[0.462s] [31mCMake Error at /opt/ros/humble/share/rosidl_adapter/cmake/rosidl_adapt_interfaces.cmake:59 (message):
[0.462s]   execute_process(/usr/bin/python3 -m rosidl_adapter --package-name
[0.462s]   robot_ras_decision --arguments-file
[0.462s]   /home/alves/ros2_ws/build/robot_ras_decision/rosidl_adapter__arguments__robot_ras_decision.json
[0.462s]   --output-dir
[0.462s]   /home/alves/ros2_ws/build/robot_ras_decision/rosidl_adapter/robot_ras_decision
[0.462s]   --output-file
[0.462s]   /home/alves/ros2_ws/build/robot_ras_decision/rosidl_adapter/robot_ras_decision.idls)
[0.462s]   returned error code 1:
[0.462s] 
[0.462s]   Error processing 'struct Movement{' of 'robot_ras_decision/Movement':
[0.462s]   ''struct' is an invalid message name.  It should have the pattern
[0.462s]   '^[A-Z][A-Za-z0-9]*$''
[0.462s] 
[0.462s]   Traceback (most recent call last):
[0.462s] 
[0.462s]     File "/usr/lib/python3.10/runpy.py", line 196, in _run_module_as_main
[0.462s]       return _run_code(code, main_globals, None,
[0.462s]     File "/usr/lib/python3.10/runpy.py", line 86, in _run_code
[0.462s]       exec(code, run_globals)
[0.462s]     File "/opt/ros/humble/local/lib/python3.10/dist-packages/rosidl_adapter/__main__.py", line 19, in <module>
[0.462s]       sys.exit(main())
[0.462s]     File "/opt/ros/humble/local/lib/python3.10/dist-packages/rosidl_adapter/main.py", line 53, in main
[0.462s]       abs_idl_file = convert_to_idl(
[0.462s]     File "/opt/ros/humble/local/lib/python3.10/dist-packages/rosidl_adapter/__init__.py", line 19, in convert_to_idl
[0.462s]       return convert_msg_to_idl(
[0.463s]     File "/opt/ros/humble/local/lib/python3.10/dist-packages/rosidl_adapter/msg/__init__.py", line 28, in convert_msg_to_idl
[0.463s]       msg = parse_message_string(package_name, input_file.stem, content)
[0.463s]     File "/opt/ros/humble/local/lib/python3.10/dist-packages/rosidl_adapter/parser.py", line 520, in parse_message_string
[0.463s]       Type(type_string, context_package_name=pkg_name),
[0.463s]     File "/opt/ros/humble/local/lib/python3.10/dist-packages/rosidl_adapter/parser.py", line 277, in __init__
[0.463s]       super(Type, self).__init__(
[0.463s]     File "/opt/ros/humble/local/lib/python3.10/dist-packages/rosidl_adapter/parser.py", line 205, in __init__
[0.463s]       raise InvalidResourceName(
[0.463s] 
[0.463s]   rosidl_adapter.parser.InvalidResourceName: 'struct' is an invalid message
[0.463s]   name.  It should have the pattern '^[A-Z][A-Za-z0-9]*$'
[0.463s] 
[0.463s] Call Stack (most recent call first):
[0.463s]   /opt/ros/humble/share/rosidl_cmake/cmake/rosidl_generate_interfaces.cmake:130 (rosidl_adapt_interfaces)
[0.463s]   CMakeLists.txt:19 (rosidl_generate_interfaces)
[0.463s] 
[0.463s] [0m
[0.463s] -- Configuring incomplete, errors occurred!
[0.463s] See also "/home/alves/ros2_ws/build/robot_ras_decision/CMakeFiles/CMakeOutput.log".
[0.468s] gmake: *** [Makefile:829: cmake_check_build_system] Erro 1
[0.470s] Invoked command in '/home/alves/ros2_ws/build/robot_ras_decision' returned '2': CMAKE_PREFIX_PATH=/opt/ros/humble /usr/bin/cmake --build /home/alves/ros2_ws/build/robot_ras_decision -- -j16 -l16
