[0.010s] Invoking command in '/home/alves/ros2_ws/build/robot_ras_decision': CMAKE_PREFIX_PATH=/opt/ros/humble /usr/bin/cmake --build /home/alves/ros2_ws/build/robot_ras_decision -- -j16 -l16
[0.054s] -- Found ament_cmake: 1.3.11 (/opt/ros/humble/share/ament_cmake/cmake)
[0.158s] -- Override CMake install command with custom implementation using symlinks instead of copying resources
[0.169s] -- Found rclcpp: 16.0.12 (/opt/ros/humble/share/rclcpp/cmake)
[0.201s] -- Found rosidl_generator_c: 3.1.6 (/opt/ros/humble/share/rosidl_generator_c/cmake)
[0.203s] -- Found rosidl_adapter: 3.1.6 (/opt/ros/humble/share/rosidl_adapter/cmake)
[0.209s] -- Found rosidl_generator_cpp: 3.1.6 (/opt/ros/humble/share/rosidl_generator_cpp/cmake)
[0.217s] -- Using all available rosidl_typesupport_c: rosidl_typesupport_fastrtps_c;rosidl_typesupport_introspection_c
[0.228s] -- Using all available rosidl_typesupport_cpp: rosidl_typesupport_fastrtps_cpp;rosidl_typesupport_introspection_cpp
[0.258s] -- Found rmw_implementation_cmake: 6.1.2 (/opt/ros/humble/share/rmw_implementation_cmake/cmake)
[0.259s] -- Found rmw_fastrtps_cpp: 6.2.7 (/opt/ros/humble/share/rmw_fastrtps_cpp/cmake)
[0.334s] -- Using RMW implementation 'rmw_fastrtps_cpp' as default
[0.375s] -- Found sensor_msgs: 4.8.0 (/opt/ros/humble/share/sensor_msgs/cmake)
[0.398s] -- Found rosidl_default_generators: 1.2.0 (/opt/ros/humble/share/rosidl_default_generators/cmake)
[0.531s] [31mCMake Error at /opt/ros/humble/share/rosidl_adapter/cmake/rosidl_adapt_interfaces.cmake:59 (message):
[0.532s]   execute_process(/usr/bin/python3 -m rosidl_adapter --package-name
[0.532s]   robot_ras_decision --arguments-file
[0.532s]   /home/alves/ros2_ws/build/robot_ras_decision/rosidl_adapter__arguments__robot_ras_decision.json
[0.532s]   --output-dir
[0.532s]   /home/alves/ros2_ws/build/robot_ras_decision/rosidl_adapter/robot_ras_decision
[0.532s]   --output-file
[0.532s]   /home/alves/ros2_ws/build/robot_ras_decision/rosidl_adapter/robot_ras_decision.idls)
[0.532s]   returned error code 1:
[0.532s] 
[0.532s]   Error processing 'string direcao;' of 'robot_ras_decision/Movement':
[0.532s]   ''direcao;' is an invalid field name.  It should have the pattern
[0.532s]   '^(?!.*__)(?!.*_$)[a-z][a-z0-9_]*$''
[0.532s] 
[0.532s]   Traceback (most recent call last):
[0.532s] 
[0.532s]     File "/usr/lib/python3.10/runpy.py", line 196, in _run_module_as_main
[0.532s]       return _run_code(code, main_globals, None,
[0.532s]     File "/usr/lib/python3.10/runpy.py", line 86, in _run_code
[0.532s]       exec(code, run_globals)
[0.533s]     File "/opt/ros/humble/local/lib/python3.10/dist-packages/rosidl_adapter/__main__.py", line 19, in <module>
[0.533s]       sys.exit(main())
[0.533s]     File "/opt/ros/humble/local/lib/python3.10/dist-packages/rosidl_adapter/main.py", line 53, in main
[0.533s]       abs_idl_file = convert_to_idl(
[0.533s]     File "/opt/ros/humble/local/lib/python3.10/dist-packages/rosidl_adapter/__init__.py", line 19, in convert_to_idl
[0.533s]       return convert_msg_to_idl(
[0.533s]     File "/opt/ros/humble/local/lib/python3.10/dist-packages/rosidl_adapter/msg/__init__.py", line 28, in convert_msg_to_idl
[0.533s]       msg = parse_message_string(package_name, input_file.stem, content)
[0.533s]     File "/opt/ros/humble/local/lib/python3.10/dist-packages/rosidl_adapter/parser.py", line 519, in parse_message_string
[0.533s]       fields.append(Field(
[0.533s]     File "/opt/ros/humble/local/lib/python3.10/dist-packages/rosidl_adapter/parser.py", line 354, in __init__
[0.533s]       raise NameError(
[0.533s] 
[0.533s]   NameError: 'direcao;' is an invalid field name.  It should have the pattern
[0.533s]   '^(?!.*__)(?!.*_$)[a-z][a-z0-9_]*$'
[0.533s] 
[0.533s] Call Stack (most recent call first):
[0.533s]   /opt/ros/humble/share/rosidl_cmake/cmake/rosidl_generate_interfaces.cmake:130 (rosidl_adapt_interfaces)
[0.533s]   CMakeLists.txt:19 (rosidl_generate_interfaces)
[0.533s] 
[0.533s] [0m
[0.533s] -- Configuring incomplete, errors occurred!
[0.534s] See also "/home/alves/ros2_ws/build/robot_ras_decision/CMakeFiles/CMakeOutput.log".
[0.540s] gmake: *** [Makefile:829: cmake_check_build_system] Erro 1
[0.542s] Invoked command in '/home/alves/ros2_ws/build/robot_ras_decision' returned '2': CMAKE_PREFIX_PATH=/opt/ros/humble /usr/bin/cmake --build /home/alves/ros2_ws/build/robot_ras_decision -- -j16 -l16
