[  9%] Built target robot_ras_decision__rosidl_generator_c
[ 11%] Built target robot_ras_decision__cpp
[ 11%] Built target ament_cmake_python_symlink_robot_ras_decision
[ 20%] Built target robot_ras_decision__rosidl_typesupport_c
[ 30%] Built target robot_ras_decision__rosidl_typesupport_introspection_c
[ 39%] Built target robot_ras_decision__rosidl_typesupport_fastrtps_c
[ 48%] Built target robot_ras_decision__rosidl_typesupport_cpp
[ 58%] Built target robot_ras_decision__rosidl_typesupport_fastrtps_cpp
[ 67%] Built target robot_ras_decision__rosidl_typesupport_introspection_cpp
[ 67%] Built target robot_ras_decision
[35m[1mConsolidate compiler generated dependencies of target DecisionNode[0m
[ 69%] Built target robot_ras_decision__py
[ 74%] Built target MotorControllerNode
[ 76%] [32mBuilding CXX object CMakeFiles/DecisionNode.dir/src/decision_node.cpp.o[0m
[ 83%] Built target robot_ras_decision__rosidl_generator_py
[ 88%] Built target robot_ras_decision__rosidl_typesupport_fastrtps_c__pyext
[ 93%] Built target robot_ras_decision__rosidl_typesupport_introspection_c__pyext
[ 97%] Built target robot_ras_decision__rosidl_typesupport_c__pyext
running egg_info
writing robot_ras_decision.egg-info/PKG-INFO
writing dependency_links to robot_ras_decision.egg-info/dependency_links.txt
writing top-level names to robot_ras_decision.egg-info/top_level.txt
reading manifest file 'robot_ras_decision.egg-info/SOURCES.txt'
writing manifest file 'robot_ras_decision.egg-info/SOURCES.txt'
[ 97%] Built target ament_cmake_python_build_robot_ras_decision_egg
[01m[K/home/alves/ros2_ws/src/robot_ras_decision/src/decision_node.cpp:[m[K In member function â€˜[01m[Kvoid DecisionNode::movement_callback()[m[Kâ€™:
[01m[K/home/alves/ros2_ws/src/robot_ras_decision/src/decision_node.cpp:81:44:[m[K [01;31m[Kerror: [m[Kâ€˜[01m[Ktopic[m[Kâ€™ was not declared in this scope
   81 |                 instruction.distancia = 0;;[01;31m[Ktopic[m[K echo /motor1/commands
      |                                            [01;31m[K^~~~~[m[K
gmake[2]: *** [CMakeFiles/DecisionNode.dir/build.make:76: CMakeFiles/DecisionNode.dir/src/decision_node.cpp.o] Erro 1
gmake[1]: *** [CMakeFiles/Makefile2:624: CMakeFiles/DecisionNode.dir/all] Erro 2
gmake: *** [Makefile:146: all] Erro 2
