[0.012s] Invoking command in '/home/alves/ros2_ws/build/robot_ras_decision': CMAKE_PREFIX_PATH=${CMAKE_PREFIX_PATH}:/opt/ros/humble /usr/bin/cmake --build /home/alves/ros2_ws/build/robot_ras_decision -- -j16 -l16
[0.071s] [35m[1mConsolidate compiler generated dependencies of target Manager[0m
[0.085s] [ 25%] [32mBuilding CXX object CMakeFiles/MovementControl.dir/src/movement_control.cpp.o[0m
[0.090s] [ 50%] [32mBuilding CXX object CMakeFiles/Manager.dir/src/manager.cpp.o[0m
[1.877s] [01m[K/home/alves/ros2_ws/src/robot_ras_decision/src/movement_control.cpp:[m[K In member function â€˜[01m[Kvoid MovementControl::movement_callback(const String&) const[m[Kâ€™:
[1.877s] [01m[K/home/alves/ros2_ws/src/robot_ras_decision/src/movement_control.cpp:44:19:[m[K [01;31m[Kerror: [m[Kâ€˜[01m[Kusing _data_type = class std::vector<double, std::allocator<double> >[m[Kâ€™ {aka â€˜[01m[Kclass std::vector<double, std::allocator<double> >[m[Kâ€™} has no member named â€˜[01m[Kresi[m[Kâ€™
[1.877s]    44 |       motor2.data.[01;31m[Kresi[m[K  ze(1);
[1.877s]       |                   [01;31m[K^~~~[m[K
[3.801s] gmake[2]: *** [CMakeFiles/MovementControl.dir/build.make:76: CMakeFiles/MovementControl.dir/src/movement_control.cpp.o] Error 1
[3.801s] gmake[1]: *** [CMakeFiles/Makefile2:139: CMakeFiles/MovementControl.dir/all] Error 2
[3.801s] gmake[1]: *** Waiting for unfinished jobs....
[6.215s] [ 75%] [32m[1mLinking CXX executable Manager[0m
[6.519s] [ 75%] Built target Manager
[6.520s] gmake: *** [Makefile:146: all] Error 2
[6.522s] Invoked command in '/home/alves/ros2_ws/build/robot_ras_decision' returned '2': CMAKE_PREFIX_PATH=${CMAKE_PREFIX_PATH}:/opt/ros/humble /usr/bin/cmake --build /home/alves/ros2_ws/build/robot_ras_decision -- -j16 -l16
