[0.008s] Invoking command in '/home/alves/ros2_ws/build/robot_ras_decision': CMAKE_PREFIX_PATH=/opt/ros/humble /usr/bin/cmake --build /home/alves/ros2_ws/build/robot_ras_decision -- -j16 -l16
[0.049s] [  9%] Built target robot_ras_decision__rosidl_generator_c
[0.051s] [ 11%] Built target robot_ras_decision__cpp
[0.058s] [ 11%] Built target ament_cmake_python_symlink_robot_ras_decision
[0.074s] [ 20%] Built target robot_ras_decision__rosidl_typesupport_introspection_c
[0.076s] [ 30%] Built target robot_ras_decision__rosidl_typesupport_fastrtps_c
[0.080s] [ 39%] Built target robot_ras_decision__rosidl_typesupport_fastrtps_cpp
[0.082s] [ 48%] Built target robot_ras_decision__rosidl_typesupport_cpp
[0.083s] [ 58%] Built target robot_ras_decision__rosidl_typesupport_c
[0.085s] [ 67%] Built target robot_ras_decision__rosidl_typesupport_introspection_cpp
[0.105s] [ 67%] Built target robot_ras_decision
[0.117s] [35m[1mConsolidate compiler generated dependencies of target MotorControllerNode[0m
[0.129s] [ 69%] Built target robot_ras_decision__py
[0.132s] [ 74%] [32mBuilding CXX object CMakeFiles/MotorControllerNode.dir/src/motor_controller_node.cpp.o[0m
[0.132s] [ 76%] Built target DecisionNode
[0.148s] [ 83%] Built target robot_ras_decision__rosidl_generator_py
[0.165s] [ 88%] Built target robot_ras_decision__rosidl_typesupport_fastrtps_c__pyext
[0.166s] [ 93%] Built target robot_ras_decision__rosidl_typesupport_introspection_c__pyext
[0.167s] [ 97%] Built target robot_ras_decision__rosidl_typesupport_c__pyext
[0.246s] running egg_info
[0.246s] writing robot_ras_decision.egg-info/PKG-INFO
[0.247s] writing dependency_links to robot_ras_decision.egg-info/dependency_links.txt
[0.247s] writing top-level names to robot_ras_decision.egg-info/top_level.txt
[0.248s] reading manifest file 'robot_ras_decision.egg-info/SOURCES.txt'
[0.249s] writing manifest file 'robot_ras_decision.egg-info/SOURCES.txt'
[0.272s] [ 97%] Built target ament_cmake_python_build_robot_ras_decision_egg
[1.829s] [01m[K/home/alves/ros2_ws/src/robot_ras_decision/src/motor_controller_node.cpp:[m[K In member function â€˜[01m[Kvoid MotorControllerNode::movement_callback(const Movement&) const[m[Kâ€™:
[1.829s] [01m[K/home/alves/ros2_ws/src/robot_ras_decision/src/motor_controller_node.cpp:32:22:[m[K [01;31m[Kerror: [m[Kâ€˜[01m[Kfloat32[m[Kâ€™ is not a member of â€˜[01m[Kstd_msgs::msg[m[Kâ€™; did you mean â€˜[01m[KFloat32[m[Kâ€™?
[1.829s]    32 |       std_msgs::msg::[01;31m[Kfloat32[m[K angulo = movimento.angulo;
[1.830s]       |                      [01;31m[K^~~~~~~[m[K
[1.830s]       |                      [32m[KFloat32[m[K
[1.830s] [01m[K/home/alves/ros2_ws/src/robot_ras_decision/src/motor_controller_node.cpp:33:22:[m[K [01;31m[Kerror: [m[Kâ€˜[01m[Kfloat32[m[Kâ€™ is not a member of â€˜[01m[Kstd_msgs::msg[m[Kâ€™; did you mean â€˜[01m[KFloat32[m[Kâ€™?
[1.830s]    33 |       std_msgs::msg::[01;31m[Kfloat32[m[K distancia = movimento.distancia;
[1.830s]       |                      [01;31m[K^~~~~~~[m[K
[1.830s]       |                      [32m[KFloat32[m[K
[1.830s] [01m[K/home/alves/ros2_ws/src/robot_ras_decision/src/motor_controller_node.cpp:35:45:[m[K [01;31m[Kerror: [m[Kcannot convert â€˜[01m[Krclcpp::Time[m[Kâ€™ to â€˜[01m[Kfloat[m[Kâ€™ in initialization
[1.830s]    35 |       float tempoAtual = [01;31m[Krclcpp::Clock().now()[m[K;
[1.830s]       |                          [01;31m[K~~~~~~~~~~~~~~~~~~~^~[m[K
[1.830s]       |                                             [01;31m[K|[m[K
[1.830s]       |                                             [01;31m[Krclcpp::Time[m[K
[1.835s] [01m[K/home/alves/ros2_ws/src/robot_ras_decision/src/motor_controller_node.cpp:38:32:[m[K [01;31m[Kerror: [m[Kâ€˜[01m[Kvelocidade_linear[m[Kâ€™ was not declared in this scope; did you mean â€˜[01m[Kvelocidade_linear_[m[Kâ€™?
[1.835s]    38 |       velocidade_angular = 2 * [01;31m[Kvelocidade_linear[m[K;
[1.835s]       |                                [01;31m[K^~~~~~~~~~~~~~~~~[m[K
[1.835s]       |                                [32m[Kvelocidade_linear_[m[K
[1.835s] [01m[K/home/alves/ros2_ws/src/robot_ras_decision/src/motor_controller_node.cpp:41:19:[m[K [01;31m[Kerror: [m[Kbase operand of â€˜[01m[K->[m[Kâ€™ has non-pointer type â€˜[01m[Kconst Movement[m[Kâ€™ {aka â€˜[01m[Kconst robot_ras_decision::msg::Movement_<std::allocator<void> >[m[Kâ€™}
[1.835s]    41 |       if(movimento[01;31m[K->[m[Kdirecao = "front") {
[1.835s]       |                   [01;31m[K^~[m[K
[1.840s] [01m[K/home/alves/ros2_ws/src/robot_ras_decision/src/motor_controller_node.cpp:42:21:[m[K [01;31m[Kerror: [m[Kâ€˜[01m[Kdistancia[m[Kâ€™ was not declared in this scope
[1.840s]    42 |         tempoExec = [01;31m[Kdistancia[m[K/velocidade_linear_;
[1.840s]       |                     [01;31m[K^~~~~~~~~[m[K
[1.840s] [01m[K/home/alves/ros2_ws/src/robot_ras_decision/src/motor_controller_node.cpp:47:26:[m[K [01;31m[Kerror: [m[Kbase operand of â€˜[01m[K->[m[Kâ€™ has non-pointer type â€˜[01m[Kconst Movement[m[Kâ€™ {aka â€˜[01m[Kconst robot_ras_decision::msg::Movement_<std::allocator<void> >[m[Kâ€™}
[1.840s]    47 |       } else if(movimento[01;31m[K->[m[Kdirecao = "rear") {
[1.840s]       |                          [01;31m[K^~[m[K
[1.844s] [01m[K/home/alves/ros2_ws/src/robot_ras_decision/src/motor_controller_node.cpp:48:21:[m[K [01;31m[Kerror: [m[Kâ€˜[01m[Kdistancia[m[Kâ€™ was not declared in this scope
[1.844s]    48 |         tempoExec = [01;31m[Kdistancia[m[K/velocidade_linear_;
[1.844s]       |                     [01;31m[K^~~~~~~~~[m[K
[1.844s] [01m[K/home/alves/ros2_ws/src/robot_ras_decision/src/motor_controller_node.cpp:53:26:[m[K [01;31m[Kerror: [m[Kbase operand of â€˜[01m[K->[m[Kâ€™ has non-pointer type â€˜[01m[Kconst Movement[m[Kâ€™ {aka â€˜[01m[Kconst robot_ras_decision::msg::Movement_<std::allocator<void> >[m[Kâ€™}
[1.844s]    53 |       } else if(movimento[01;31m[K->[m[Kdirecao = "left") {
[1.845s]       |                          [01;31m[K^~[m[K
[1.845s] [01m[K/home/alves/ros2_ws/src/robot_ras_decision/src/motor_controller_node.cpp:54:32:[m[K [01;31m[Kerror: [m[Kbase operand of â€˜[01m[K->[m[Kâ€™ has non-pointer type â€˜[01m[Kconst Movement[m[Kâ€™ {aka â€˜[01m[Kconst robot_ras_decision::msg::Movement_<std::allocator<void> >[m[Kâ€™}
[1.845s]    54 |         tempoExec = -(movimento[01;31m[K->[m[Kangulo/velocidade_angular);
[1.845s]       |                                [01;31m[K^~[m[K
[1.845s] [01m[K/home/alves/ros2_ws/src/robot_ras_decision/src/motor_controller_node.cpp:59:21:[m[K [01;31m[Kerror: [m[Kbase operand of â€˜[01m[K->[m[Kâ€™ has non-pointer type â€˜[01m[Kconst Movement[m[Kâ€™ {aka â€˜[01m[Kconst robot_ras_decision::msg::Movement_<std::allocator<void> >[m[Kâ€™}
[1.845s]    59 |       } if(movimento[01;31m[K->[m[Kdirecao = "left") {
[1.845s]       |                     [01;31m[K^~[m[K
[1.845s] [01m[K/home/alves/ros2_ws/src/robot_ras_decision/src/motor_controller_node.cpp:60:32:[m[K [01;31m[Kerror: [m[Kbase operand of â€˜[01m[K->[m[Kâ€™ has non-pointer type â€˜[01m[Kconst Movement[m[Kâ€™ {aka â€˜[01m[Kconst robot_ras_decision::msg::Movement_<std::allocator<void> >[m[Kâ€™}
[1.845s]    60 |         tempoExec = -(movimento[01;31m[K->[m[Kangulo/velocidade_angular);
[1.845s]       |                                [01;31m[K^~[m[K
[1.848s] [01m[K/home/alves/ros2_ws/src/robot_ras_decision/src/motor_controller_node.cpp:[m[K In member function â€˜[01m[Kvoid MotorControllerNode::setVelocity(const std::shared_ptr<robot_ras_decision::srv::SetVelocity_Request_<std::allocator<void> > >&, std::shared_ptr<robot_ras_decision::srv::SetVelocity_Response_<std::allocator<void> > >)[m[Kâ€™:
[1.848s] [01m[K/home/alves/ros2_ws/src/robot_ras_decision/src/motor_controller_node.cpp:81:80:[m[K [01;35m[Kwarning: [m[Kunused parameter â€˜[01m[Kresponse[m[Kâ€™ [[01;35m[K]8;;https://gcc.gnu.org/onlinedocs/gcc/Warning-Options.html#index-Wunused-parameter-Wunused-parameter]8;;[m[K]
[1.848s]    81 |           [01;35m[Kstd::shared_ptr<robot_ras_decision::srv::SetVelocity::Response>      response[m[K) {
[1.848s]       |           [01;35m[K~~~~~~~~~~~~~~~~~~~~~~~~~~~~~~~~~~~~~~~~~~~~~~~~~~~~~~~~~~~~~~~~~~~~~^~~~~~~~[m[K
[1.861s] [01m[K/home/alves/ros2_ws/src/robot_ras_decision/src/motor_controller_node.cpp:[m[K In function â€˜[01m[Kint main(int, char**)[m[Kâ€™:
[1.861s] [01m[K/home/alves/ros2_ws/src/robot_ras_decision/src/motor_controller_node.cpp:102:3:[m[K [01;31m[Kerror: [m[Kâ€˜[01m[Knode[m[Kâ€™ was not declared in this scope
[1.861s]   102 |   [01;31m[Knode[m[K->create_service<robot_ras_decision::srv::SetVelocity>("mudar_velocidade", &setVelocity);
[1.861s]       |   [01;31m[K^~~~[m[K
[1.861s] [01m[K/home/alves/ros2_ws/src/robot_ras_decision/src/motor_controller_node.cpp:102:60:[m[K [01;31m[Kerror: [m[Kexpected primary-expression before â€˜[01m[K>[m[Kâ€™ token
[1.861s]   102 |   node->create_service<robot_ras_decision::srv::SetVelocity[01;31m[K>[m[K("mudar_velocidade", &setVelocity);
[1.861s]       |                                                            [01;31m[K^[m[K
[1.862s] [01m[K/home/alves/ros2_ws/src/robot_ras_decision/src/motor_controller_node.cpp:102:62:[m[K [01;35m[Kwarning: [m[Kleft operand of comma operator has no effect [[01;35m[K]8;;https://gcc.gnu.org/onlinedocs/gcc/Warning-Options.html#index-Wunused-value-Wunused-value]8;;[m[K]
[1.862s]   102 |   node->create_service<robot_ras_decision::srv::SetVelocity>([01;35m[K"mudar_velocidade"[m[K, &setVelocity);
[1.862s]       |                                                              [01;35m[K^~~~~~~~~~~~~~~~~~[m[K
[3.773s] gmake[2]: *** [CMakeFiles/MotorControllerNode.dir/build.make:76: CMakeFiles/MotorControllerNode.dir/src/motor_controller_node.cpp.o] Erro 1
[3.773s] gmake[1]: *** [CMakeFiles/Makefile2:596: CMakeFiles/MotorControllerNode.dir/all] Erro 2
[3.773s] gmake: *** [Makefile:146: all] Erro 2
[3.775s] Invoked command in '/home/alves/ros2_ws/build/robot_ras_decision' returned '2': CMAKE_PREFIX_PATH=/opt/ros/humble /usr/bin/cmake --build /home/alves/ros2_ws/build/robot_ras_decision -- -j16 -l16
