[0.009s] Invoking command in '/home/alves/ros2_ws/build/robot_ras_decision': CMAKE_PREFIX_PATH=/opt/ros/humble /usr/bin/cmake --build /home/alves/ros2_ws/build/robot_ras_decision -- -j16 -l16
[0.052s] [35m[1mConsolidate compiler generated dependencies of target MovementControl[0m
[0.060s] [ 25%] [32mBuilding CXX object CMakeFiles/Manager.dir/src/manager.cpp.o[0m
[0.062s] [ 50%] [32mBuilding CXX object CMakeFiles/MovementControl.dir/src/movement_control.cpp.o[0m
[1.554s] [01m[K/home/alves/ros2_ws/src/robot_ras_decision/src/movement_control.cpp:21:45:[m[K [01;31m[Kerror: [m[Kâ€˜[01m[KRange[m[Kâ€™ is not a member of â€˜[01m[Kstd_msgs::msg[m[Kâ€™
[1.554s]    21 |         rclcpp::Subscription<std_msgs::msg::[01;31m[KRange[m[K>::SharedPtr sub_front_manager_;
[1.554s]       |                                             [01;31m[K^~~~~[m[K
[1.554s] [01m[K/home/alves/ros2_ws/src/robot_ras_decision/src/movement_control.cpp:21:50:[m[K [01;31m[Kerror: [m[Ktemplate argument 1 is invalid
[1.555s]    21 |         rclcpp::Subscription<std_msgs::msg::Range[01;31m[K>[m[K::SharedPtr sub_front_manager_;
[1.555s]       |                                                  [01;31m[K^[m[K
[1.555s] [01m[K/home/alves/ros2_ws/src/robot_ras_decision/src/movement_control.cpp:21:50:[m[K [01;31m[Kerror: [m[Ktemplate argument 3 is invalid
[1.555s] [01m[K/home/alves/ros2_ws/src/robot_ras_decision/src/movement_control.cpp:21:50:[m[K [01;31m[Kerror: [m[Ktemplate argument 4 is invalid
[1.555s] [01m[K/home/alves/ros2_ws/src/robot_ras_decision/src/movement_control.cpp:21:50:[m[K [01;31m[Kerror: [m[Ktemplate argument 5 is invalid
[1.555s] [01m[K/home/alves/ros2_ws/src/robot_ras_decision/src/movement_control.cpp:21:53:[m[K [01;31m[Kerror: [m[Kexpected â€˜[01m[K;[m[Kâ€™ at end of member declaration
[1.555s]    21 |         rclcpp::Subscription<std_msgs::msg::Range>::[01;31m[KSharedPtr[m[K sub_front_manager_;
[1.555s]       |                                                     [01;31m[K^~~~~~~~~[m[K
[1.555s]       |                                                              [32m[K;[m[K
[1.557s] [01m[K/home/alves/ros2_ws/src/robot_ras_decision/src/movement_control.cpp:21:63:[m[K [01;31m[Kerror: [m[Kâ€˜[01m[Ksub_front_manager_[m[Kâ€™ does not name a type
[1.557s]    21 |         rclcpp::Subscription<std_msgs::msg::Range>::SharedPtr [01;31m[Ksub_front_manager_[m[K;
[1.557s]       |                                                               [01;31m[K^~~~~~~~~~~~~~~~~~[m[K
[1.559s] [01m[K/home/alves/ros2_ws/src/robot_ras_decision/src/manager.cpp:13:14:[m[K [01;31m[Kerror: [m[Kâ€˜[01m[Krange[m[Kâ€™ in namespace â€˜[01m[Kstd[m[Kâ€™ does not name a type
[1.559s]    13 |         std::[01;31m[Krange[m[K distancia[];
[1.559s]       |              [01;31m[K^~~~~[m[K
[1.559s] [01m[K/home/alves/ros2_ws/src/robot_ras_decision/src/manager.cpp:14:45:[m[K [01;31m[Kerror: [m[Kâ€˜[01m[KRange[m[Kâ€™ is not a member of â€˜[01m[Kstd_msgs::msg[m[Kâ€™; did you mean â€˜[01m[Ksensor_msgs::msg::Range[m[Kâ€™?
[1.559s]    14 |         rclcpp::Subscription<std_msgs::msg::[01;31m[KRange[m[K>::SharedPtr sub_front_manager_;
[1.559s]       |                                             [01;31m[K^~~~~[m[K
[1.559s] In file included from [01m[K/opt/ros/humble/include/sensor_msgs/sensor_msgs/msg/range.hpp:7[m[K,
[1.560s]                  from [01m[K/home/alves/ros2_ws/src/robot_ras_decision/src/manager.cpp:8[m[K:
[1.560s] [01m[K/opt/ros/humble/include/sensor_msgs/sensor_msgs/msg/detail/range__struct.hpp:199:7:[m[K [01;36m[Knote: [m[Kâ€˜[01m[Ksensor_msgs::msg::Range[m[Kâ€™ declared here
[1.560s]   199 | using [01;36m[KRange[m[K =
[1.560s]       |       [01;36m[K^~~~~[m[K
[1.560s] [01m[K/home/alves/ros2_ws/src/robot_ras_decision/src/manager.cpp:14:50:[m[K [01;31m[Kerror: [m[Ktemplate argument 1 is invalid
[1.560s]    14 |         rclcpp::Subscription<std_msgs::msg::Range[01;31m[K>[m[K::SharedPtr sub_front_manager_;
[1.560s]       |                                                  [01;31m[K^[m[K
[1.560s] [01m[K/home/alves/ros2_ws/src/robot_ras_decision/src/manager.cpp:14:50:[m[K [01;31m[Kerror: [m[Ktemplate argument 3 is invalid
[1.560s] [01m[K/home/alves/ros2_ws/src/robot_ras_decision/src/manager.cpp:14:50:[m[K [01;31m[Kerror: [m[Ktemplate argument 4 is invalid
[1.560s] [01m[K/home/alves/ros2_ws/src/robot_ras_decision/src/manager.cpp:14:50:[m[K [01;31m[Kerror: [m[Ktemplate argument 5 is invalid
[1.560s] [01m[K/home/alves/ros2_ws/src/robot_ras_decision/src/manager.cpp:14:53:[m[K [01;31m[Kerror: [m[Kexpected â€˜[01m[K;[m[Kâ€™ at end of member declaration
[1.560s]    14 |         rclcpp::Subscription<std_msgs::msg::Range>::[01;31m[KSharedPtr[m[K sub_front_manager_;
[1.560s]       |                                                     [01;31m[K^~~~~~~~~[m[K
[1.560s]       |                                                              [32m[K;[m[K
[1.561s] [01m[K/home/alves/ros2_ws/src/robot_ras_decision/src/manager.cpp:14:63:[m[K [01;31m[Kerror: [m[Kâ€˜[01m[Ksub_front_manager_[m[Kâ€™ does not name a type
[1.562s]    14 |         rclcpp::Subscription<std_msgs::msg::Range>::SharedPtr [01;31m[Ksub_front_manager_[m[K;
[1.562s]       |                                                               [01;31m[K^~~~~~~~~~~~~~~~~~[m[K
[1.562s] [01m[K/home/alves/ros2_ws/src/robot_ras_decision/src/manager.cpp:15:45:[m[K [01;31m[Kerror: [m[Kâ€˜[01m[KRange[m[Kâ€™ is not a member of â€˜[01m[Kstd_msgs::msg[m[Kâ€™; did you mean â€˜[01m[Ksensor_msgs::msg::Range[m[Kâ€™?
[1.562s]    15 |         rclcpp::Subscription<std_msgs::msg::[01;31m[KRange[m[K>::SharedPtr sub_rear_manager_;
[1.562s]       |                                             [01;31m[K^~~~~[m[K
[1.562s] In file included from [01m[K/opt/ros/humble/include/sensor_msgs/sensor_msgs/msg/range.hpp:7[m[K,
[1.562s]                  from [01m[K/home/alves/ros2_ws/src/robot_ras_decision/src/manager.cpp:8[m[K:
[1.562s] [01m[K/opt/ros/humble/include/sensor_msgs/sensor_msgs/msg/detail/range__struct.hpp:199:7:[m[K [01;36m[Knote: [m[Kâ€˜[01m[Ksensor_msgs::msg::Range[m[Kâ€™ declared here
[1.562s]   199 | using [01;36m[KRange[m[K =
[1.562s]       |       [01;36m[K^~~~~[m[K
[1.562s] [01m[K/home/alves/ros2_ws/src/robot_ras_decision/src/manager.cpp:15:50:[m[K [01;31m[Kerror: [m[Ktemplate argument 1 is invalid
[1.562s]    15 |         rclcpp::Subscription<std_msgs::msg::Range[01;31m[K>[m[K::SharedPtr sub_rear_manager_;
[1.562s]       |                                                  [01;31m[K^[m[K
[1.562s] [01m[K/home/alves/ros2_ws/src/robot_ras_decision/src/manager.cpp:15:50:[m[K [01;31m[Kerror: [m[Ktemplate argument 3 is invalid
[1.562s] [01m[K/home/alves/ros2_ws/src/robot_ras_decision/src/manager.cpp:15:50:[m[K [01;31m[Kerror: [m[Ktemplate argument 4 is invalid
[1.562s] [01m[K/home/alves/ros2_ws/src/robot_ras_decision/src/manager.cpp:15:50:[m[K [01;31m[Kerror: [m[Ktemplate argument 5 is invalid
[1.562s] [01m[K/home/alves/ros2_ws/src/robot_ras_decision/src/manager.cpp:15:53:[m[K [01;31m[Kerror: [m[Kexpected â€˜[01m[K;[m[Kâ€™ at end of member declaration
[1.562s]    15 |         rclcpp::Subscription<std_msgs::msg::Range>::[01;31m[KSharedPtr[m[K sub_rear_manager_;
[1.562s]       |                                                     [01;31m[K^~~~~~~~~[m[K
[1.562s]       |                                                              [32m[K;[m[K
[1.562s] [01m[K/home/alves/ros2_ws/src/robot_ras_decision/src/manager.cpp:15:53:[m[K [01;31m[Kerror: [m[Kredeclaration of â€˜[01m[Kint Manager::SharedPtr[m[Kâ€™
[1.562s] [01m[K/home/alves/ros2_ws/src/robot_ras_decision/src/manager.cpp:14:53:[m[K [01;36m[Knote: [m[Kprevious declaration â€˜[01m[Kint Manager::SharedPtr[m[Kâ€™
[1.562s]    14 |         rclcpp::Subscription<std_msgs::msg::Range>::[01;36m[KSharedPtr[m[K sub_front_manager_;
[1.562s]       |                                                     [01;36m[K^~~~~~~~~[m[K
[1.564s] [01m[K/home/alves/ros2_ws/src/robot_ras_decision/src/manager.cpp:15:63:[m[K [01;31m[Kerror: [m[Kâ€˜[01m[Ksub_rear_manager_[m[Kâ€™ does not name a type
[1.564s]    15 |         rclcpp::Subscription<std_msgs::msg::Range>::SharedPtr [01;31m[Ksub_rear_manager_[m[K;
[1.564s]       |                                                               [01;31m[K^~~~~~~~~~~~~~~~~[m[K
[1.564s] [01m[K/home/alves/ros2_ws/src/robot_ras_decision/src/manager.cpp:16:45:[m[K [01;31m[Kerror: [m[Kâ€˜[01m[KRange[m[Kâ€™ is not a member of â€˜[01m[Kstd_msgs::msg[m[Kâ€™; did you mean â€˜[01m[Ksensor_msgs::msg::Range[m[Kâ€™?
[1.564s]    16 |         rclcpp::Subscription<std_msgs::msg::[01;31m[KRange[m[K>::SharedPtr sub_left_manager_;
[1.564s]       |                                             [01;31m[K^~~~~[m[K
[1.564s] In file included from [01m[K/opt/ros/humble/include/sensor_msgs/sensor_msgs/msg/range.hpp:7[m[K,
[1.564s]                  from [01m[K/home/alves/ros2_ws/src/robot_ras_decision/src/manager.cpp:8[m[K:
[1.564s] [01m[K/opt/ros/humble/include/sensor_msgs/sensor_msgs/msg/detail/range__struct.hpp:199:7:[m[K [01;36m[Knote: [m[Kâ€˜[01m[Ksensor_msgs::msg::Range[m[Kâ€™ declared here
[1.564s]   199 | using [01;36m[KRange[m[K =
[1.564s]       |       [01;36m[K^~~~~[m[K
[1.564s] [01m[K/home/alves/ros2_ws/src/robot_ras_decision/src/manager.cpp:16:50:[m[K [01;31m[Kerror: [m[Ktemplate argument 1 is invalid
[1.564s]    16 |         rclcpp::Subscription<std_msgs::msg::Range[01;31m[K>[m[K::SharedPtr sub_left_manager_;
[1.564s]       |                                                  [01;31m[K^[m[K
[1.564s] [01m[K/home/alves/ros2_ws/src/robot_ras_decision/src/manager.cpp:16:50:[m[K [01;31m[Kerror: [m[Ktemplate argument 3 is invalid
[1.564s] [01m[K/home/alves/ros2_ws/src/robot_ras_decision/src/manager.cpp:16:50:[m[K [01;31m[Kerror: [m[Ktemplate argument 4 is invalid
[1.564s] [01m[K/home/alves/ros2_ws/src/robot_ras_decision/src/manager.cpp:16:50:[m[K [01;31m[Kerror: [m[Ktemplate argument 5 is invalid
[1.564s] [01m[K/home/alves/ros2_ws/src/robot_ras_decision/src/manager.cpp:16:53:[m[K [01;31m[Kerror: [m[Kexpected â€˜[01m[K;[m[Kâ€™ at end of member declaration
[1.564s]    16 |         rclcpp::Subscription<std_msgs::msg::Range>::[01;31m[KSharedPtr[m[K sub_left_manager_;
[1.564s]       |                                                     [01;31m[K^~~~~~~~~[m[K
[1.564s]       |                                                              [32m[K;[m[K
[1.564s] [01m[K/home/alves/ros2_ws/src/robot_ras_decision/src/manager.cpp:16:53:[m[K [01;31m[Kerror: [m[Kredeclaration of â€˜[01m[Kint Manager::SharedPtr[m[Kâ€™
[1.564s] [01m[K/home/alves/ros2_ws/src/robot_ras_decision/src/manager.cpp:14:53:[m[K [01;36m[Knote: [m[Kprevious declaration â€˜[01m[Kint Manager::SharedPtr[m[Kâ€™
[1.564s]    14 |         rclcpp::Subscription<std_msgs::msg::Range>::[01;36m[KSharedPtr[m[K sub_front_manager_;
[1.564s]       |                                                     [01;36m[K^~~~~~~~~[m[K
[1.566s] [01m[K/home/alves/ros2_ws/src/robot_ras_decision/src/manager.cpp:16:63:[m[K [01;31m[Kerror: [m[Kâ€˜[01m[Ksub_left_manager_[m[Kâ€™ does not name a type
[1.566s]    16 |         rclcpp::Subscription<std_msgs::msg::Range>::SharedPtr [01;31m[Ksub_left_manager_[m[K;
[1.566s]       |                                                               [01;31m[K^~~~~~~~~~~~~~~~~[m[K
[1.566s] [01m[K/home/alves/ros2_ws/src/robot_ras_decision/src/manager.cpp:17:45:[m[K [01;31m[Kerror: [m[Kâ€˜[01m[KRange[m[Kâ€™ is not a member of â€˜[01m[Kstd_msgs::msg[m[Kâ€™; did you mean â€˜[01m[Ksensor_msgs::msg::Range[m[Kâ€™?
[1.566s]    17 |         rclcpp::Subscription<std_msgs::msg::[01;31m[KRange[m[K>::SharedPtr sub_right_manager_;
[1.566s]       |                                             [01;31m[K^~~~~[m[K
[1.566s] In file included from [01m[K/opt/ros/humble/include/sensor_msgs/sensor_msgs/msg/range.hpp:7[m[K,
[1.566s]                  from [01m[K/home/alves/ros2_ws/src/robot_ras_decision/src/manager.cpp:8[m[K:
[1.566s] [01m[K/opt/ros/humble/include/sensor_msgs/sensor_msgs/msg/detail/range__struct.hpp:199:7:[m[K [01;36m[Knote: [m[Kâ€˜[01m[Ksensor_msgs::msg::Range[m[Kâ€™ declared here
[1.566s]   199 | using [01;36m[KRange[m[K =
[1.566s]       |       [01;36m[K^~~~~[m[K
[1.566s] [01m[K/home/alves/ros2_ws/src/robot_ras_decision/src/manager.cpp:17:50:[m[K [01;31m[Kerror: [m[Ktemplate argument 1 is invalid
[1.566s]    17 |         rclcpp::Subscription<std_msgs::msg::Range[01;31m[K>[m[K::SharedPtr sub_right_manager_;
[1.566s]       |                                                  [01;31m[K^[m[K
[1.566s] [01m[K/home/alves/ros2_ws/src/robot_ras_decision/src/manager.cpp:17:50:[m[K [01;31m[Kerror: [m[Ktemplate argument 3 is invalid
[1.566s] [01m[K/home/alves/ros2_ws/src/robot_ras_decision/src/manager.cpp:17:50:[m[K [01;31m[Kerror: [m[Ktemplate argument 4 is invalid
[1.566s] [01m[K/home/alves/ros2_ws/src/robot_ras_decision/src/manager.cpp:17:50:[m[K [01;31m[Kerror: [m[Ktemplate argument 5 is invalid
[1.566s] [01m[K/home/alves/ros2_ws/src/robot_ras_decision/src/manager.cpp:17:53:[m[K [01;31m[Kerror: [m[Kexpected â€˜[01m[K;[m[Kâ€™ at end of member declaration
[1.566s]    17 |         rclcpp::Subscription<std_msgs::msg::Range>::[01;31m[KSharedPtr[m[K sub_right_manager_;
[1.566s]       |                                                     [01;31m[K^~~~~~~~~[m[K
[1.566s]       |                                                              [32m[K;[m[K
[1.566s] [01m[K/home/alves/ros2_ws/src/robot_ras_decision/src/manager.cpp:17:53:[m[K [01;31m[Kerror: [m[Kredeclaration of â€˜[01m[Kint Manager::SharedPtr[m[Kâ€™
[1.566s] [01m[K/home/alves/ros2_ws/src/robot_ras_decision/src/manager.cpp:14:53:[m[K [01;36m[Knote: [m[Kprevious declaration â€˜[01m[Kint Manager::SharedPtr[m[Kâ€™
[1.567s]    14 |         rclcpp::Subscription<std_msgs::msg::Range>::[01;36m[KSharedPtr[m[K sub_front_manager_;
[1.567s]       |                                                     [01;36m[K^~~~~~~~~[m[K
[1.568s] [01m[K/home/alves/ros2_ws/src/robot_ras_decision/src/manager.cpp:17:63:[m[K [01;31m[Kerror: [m[Kâ€˜[01m[Ksub_right_manager_[m[Kâ€™ does not name a type
[1.568s]    17 |         rclcpp::Subscription<std_msgs::msg::Range>::SharedPtr [01;31m[Ksub_right_manager_[m[K;
[1.568s]       |                                                               [01;31m[K^~~~~~~~~~~~~~~~~~[m[K
[1.570s] [01m[K/home/alves/ros2_ws/src/robot_ras_decision/src/manager.cpp:35:54:[m[K [01;31m[Kerror: [m[Kâ€˜[01m[KRange[m[Kâ€™ in namespace â€˜[01m[Kstd_msgs::msg[m[Kâ€™ does not name a type
[1.570s]    35 |         void sub_front_callback(const std_msgs::msg::[01;31m[KRange[m[K & msg) const
[1.570s]       |                                                      [01;31m[K^~~~~[m[K
[1.570s] [01m[K/home/alves/ros2_ws/src/robot_ras_decision/src/manager.cpp:42:53:[m[K [01;31m[Kerror: [m[Kâ€˜[01m[KRange[m[Kâ€™ in namespace â€˜[01m[Kstd_msgs::msg[m[Kâ€™ does not name a type
[1.571s]    42 |         void sub_rear_callback(const std_msgs::msg::[01;31m[KRange[m[K & msg) const
[1.571s]       |                                                     [01;31m[K^~~~~[m[K
[1.571s] [01m[K/home/alves/ros2_ws/src/robot_ras_decision/src/manager.cpp:49:53:[m[K [01;31m[Kerror: [m[Kâ€˜[01m[KRange[m[Kâ€™ in namespace â€˜[01m[Kstd_msgs::msg[m[Kâ€™ does not name a type
[1.571s]    49 |         void sub_left_callback(const std_msgs::msg::[01;31m[KRange[m[K & msg) const
[1.571s]       |                                                     [01;31m[K^~~~~[m[K
[1.571s] [01m[K/home/alves/ros2_ws/src/robot_ras_decision/src/manager.cpp:56:54:[m[K [01;31m[Kerror: [m[Kâ€˜[01m[KRange[m[Kâ€™ in namespace â€˜[01m[Kstd_msgs::msg[m[Kâ€™ does not name a type
[1.571s]    56 |         void sub_right_callback(const std_msgs::msg::[01;31m[KRange[m[K & msg) const
[1.571s]       |                                                      [01;31m[K^~~~~[m[K
[1.571s] [01m[K/home/alves/ros2_ws/src/robot_ras_decision/src/manager.cpp:63:53:[m[K [01;31m[Kerror: [m[Kâ€˜[01m[KRange[m[Kâ€™ in namespace â€˜[01m[Kstd_msgs::msg[m[Kâ€™ does not name a type
[1.571s]    63 |         void movement_callback(const std_msgs::msg::[01;31m[KRange[m[K & msg) const
[1.571s]       |                                                     [01;31m[K^~~~~[m[K
[1.571s] [01m[K/home/alves/ros2_ws/src/robot_ras_decision/src/manager.cpp:86:2:[m[K [01;31m[Kerror: [m[Kexpected â€˜[01m[K;[m[Kâ€™ after class definition
[1.571s]    86 | }
[1.571s]       |  [01;31m[K^[m[K
[1.571s]       |  [32m[K;[m[K
[1.577s] [01m[K/home/alves/ros2_ws/src/robot_ras_decision/src/manager.cpp:[m[K In constructor â€˜[01m[KManager::Manager()[m[Kâ€™:
[1.578s] [01m[K/home/alves/ros2_ws/src/robot_ras_decision/src/manager.cpp:23:13:[m[K [01;31m[Kerror: [m[Kâ€˜[01m[Ksub_front_manager_[m[Kâ€™ was not declared in this scope
[1.578s]    23 |             [01;31m[Ksub_front_manager_[m[K = this->create_subscription<std_msgs::msg::Range>(
[1.578s]       |             [01;31m[K^~~~~~~~~~~~~~~~~~[m[K
[1.578s] [01m[K/home/alves/ros2_ws/src/robot_ras_decision/src/manager.cpp:23:75:[m[K [01;31m[Kerror: [m[Kâ€˜[01m[KRange[m[Kâ€™ is not a member of â€˜[01m[Kstd_msgs::msg[m[Kâ€™; did you mean â€˜[01m[Ksensor_msgs::msg::Range[m[Kâ€™?
[1.578s]    23 |             sub_front_manager_ = this->create_subscription<std_msgs::msg::[01;31m[KRange[m[K>(
[1.578s]       |                                                                           [01;31m[K^~~~~[m[K
[1.578s] In file included from [01m[K/opt/ros/humble/include/sensor_msgs/sensor_msgs/msg/range.hpp:7[m[K,
[1.578s]                  from [01m[K/home/alves/ros2_ws/src/robot_ras_decision/src/manager.cpp:8[m[K:
[1.578s] [01m[K/opt/ros/humble/include/sensor_msgs/sensor_msgs/msg/detail/range__struct.hpp:199:7:[m[K [01;36m[Knote: [m[Kâ€˜[01m[Ksensor_msgs::msg::Range[m[Kâ€™ declared here
[1.578s]   199 | using [01;36m[KRange[m[K =
[1.578s]       |       [01;36m[K^~~~~[m[K
[1.581s] [01m[K/home/alves/ros2_ws/src/robot_ras_decision/src/manager.cpp:23:81:[m[K [01;31m[Kerror: [m[Kno matching function for call to â€˜[01m[KManager::create_subscription<<expression error> >(const char [19], int, std::_Bind_helper<false, void (Manager::*)(const int&) const, Manager*, const std::_Placeholder<1>&>::type)[m[Kâ€™
[1.581s]    23 |             sub_front_manager_ = [01;31m[Kthis->create_subscription<std_msgs::msg::Range>([m[K
[1.581s]       |                                  [01;31m[K~~~~~~~~~~~~~~~~~~~~~~~~~~~~~~~~~~~~~~~~~~~~~~~^[m[K
[1.581s]    24 | [01;31m[K            "sensor_range/front", 10, std::bind(&Manager::sub_front_callback, this, std::placeholders::_1))[m[K;
[1.581s]       |             [01;31m[K~~~~~~~~~~~~~~~~~~~~~~~~~~~~~~~~~~~~~~~~~~~~~~~~~~~~~~~~~~~~~~~~~~~~~~~~~~~~~~~~~~~~~~~~~~~~~~~[m[K
[1.581s] In file included from [01m[K/opt/ros/humble/include/rclcpp/rclcpp/executors/single_threaded_executor.hpp:28[m[K,
[1.581s]                  from [01m[K/opt/ros/humble/include/rclcpp/rclcpp/executors.hpp:22[m[K,
[1.582s]                  from [01m[K/opt/ros/humble/include/rclcpp/rclcpp/rclcpp.hpp:155[m[K,
[1.582s]                  from [01m[K/home/alves/ros2_ws/src/robot_ras_decision/src/manager.cpp:5[m[K:
[1.582s] [01m[K/opt/ros/humble/include/rclcpp/rclcpp/node.hpp:219:3:[m[K [01;36m[Knote: [m[Kcandidate: â€˜[01m[Ktemplate<class MessageT, class CallbackT, class AllocatorT, class SubscriptionT, class MessageMemoryStrategyT> std::shared_ptr<ROSMessageT> rclcpp::Node::create_subscription(const string&, const rclcpp::QoS&, CallbackT&&, const rclcpp::SubscriptionOptionsWithAllocator<AllocatorT>&, typename MessageMemoryStrategyT::SharedPtr)[m[Kâ€™
[1.582s]   219 |   [01;36m[Kcreate_subscription[m[K(
[1.582s]       |   [01;36m[K^~~~~~~~~~~~~~~~~~~[m[K
[1.582s] [01m[K/opt/ros/humble/include/rclcpp/rclcpp/node.hpp:219:3:[m[K [01;36m[Knote: [m[K  template argument deduction/substitution failed:
[1.582s] [01m[K/home/alves/ros2_ws/src/robot_ras_decision/src/manager.cpp:23:81:[m[K [01;31m[Kerror: [m[Ktemplate argument 1 is invalid
[1.582s]    23 |             sub_front_manager_ = [01;31m[Kthis->create_subscription<std_msgs::msg::Range>([m[K
[1.582s]       |                                  [01;31m[K~~~~~~~~~~~~~~~~~~~~~~~~~~~~~~~~~~~~~~~~~~~~~~~^[m[K
[1.582s]    24 | [01;31m[K            "sensor_range/front", 10, std::bind(&Manager::sub_front_callback, this, std::placeholders::_1))[m[K;
[1.582s]       |             [01;31m[K~~~~~~~~~~~~~~~~~~~~~~~~~~~~~~~~~~~~~~~~~~~~~~~~~~~~~~~~~~~~~~~~~~~~~~~~~~~~~~~~~~~~~~~~~~~~~~~[m[K
[1.587s] [01m[K/home/alves/ros2_ws/src/robot_ras_decision/src/manager.cpp:25:13:[m[K [01;31m[Kerror: [m[Kâ€˜[01m[Ksub_rear_manager_[m[Kâ€™ was not declared in this scope; did you mean â€˜[01m[Kpub_manager_[m[Kâ€™?
[1.587s]    25 |             [01;31m[Ksub_rear_manager_[m[K = this->create_subscription<std_msgs::msg::Range>(
[1.587s]       |             [01;31m[K^~~~~~~~~~~~~~~~~[m[K
[1.587s]       |             [32m[Kpub_manager_[m[K
[1.587s] [01m[K/home/alves/ros2_ws/src/robot_ras_decision/src/manager.cpp:25:74:[m[K [01;31m[Kerror: [m[Kâ€˜[01m[KRange[m[Kâ€™ is not a member of â€˜[01m[Kstd_msgs::msg[m[Kâ€™; did you mean â€˜[01m[Ksensor_msgs::msg::Range[m[Kâ€™?
[1.587s]    25 |             sub_rear_manager_ = this->create_subscription<std_msgs::msg::[01;31m[KRange[m[K>(
[1.587s]       |                                                                          [01;31m[K^~~~~[m[K
[1.587s] In file included from [01m[K/opt/ros/humble/include/sensor_msgs/sensor_msgs/msg/range.hpp:7[m[K,
[1.587s]                  from [01m[K/home/alves/ros2_ws/src/robot_ras_decision/src/manager.cpp:8[m[K:
[1.587s] [01m[K/opt/ros/humble/include/sensor_msgs/sensor_msgs/msg/detail/range__struct.hpp:199:7:[m[K [01;36m[Knote: [m[Kâ€˜[01m[Ksensor_msgs::msg::Range[m[Kâ€™ declared here
[1.587s]   199 | using [01;36m[KRange[m[K =
[1.588s]       |       [01;36m[K^~~~~[m[K
[1.588s] [01m[K/home/alves/ros2_ws/src/robot_ras_decision/src/manager.cpp:25:80:[m[K [01;31m[Kerror: [m[Kno matching function for call to â€˜[01m[KManager::create_subscription<<expression error> >(const char [18], int, std::_Bind_helper<false, void (Manager::*)(const int&) const, Manager*, const std::_Placeholder<1>&>::type)[m[Kâ€™
[1.588s]    25 |             sub_rear_manager_ = [01;31m[Kthis->create_subscription<std_msgs::msg::Range>([m[K
[1.588s]       |                                 [01;31m[K~~~~~~~~~~~~~~~~~~~~~~~~~~~~~~~~~~~~~~~~~~~~~~~^[m[K
[1.588s]    26 | [01;31m[K            "sensor_range/rear", 10, std::bind(&Manager::sub_rear_callback, this, std::placeholders::_1))[m[K;
[1.588s]       |             [01;31m[K~~~~~~~~~~~~~~~~~~~~~~~~~~~~~~~~~~~~~~~~~~~~~~~~~~~~~~~~~~~~~~~~~~~~~~~~~~~~~~~~~~~~~~~~~~~~~[m[K
[1.588s] In file included from [01m[K/opt/ros/humble/include/rclcpp/rclcpp/executors/single_threaded_executor.hpp:28[m[K,
[1.588s]                  from [01m[K/opt/ros/humble/include/rclcpp/rclcpp/executors.hpp:22[m[K,
[1.588s]                  from [01m[K/opt/ros/humble/include/rclcpp/rclcpp/rclcpp.hpp:155[m[K,
[1.588s]                  from [01m[K/home/alves/ros2_ws/src/robot_ras_decision/src/manager.cpp:5[m[K:
[1.588s] [01m[K/opt/ros/humble/include/rclcpp/rclcpp/node.hpp:219:3:[m[K [01;36m[Knote: [m[Kcandidate: â€˜[01m[Ktemplate<class MessageT, class CallbackT, class AllocatorT, class SubscriptionT, class MessageMemoryStrategyT> std::shared_ptr<ROSMessageT> rclcpp::Node::create_subscription(const string&, const rclcpp::QoS&, CallbackT&&, const rclcpp::SubscriptionOptionsWithAllocator<AllocatorT>&, typename MessageMemoryStrategyT::SharedPtr)[m[Kâ€™
[1.588s]   219 |   [01;36m[Kcreate_subscription[m[K(
[1.588s]       |   [01;36m[K^~~~~~~~~~~~~~~~~~~[m[K
[1.589s] [01m[K/opt/ros/humble/include/rclcpp/rclcpp/node.hpp:219:3:[m[K [01;36m[Knote: [m[K  template argument deduction/substitution failed:
[1.589s] [01m[K/home/alves/ros2_ws/src/robot_ras_decision/src/manager.cpp:25:80:[m[K [01;31m[Kerror: [m[Ktemplate argument 1 is invalid
[1.589s]    25 |             sub_rear_manager_ = [01;31m[Kthis->create_subscription<std_msgs::msg::Range>([m[K
[1.589s]       |                                 [01;31m[K~~~~~~~~~~~~~~~~~~~~~~~~~~~~~~~~~~~~~~~~~~~~~~~^[m[K
[1.589s]    26 | [01;31m[K            "sensor_range/rear", 10, std::bind(&Manager::sub_rear_callback, this, std::placeholders::_1))[m[K;
[1.589s]       |             [01;31m[K~~~~~~~~~~~~~~~~~~~~~~~~~~~~~~~~~~~~~~~~~~~~~~~~~~~~~~~~~~~~~~~~~~~~~~~~~~~~~~~~~~~~~~~~~~~~~[m[K
[1.590s] [01m[K/home/alves/ros2_ws/src/robot_ras_decision/src/movement_control.cpp:[m[K In member function â€˜[01m[Kvoid MovementControl::movement_callback(const String&) const[m[Kâ€™:
[1.590s] [01m[K/home/alves/ros2_ws/src/robot_ras_decision/src/movement_control.cpp:45:19:[m[K [01;31m[Kerror: [m[Kâ€˜[01m[Kusing _data_type = class std::vector<double, std::allocator<double> >[m[Kâ€™ {aka â€˜[01m[Kclass std::vector<double, std::allocator<double> >[m[Kâ€™} has no member named â€˜[01m[Kresi[m[Kâ€™
[1.590s]    45 |       motor2.data.[01;31m[Kresi[m[K            mensagem.data = direcao;ze(1);
[1.590s]       |                   [01;31m[K^~~~[m[K
[1.592s] [01m[K/home/alves/ros2_ws/src/robot_ras_decision/src/manager.cpp:27:13:[m[K [01;31m[Kerror: [m[Kâ€˜[01m[Ksub_left_manager_[m[Kâ€™ was not declared in this scope; did you mean â€˜[01m[Kpub_manager_[m[Kâ€™?
[1.593s]    27 |             [01;31m[Ksub_left_manager_[m[K = this->create_subscription<std_msgs::msg::Range>(
[1.593s]       |             [01;31m[K^~~~~~~~~~~~~~~~~[m[K
[1.593s]       |             [32m[Kpub_manager_[m[K
[1.593s] [01m[K/home/alves/ros2_ws/src/robot_ras_decision/src/manager.cpp:27:74:[m[K [01;31m[Kerror: [m[Kâ€˜[01m[KRange[m[Kâ€™ is not a member of â€˜[01m[Kstd_msgs::msg[m[Kâ€™; did you mean â€˜[01m[Ksensor_msgs::msg::Range[m[Kâ€™?
[1.593s]    27 |             sub_left_manager_ = this->create_subscription<std_msgs::msg::[01;31m[KRange[m[K>(
[1.593s]       |                                                                          [01;31m[K^~~~~[m[K
[1.593s] In file included from [01m[K/opt/ros/humble/include/sensor_msgs/sensor_msgs/msg/range.hpp:7[m[K,
[1.593s]                  from [01m[K/home/alves/ros2_ws/src/robot_ras_decision/src/manager.cpp:8[m[K:
[1.593s] [01m[K/opt/ros/humble/include/sensor_msgs/sensor_msgs/msg/detail/range__struct.hpp:199:7:[m[K [01;36m[Knote: [m[Kâ€˜[01m[Ksensor_msgs::msg::Range[m[Kâ€™ declared here
[1.593s]   199 | using [01;36m[KRange[m[K =
[1.593s]       |       [01;36m[K^~~~~[m[K
[1.593s] [01m[K/home/alves/ros2_ws/src/robot_ras_decision/src/manager.cpp:27:80:[m[K [01;31m[Kerror: [m[Kno matching function for call to â€˜[01m[KManager::create_subscription<<expression error> >(const char [18], int, std::_Bind_helper<false, void (Manager::*)(const int&) const, Manager*, const std::_Placeholder<1>&>::type)[m[Kâ€™
[1.593s]    27 |             sub_left_manager_ = [01;31m[Kthis->create_subscription<std_msgs::msg::Range>([m[K
[1.594s]       |                                 [01;31m[K~~~~~~~~~~~~~~~~~~~~~~~~~~~~~~~~~~~~~~~~~~~~~~~^[m[K
[1.594s]    28 | [01;31m[K            "sensor_range/left", 10, std::bind(&Manager::sub_left_callback, this, std::placeholders::_1))[m[K;
[1.594s]       |             [01;31m[K~~~~~~~~~~~~~~~~~~~~~~~~~~~~~~~~~~~~~~~~~~~~~~~~~~~~~~~~~~~~~~~~~~~~~~~~~~~~~~~~~~~~~~~~~~~~~[m[K
[1.594s] In file included from [01m[K/opt/ros/humble/include/rclcpp/rclcpp/executors/single_threaded_executor.hpp:28[m[K,
[1.594s]                  from [01m[K/opt/ros/humble/include/rclcpp/rclcpp/executors.hpp:22[m[K,
[1.594s]                  from [01m[K/opt/ros/humble/include/rclcpp/rclcpp/rclcpp.hpp:155[m[K,
[1.594s]                  from [01m[K/home/alves/ros2_ws/src/robot_ras_decision/src/manager.cpp:5[m[K:
[1.594s] [01m[K/opt/ros/humble/include/rclcpp/rclcpp/node.hpp:219:3:[m[K [01;36m[Knote: [m[Kcandidate: â€˜[01m[Ktemplate<class MessageT, class CallbackT, class AllocatorT, class SubscriptionT, class MessageMemoryStrategyT> std::shared_ptr<ROSMessageT> rclcpp::Node::create_subscription(const string&, const rclcpp::QoS&, CallbackT&&, const rclcpp::SubscriptionOptionsWithAllocator<AllocatorT>&, typename MessageMemoryStrategyT::SharedPtr)[m[Kâ€™
[1.594s]   219 |   [01;36m[Kcreate_subscription[m[K(
[1.594s]       |   [01;36m[K^~~~~~~~~~~~~~~~~~~[m[K
[1.594s] [01m[K/opt/ros/humble/include/rclcpp/rclcpp/node.hpp:219:3:[m[K [01;36m[Knote: [m[K  template argument deduction/substitution failed:
[1.594s] [01m[K/home/alves/ros2_ws/src/robot_ras_decision/src/manager.cpp:27:80:[m[K [01;31m[Kerror: [m[Ktemplate argument 1 is invalid
[1.594s]    27 |             sub_left_manager_ = [01;31m[Kthis->create_subscription<std_msgs::msg::Range>([m[K
[1.594s]       |                                 [01;31m[K~~~~~~~~~~~~~~~~~~~~~~~~~~~~~~~~~~~~~~~~~~~~~~~^[m[K
[1.595s]    28 | [01;31m[K            "sensor_range/left", 10, std::bind(&Manager::sub_left_callback, this, std::placeholders::_1))[m[K;
[1.595s]       |             [01;31m[K~~~~~~~~~~~~~~~~~~~~~~~~~~~~~~~~~~~~~~~~~~~~~~~~~~~~~~~~~~~~~~~~~~~~~~~~~~~~~~~~~~~~~~~~~~~~~[m[K
[1.595s] [01m[K/home/alves/ros2_ws/src/robot_ras_decision/src/movement_control.cpp:45:59:[m[K [01;31m[Kerror: [m[Kâ€˜[01m[Kze[m[Kâ€™ was not declared in this scope
[1.595s]    45 |       motor2.data.resi            mensagem.data = direcao;[01;31m[Kze[m[K(1);
[1.595s]       |                                                           [01;31m[K^~[m[K
[1.599s] [01m[K/home/alves/ros2_ws/src/robot_ras_decision/src/manager.cpp:29:13:[m[K [01;31m[Kerror: [m[Kâ€˜[01m[Ksub_right_manager_[m[Kâ€™ was not declared in this scope
[1.599s]    29 |             [01;31m[Ksub_right_manager_[m[K = this->create_subscription<std_msgs::msg::Range>(
[1.599s]       |             [01;31m[K^~~~~~~~~~~~~~~~~~[m[K
[1.599s] [01m[K/home/alves/ros2_ws/src/robot_ras_decision/src/manager.cpp:29:75:[m[K [01;31m[Kerror: [m[Kâ€˜[01m[KRange[m[Kâ€™ is not a member of â€˜[01m[Kstd_msgs::msg[m[Kâ€™; did you mean â€˜[01m[Ksensor_msgs::msg::Range[m[Kâ€™?
[1.599s]    29 |             sub_right_manager_ = this->create_subscription<std_msgs::msg::[01;31m[KRange[m[K>(
[1.599s]       |                                                                           [01;31m[K^~~~~[m[K
[1.599s] In file included from [01m[K/opt/ros/humble/include/sensor_msgs/sensor_msgs/msg/range.hpp:7[m[K,
[1.599s]                  from [01m[K/home/alves/ros2_ws/src/robot_ras_decision/src/manager.cpp:8[m[K:
[1.599s] [01m[K/opt/ros/humble/include/sensor_msgs/sensor_msgs/msg/detail/range__struct.hpp:199:7:[m[K [01;36m[Knote: [m[Kâ€˜[01m[Ksensor_msgs::msg::Range[m[Kâ€™ declared here
[1.599s]   199 | using [01;36m[KRange[m[K =
[1.599s]       |       [01;36m[K^~~~~[m[K
[1.599s] [01m[K/home/alves/ros2_ws/src/robot_ras_decision/src/manager.cpp:29:81:[m[K [01;31m[Kerror: [m[Kno matching function for call to â€˜[01m[KManager::create_subscription<<expression error> >(const char [19], int, std::_Bind_helper<false, void (Manager::*)(const int&) const, Manager*, const std::_Placeholder<1>&>::type)[m[Kâ€™
[1.599s]    29 |             sub_right_manager_ = [01;31m[Kthis->create_subscription<std_msgs::msg::Range>([m[K
[1.600s]       |                                  [01;31m[K~~~~~~~~~~~~~~~~~~~~~~~~~~~~~~~~~~~~~~~~~~~~~~~^[m[K
[1.600s]    30 | [01;31m[K            "sensor_range/right", 10, std::bind(&Manager::sub_right_callback, this, std::placeholders::_1))[m[K;
[1.600s]       |             [01;31m[K~~~~~~~~~~~~~~~~~~~~~~~~~~~~~~~~~~~~~~~~~~~~~~~~~~~~~~~~~~~~~~~~~~~~~~~~~~~~~~~~~~~~~~~~~~~~~~~[m[K
[1.600s] In file included from [01m[K/opt/ros/humble/include/rclcpp/rclcpp/executors/single_threaded_executor.hpp:28[m[K,
[1.600s]                  from [01m[K/opt/ros/humble/include/rclcpp/rclcpp/executors.hpp:22[m[K,
[1.600s]                  from [01m[K/opt/ros/humble/include/rclcpp/rclcpp/rclcpp.hpp:155[m[K,
[1.600s]                  from [01m[K/home/alves/ros2_ws/src/robot_ras_decision/src/manager.cpp:5[m[K:
[1.600s] [01m[K/opt/ros/humble/include/rclcpp/rclcpp/node.hpp:219:3:[m[K [01;36m[Knote: [m[Kcandidate: â€˜[01m[Ktemplate<class MessageT, class CallbackT, class AllocatorT, class SubscriptionT, class MessageMemoryStrategyT> std::shared_ptr<ROSMessageT> rclcpp::Node::create_subscription(const string&, const rclcpp::QoS&, CallbackT&&, const rclcpp::SubscriptionOptionsWithAllocator<AllocatorT>&, typename MessageMemoryStrategyT::SharedPtr)[m[Kâ€™
[1.600s]   219 |   [01;36m[Kcreate_subscription[m[K(
[1.600s]       |   [01;36m[K^~~~~~~~~~~~~~~~~~~[m[K
[1.600s] [01m[K/opt/ros/humble/include/rclcpp/rclcpp/node.hpp:219:3:[m[K [01;36m[Knote: [m[K  template argument deduction/substitution failed:
[1.600s] [01m[K/home/alves/ros2_ws/src/robot_ras_decision/src/manager.cpp:29:81:[m[K [01;31m[Kerror: [m[Ktemplate argument 1 is invalid
[1.600s]    29 |             sub_right_manager_ = [01;31m[Kthis->create_subscription<std_msgs::msg::Range>([m[K
[1.600s]       |                                  [01;31m[K~~~~~~~~~~~~~~~~~~~~~~~~~~~~~~~~~~~~~~~~~~~~~~~^[m[K
[1.600s]    30 | [01;31m[K            "sensor_range/right", 10, std::bind(&Manager::sub_right_callback, this, std::placeholders::_1))[m[K;
[1.600s]       |             [01;31m[K~~~~~~~~~~~~~~~~~~~~~~~~~~~~~~~~~~~~~~~~~~~~~~~~~~~~~~~~~~~~~~~~~~~~~~~~~~~~~~~~~~~~~~~~~~~~~~~[m[K
[1.601s] [01m[K/home/alves/ros2_ws/src/robot_ras_decision/src/manager.cpp:[m[K In member function â€˜[01m[Kvoid Manager::sub_front_callback(const int&) const[m[Kâ€™:
[1.601s] [01m[K/home/alves/ros2_ws/src/robot_ras_decision/src/manager.cpp:37:28:[m[K [01;31m[Kerror: [m[Kâ€˜[01m[KRange[m[Kâ€™ is not a member of â€˜[01m[Kstd_msgs::msg[m[Kâ€™; did you mean â€˜[01m[Ksensor_msgs::msg::Range[m[Kâ€™?
[1.601s]    37 |             std_msgs::msg::[01;31m[KRange[m[K distancia_front = msg.data;
[1.601s]       |                            [01;31m[K^~~~~[m[K
[1.601s] In file included from [01m[K/opt/ros/humble/include/sensor_msgs/sensor_msgs/msg/range.hpp:7[m[K,
[1.601s]                  from [01m[K/home/alves/ros2_ws/src/robot_ras_decision/src/manager.cpp:8[m[K:
[1.601s] [01m[K/opt/ros/humble/include/sensor_msgs/sensor_msgs/msg/detail/range__struct.hpp:199:7:[m[K [01;36m[Knote: [m[Kâ€˜[01m[Ksensor_msgs::msg::Range[m[Kâ€™ declared here
[1.602s]   199 | using [01;36m[KRange[m[K =
[1.602s]       |       [01;36m[K^~~~~[m[K
[1.605s] [01m[K/home/alves/ros2_ws/src/robot_ras_decision/src/manager.cpp:38:13:[m[K [01;31m[Kerror: [m[Kâ€˜[01m[Kdistancia[m[Kâ€™ was not declared in this scope
[1.605s]    38 |             [01;31m[Kdistancia[m[K[0] = distancia_front;
[1.605s]       |             [01;31m[K^~~~~~~~~[m[K
[1.610s] [01m[K/home/alves/ros2_ws/src/robot_ras_decision/src/manager.cpp:38:28:[m[K [01;31m[Kerror: [m[Kâ€˜[01m[Kdistancia_front[m[Kâ€™ was not declared in this scope
[1.610s]    38 |             distancia[0] = [01;31m[Kdistancia_front[m[K;
[1.610s]       |                            [01;31m[K^~~~~~~~~~~~~~~[m[K
[1.612s] [01m[K/home/alves/ros2_ws/src/robot_ras_decision/src/manager.cpp:35:62:[m[K [01;35m[Kwarning: [m[Kunused parameter â€˜[01m[Kmsg[m[Kâ€™ [[01;35m[K]8;;https://gcc.gnu.org/onlinedocs/gcc/Warning-Options.html#index-Wunused-parameter-Wunused-parameter]8;;[m[K]
[1.612s]    35 |         void sub_front_callback([01;35m[Kconst std_msgs::msg::Range & msg[m[K) const
[1.613s]       |                                 [01;35m[K~~~~~~~~~~~~~~~~~~~~~~~~~~~~~^~~[m[K
[1.613s] [01m[K/home/alves/ros2_ws/src/robot_ras_decision/src/manager.cpp:[m[K In member function â€˜[01m[Kvoid Manager::sub_rear_callback(const int&) const[m[Kâ€™:
[1.613s] [01m[K/home/alves/ros2_ws/src/robot_ras_decision/src/manager.cpp:44:28:[m[K [01;31m[Kerror: [m[Kâ€˜[01m[KRange[m[Kâ€™ is not a member of â€˜[01m[Kstd_msgs::msg[m[Kâ€™; did you mean â€˜[01m[Ksensor_msgs::msg::Range[m[Kâ€™?
[1.613s]    44 |             std_msgs::msg::[01;31m[KRange[m[K distancia_rear = msg.data;
[1.613s]       |                            [01;31m[K^~~~~[m[K
[1.613s] In file included from [01m[K/opt/ros/humble/include/sensor_msgs/sensor_msgs/msg/range.hpp:7[m[K,
[1.613s]                  from [01m[K/home/alves/ros2_ws/src/robot_ras_decision/src/manager.cpp:8[m[K:
[1.613s] [01m[K/opt/ros/humble/include/sensor_msgs/sensor_msgs/msg/detail/range__struct.hpp:199:7:[m[K [01;36m[Knote: [m[Kâ€˜[01m[Ksensor_msgs::msg::Range[m[Kâ€™ declared here
[1.613s]   199 | using [01;36m[KRange[m[K =
[1.613s]       |       [01;36m[K^~~~~[m[K
[1.618s] [01m[K/home/alves/ros2_ws/src/robot_ras_decision/src/manager.cpp:45:13:[m[K [01;31m[Kerror: [m[Kâ€˜[01m[Kdistancia[m[Kâ€™ was not declared in this scope
[1.618s]    45 |             [01;31m[Kdistancia[m[K[1] = distancia_rear;
[1.618s]       |             [01;31m[K^~~~~~~~~[m[K
[1.624s] [01m[K/home/alves/ros2_ws/src/robot_ras_decision/src/manager.cpp:45:28:[m[K [01;31m[Kerror: [m[Kâ€˜[01m[Kdistancia_rear[m[Kâ€™ was not declared in this scope
[1.624s]    45 |             distancia[1] = [01;31m[Kdistancia_rear[m[K;
[1.624s]       |                            [01;31m[K^~~~~~~~~~~~~~[m[K
[1.624s] [01m[K/home/alves/ros2_ws/src/robot_ras_decision/src/manager.cpp:42:61:[m[K [01;35m[Kwarning: [m[Kunused parameter â€˜[01m[Kmsg[m[Kâ€™ [[01;35m[K]8;;https://gcc.gnu.org/onlinedocs/gcc/Warning-Options.html#index-Wunused-parameter-Wunused-parameter]8;;[m[K]
[1.624s]    42 |         void sub_rear_callback([01;35m[Kconst std_msgs::msg::Range & msg[m[K) const
[1.624s]       |                                [01;35m[K~~~~~~~~~~~~~~~~~~~~~~~~~~~~~^~~[m[K
[1.625s] [01m[K/home/alves/ros2_ws/src/robot_ras_decision/src/manager.cpp:[m[K In member function â€˜[01m[Kvoid Manager::sub_left_callback(const int&) const[m[Kâ€™:
[1.625s] [01m[K/home/alves/ros2_ws/src/robot_ras_decision/src/manager.cpp:51:28:[m[K [01;31m[Kerror: [m[Kâ€˜[01m[KRange[m[Kâ€™ is not a member of â€˜[01m[Kstd_msgs::msg[m[Kâ€™; did you mean â€˜[01m[Ksensor_msgs::msg::Range[m[Kâ€™?
[1.625s]    51 |             std_msgs::msg::[01;31m[KRange[m[K distancia_left = msg.data;
[1.625s]       |                            [01;31m[K^~~~~[m[K
[1.625s] In file included from [01m[K/opt/ros/humble/include/sensor_msgs/sensor_msgs/msg/range.hpp:7[m[K,
[1.625s]                  from [01m[K/home/alves/ros2_ws/src/robot_ras_decision/src/manager.cpp:8[m[K:
[1.625s] [01m[K/opt/ros/humble/include/sensor_msgs/sensor_msgs/msg/detail/range__struct.hpp:199:7:[m[K [01;36m[Knote: [m[Kâ€˜[01m[Ksensor_msgs::msg::Range[m[Kâ€™ declared here
[1.625s]   199 | using [01;36m[KRange[m[K =
[1.625s]       |       [01;36m[K^~~~~[m[K
[1.629s] [01m[K/home/alves/ros2_ws/src/robot_ras_decision/src/manager.cpp:52:13:[m[K [01;31m[Kerror: [m[Kâ€˜[01m[Kdistancia[m[Kâ€™ was not declared in this scope
[1.629s]    52 |             [01;31m[Kdistancia[m[K[2] = distancia_left;
[1.629s]       |             [01;31m[K^~~~~~~~~[m[K
[1.635s] [01m[K/home/alves/ros2_ws/src/robot_ras_decision/src/manager.cpp:52:28:[m[K [01;31m[Kerror: [m[Kâ€˜[01m[Kdistancia_left[m[Kâ€™ was not declared in this scope
[1.635s]    52 |             distancia[2] = [01;31m[Kdistancia_left[m[K;
[1.635s]       |                            [01;31m[K^~~~~~~~~~~~~~[m[K
[1.635s] [01m[K/home/alves/ros2_ws/src/robot_ras_decision/src/manager.cpp:49:61:[m[K [01;35m[Kwarning: [m[Kunused parameter â€˜[01m[Kmsg[m[Kâ€™ [[01;35m[K]8;;https://gcc.gnu.org/onlinedocs/gcc/Warning-Options.html#index-Wunused-parameter-Wunused-parameter]8;;[m[K]
[1.635s]    49 |         void sub_left_callback([01;35m[Kconst std_msgs::msg::Range & msg[m[K) const
[1.635s]       |                                [01;35m[K~~~~~~~~~~~~~~~~~~~~~~~~~~~~~^~~[m[K
[1.635s] [01m[K/home/alves/ros2_ws/src/robot_ras_decision/src/manager.cpp:[m[K In member function â€˜[01m[Kvoid Manager::sub_right_callback(const int&) const[m[Kâ€™:
[1.635s] [01m[K/home/alves/ros2_ws/src/robot_ras_decision/src/manager.cpp:58:28:[m[K [01;31m[Kerror: [m[Kâ€˜[01m[KRange[m[Kâ€™ is not a member of â€˜[01m[Kstd_msgs::msg[m[Kâ€™; did you mean â€˜[01m[Ksensor_msgs::msg::Range[m[Kâ€™?
[1.635s]    58 |             std_msgs::msg::[01;31m[KRange[m[K distancia_right = msg.data;
[1.635s]       |                            [01;31m[K^~~~~[m[K
[1.635s] In file included from [01m[K/opt/ros/humble/include/sensor_msgs/sensor_msgs/msg/range.hpp:7[m[K,
[1.635s]                  from [01m[K/home/alves/ros2_ws/src/robot_ras_decision/src/manager.cpp:8[m[K:
[1.635s] [01m[K/opt/ros/humble/include/sensor_msgs/sensor_msgs/msg/detail/range__struct.hpp:199:7:[m[K [01;36m[Knote: [m[Kâ€˜[01m[Ksensor_msgs::msg::Range[m[Kâ€™ declared here
[1.635s]   199 | using [01;36m[KRange[m[K =
[1.635s]       |       [01;36m[K^~~~~[m[K
[1.639s] [01m[K/home/alves/ros2_ws/src/robot_ras_decision/src/manager.cpp:59:13:[m[K [01;31m[Kerror: [m[Kâ€˜[01m[Kdistancia[m[Kâ€™ was not declared in this scope
[1.639s]    59 |             [01;31m[Kdistancia[m[K[3] = distancia_right;
[1.639s]       |             [01;31m[K^~~~~~~~~[m[K
[1.644s] [01m[K/home/alves/ros2_ws/src/robot_ras_decision/src/manager.cpp:59:28:[m[K [01;31m[Kerror: [m[Kâ€˜[01m[Kdistancia_right[m[Kâ€™ was not declared in this scope
[1.644s]    59 |             distancia[3] = [01;31m[Kdistancia_right[m[K;
[1.644s]       |                            [01;31m[K^~~~~~~~~~~~~~~[m[K
[1.644s] [01m[K/home/alves/ros2_ws/src/robot_ras_decision/src/manager.cpp:56:62:[m[K [01;35m[Kwarning: [m[Kunused parameter â€˜[01m[Kmsg[m[Kâ€™ [[01;35m[K]8;;https://gcc.gnu.org/onlinedocs/gcc/Warning-Options.html#index-Wunused-parameter-Wunused-parameter]8;;[m[K]
[1.644s]    56 |         void sub_right_callback([01;35m[Kconst std_msgs::msg::Range & msg[m[K) const
[1.645s]       |                                 [01;35m[K~~~~~~~~~~~~~~~~~~~~~~~~~~~~~^~~[m[K
[1.649s] [01m[K/home/alves/ros2_ws/src/robot_ras_decision/src/manager.cpp:[m[K In member function â€˜[01m[Kvoid Manager::movement_callback(const int&) const[m[Kâ€™:
[1.649s] [01m[K/home/alves/ros2_ws/src/robot_ras_decision/src/manager.cpp:67:16:[m[K [01;31m[Kerror: [m[Kâ€˜[01m[Kdistancia[m[Kâ€™ was not declared in this scope
[1.649s]    67 |             if([01;31m[Kdistancia[m[K[2]> 0.1 && disancia[3]> 0.1 && distancia[0] > 0.1) {
[1.649s]       |                [01;31m[K^~~~~~~~~[m[K
[1.652s] [01m[K/home/alves/ros2_ws/src/robot_ras_decision/src/manager.cpp:67:37:[m[K [01;31m[Kerror: [m[Kâ€˜[01m[Kdisancia[m[Kâ€™ was not declared in this scope
[1.652s]    67 |             if(distancia[2]> 0.1 && [01;31m[Kdisancia[m[K[3]> 0.1 && distancia[0] > 0.1) {
[1.653s]       |                                     [01;31m[K^~~~~~~~[m[K
[1.653s] [01m[K/home/alves/ros2_ws/src/robot_ras_decision/src/manager.cpp:82:9:[m[K [01;31m[Kerror: [m[Kexpected â€˜[01m[K;[m[Kâ€™ before â€˜[01m[K}[m[Kâ€™ token
[1.653s]    82 |         [01;31m[K}[m[K
[1.653s]       |         [01;31m[K^[m[K
[1.653s] [01m[K/home/alves/ros2_ws/src/robot_ras_decision/src/manager.cpp:63:61:[m[K [01;35m[Kwarning: [m[Kunused parameter â€˜[01m[Kmsg[m[Kâ€™ [[01;35m[K]8;;https://gcc.gnu.org/onlinedocs/gcc/Warning-Options.html#index-Wunused-parameter-Wunused-parameter]8;;[m[K]
[1.653s]    63 |         void movement_callback([01;35m[Kconst std_msgs::msg::Range & msg[m[K) const
[1.653s]       |                                [01;35m[K~~~~~~~~~~~~~~~~~~~~~~~~~~~~~^~~[m[K
[2.132s] gmake[2]: *** [CMakeFiles/Manager.dir/build.make:76: CMakeFiles/Manager.dir/src/manager.cpp.o] Error 1
[2.132s] gmake[1]: *** [CMakeFiles/Makefile2:165: CMakeFiles/Manager.dir/all] Error 2
[2.132s] gmake[1]: *** Waiting for unfinished jobs....
[3.235s] gmake[2]: *** [CMakeFiles/MovementControl.dir/build.make:76: CMakeFiles/MovementControl.dir/src/movement_control.cpp.o] Error 1
[3.235s] gmake[1]: *** [CMakeFiles/Makefile2:139: CMakeFiles/MovementControl.dir/all] Error 2
[3.235s] gmake: *** [Makefile:146: all] Error 2
[3.237s] Invoked command in '/home/alves/ros2_ws/build/robot_ras_decision' returned '2': CMAKE_PREFIX_PATH=/opt/ros/humble /usr/bin/cmake --build /home/alves/ros2_ws/build/robot_ras_decision -- -j16 -l16
