[01m[K/home/alves/ros2_ws/src/robot_ras_decision/src/motor_controller_node.cpp:[m[K In constructor â€˜[01m[KMotorControllerNode::MotorControllerNode()[m[Kâ€™:
[01m[K/home/alves/ros2_ws/src/robot_ras_decision/src/motor_controller_node.cpp:26:54:[m[K [01;31m[Kerror: [m[Kâ€˜[01m[Kvelocidade_angular_[m[Kâ€™ was not declared in this scope; did you mean â€˜[01m[Kvelocidade_linear_[m[Kâ€™?
   26 |       this -> get_parameter (" velocidade_angular ", [01;31m[Kvelocidade_angular_[m[K ) ;
      |                                                      [01;31m[K^~~~~~~~~~~~~~~~~~~[m[K
      |                                                      [32m[Kvelocidade_linear_[m[K
[01m[K/home/alves/ros2_ws/src/robot_ras_decision/src/motor_controller_node.cpp:[m[K In member function â€˜[01m[Kvoid MotorControllerNode::movement_callback(const Movement&) const[m[Kâ€™:
[01m[K/home/alves/ros2_ws/src/robot_ras_decision/src/motor_controller_node.cpp:33:12:[m[K [01;31m[Kerror: [m[Kâ€˜[01m[Kfloat32[m[Kâ€™ is not a member of â€˜[01m[Kstd[m[Kâ€™; did you mean â€˜[01m[Kfloat_t[m[Kâ€™?
   33 |       std::[01;31m[Kfloat32[m[K angulo = movimento.angulo;
      |            [01;31m[K^~~~~~~[m[K
      |            [32m[Kfloat_t[m[K
[01m[K/home/alves/ros2_ws/src/robot_ras_decision/src/motor_controller_node.cpp:34:12:[m[K [01;31m[Kerror: [m[Kâ€˜[01m[Kfloat32[m[Kâ€™ is not a member of â€˜[01m[Kstd[m[Kâ€™; did you mean â€˜[01m[Kfloat_t[m[Kâ€™?
   34 |       std::[01;31m[Kfloat32[m[K distancia = movimento.distancia;
      |            [01;31m[K^~~~~~~[m[K
      |            [32m[Kfloat_t[m[K
[01m[K/home/alves/ros2_ws/src/robot_ras_decision/src/motor_controller_node.cpp:36:45:[m[K [01;31m[Kerror: [m[Kcannot convert â€˜[01m[Krclcpp::Time[m[Kâ€™ to â€˜[01m[Kfloat[m[Kâ€™ in initialization
   36 |       float tempoAtual = [01;31m[Krclcpp::Clock().now()[m[K;
      |                          [01;31m[K~~~~~~~~~~~~~~~~~~~^~[m[K
      |                                             [01;31m[K|[m[K
      |                                             [01;31m[Krclcpp::Time[m[K
[01m[K/home/alves/ros2_ws/src/robot_ras_decision/src/motor_controller_node.cpp:39:32:[m[K [01;31m[Kerror: [m[Kâ€˜[01m[Kvelocidade_linear[m[Kâ€™ was not declared in this scope; did you mean â€˜[01m[Kvelocidade_linear_[m[Kâ€™?
   39 |       velocidade_angular = 2 * [01;31m[Kvelocidade_linear[m[K;
      |                                [01;31m[K^~~~~~~~~~~~~~~~~[m[K
      |                                [32m[Kvelocidade_linear_[m[K
[01m[K/home/alves/ros2_ws/src/robot_ras_decision/src/motor_controller_node.cpp:42:19:[m[K [01;31m[Kerror: [m[Kbase operand of â€˜[01m[K->[m[Kâ€™ has non-pointer type â€˜[01m[Kconst Movement[m[Kâ€™ {aka â€˜[01m[Kconst robot_ras_decision::msg::Movement_<std::allocator<void> >[m[Kâ€™}
   42 |       if(movimento[01;31m[K->[m[Kdirecao = "front") {
      |                   [01;31m[K^~[m[K
[01m[K/home/alves/ros2_ws/src/robot_ras_decision/src/motor_controller_node.cpp:43:21:[m[K [01;31m[Kerror: [m[Kâ€˜[01m[Kdistancia[m[Kâ€™ was not declared in this scope
   43 |         tempoExec = [01;31m[Kdistancia[m[K/velocidade_linear_;
      |                     [01;31m[K^~~~~~~~~[m[K
[01m[K/home/alves/ros2_ws/src/robot_ras_decision/src/motor_controller_node.cpp:48:26:[m[K [01;31m[Kerror: [m[Kbase operand of â€˜[01m[K->[m[Kâ€™ has non-pointer type â€˜[01m[Kconst Movement[m[Kâ€™ {aka â€˜[01m[Kconst robot_ras_decision::msg::Movement_<std::allocator<void> >[m[Kâ€™}
   48 |       } else if(movimento[01;31m[K->[m[Kdirecao = "rear") {
      |                          [01;31m[K^~[m[K
[01m[K/home/alves/ros2_ws/src/robot_ras_decision/src/motor_controller_node.cpp:49:21:[m[K [01;31m[Kerror: [m[Kâ€˜[01m[Kdistancia[m[Kâ€™ was not declared in this scope
   49 |         tempoExec = [01;31m[Kdistancia[m[K/velocidade_linear_;
      |                     [01;31m[K^~~~~~~~~[m[K
[01m[K/home/alves/ros2_ws/src/robot_ras_decision/src/motor_controller_node.cpp:54:26:[m[K [01;31m[Kerror: [m[Kbase operand of â€˜[01m[K->[m[Kâ€™ has non-pointer type â€˜[01m[Kconst Movement[m[Kâ€™ {aka â€˜[01m[Kconst robot_ras_decision::msg::Movement_<std::allocator<void> >[m[Kâ€™}
   54 |       } else if(movimento[01;31m[K->[m[Kdirecao = "left") {
      |                          [01;31m[K^~[m[K
[01m[K/home/alves/ros2_ws/src/robot_ras_decision/src/motor_controller_node.cpp:55:32:[m[K [01;31m[Kerror: [m[Kbase operand of â€˜[01m[K->[m[Kâ€™ has non-pointer type â€˜[01m[Kconst Movement[m[Kâ€™ {aka â€˜[01m[Kconst robot_ras_decision::msg::Movement_<std::allocator<void> >[m[Kâ€™}
   55 |         tempoExec = -(movimento[01;31m[K->[m[Kangulo/velocidade_angular);
      |                                [01;31m[K^~[m[K
[01m[K/home/alves/ros2_ws/src/robot_ras_decision/src/motor_controller_node.cpp:60:21:[m[K [01;31m[Kerror: [m[Kbase operand of â€˜[01m[K->[m[Kâ€™ has non-pointer type â€˜[01m[Kconst Movement[m[Kâ€™ {aka â€˜[01m[Kconst robot_ras_decision::msg::Movement_<std::allocator<void> >[m[Kâ€™}
   60 |       } if(movimento[01;31m[K->[m[Kdirecao = "left") {
      |                     [01;31m[K^~[m[K
[01m[K/home/alves/ros2_ws/src/robot_ras_decision/src/motor_controller_node.cpp:61:32:[m[K [01;31m[Kerror: [m[Kbase operand of â€˜[01m[K->[m[Kâ€™ has non-pointer type â€˜[01m[Kconst Movement[m[Kâ€™ {aka â€˜[01m[Kconst robot_ras_decision::msg::Movement_<std::allocator<void> >[m[Kâ€™}
   61 |         tempoExec = -(movimento[01;31m[K->[m[Kangulo/velocidade_angular);
      |                                [01;31m[K^~[m[K
[01m[K/home/alves/ros2_ws/src/robot_ras_decision/src/motor_controller_node.cpp:[m[K In member function â€˜[01m[Kvoid MotorControllerNode::setVelocity(const std::shared_ptr<robot_ras_decision::srv::SetVelocity_Request_<std::allocator<void> > >&, std::shared_ptr<robot_ras_decision::srv::SetVelocity_Response_<std::allocator<void> > >)[m[Kâ€™:
[01m[K/home/alves/ros2_ws/src/robot_ras_decision/src/motor_controller_node.cpp:82:80:[m[K [01;35m[Kwarning: [m[Kunused parameter â€˜[01m[Kresponse[m[Kâ€™ [[01;35m[K]8;;https://gcc.gnu.org/onlinedocs/gcc/Warning-Options.html#index-Wunused-parameter-Wunused-parameter]8;;[m[K]
   82 |           [01;35m[Kstd::shared_ptr<robot_ras_decision::srv::SetVelocity::Response>      response[m[K) {
      |           [01;35m[K~~~~~~~~~~~~~~~~~~~~~~~~~~~~~~~~~~~~~~~~~~~~~~~~~~~~~~~~~~~~~~~~~~~~~^~~~~~~~[m[K
[01m[K/home/alves/ros2_ws/src/robot_ras_decision/src/motor_controller_node.cpp:[m[K In function â€˜[01m[Kint main(int, char**)[m[Kâ€™:
[01m[K/home/alves/ros2_ws/src/robot_ras_decision/src/motor_controller_node.cpp:103:3:[m[K [01;31m[Kerror: [m[Kâ€˜[01m[Knode[m[Kâ€™ was not declared in this scope
  103 |   [01;31m[Knode[m[K->create_service<robot_ras_decision::srv::SetVelocity>("mudar_velocidade", &setVelocity);
      |   [01;31m[K^~~~[m[K
[01m[K/home/alves/ros2_ws/src/robot_ras_decision/src/motor_controller_node.cpp:103:60:[m[K [01;31m[Kerror: [m[Kexpected primary-expression before â€˜[01m[K>[m[Kâ€™ token
  103 |   node->create_service<robot_ras_decision::srv::SetVelocity[01;31m[K>[m[K("mudar_velocidade", &setVelocity);
      |                                                            [01;31m[K^[m[K
[01m[K/home/alves/ros2_ws/src/robot_ras_decision/src/motor_controller_node.cpp:103:62:[m[K [01;35m[Kwarning: [m[Kleft operand of comma operator has no effect [[01;35m[K]8;;https://gcc.gnu.org/onlinedocs/gcc/Warning-Options.html#index-Wunused-value-Wunused-value]8;;[m[K]
  103 |   node->create_service<robot_ras_decision::srv::SetVelocity>([01;35m[K"mudar_velocidade"[m[K, &setVelocity);
      |                                                              [01;35m[K^~~~~~~~~~~~~~~~~~[m[K
gmake[2]: *** [CMakeFiles/MotorControllerNode.dir/build.make:76: CMakeFiles/MotorControllerNode.dir/src/motor_controller_node.cpp.o] Erro 1
gmake[1]: *** [CMakeFiles/Makefile2:596: CMakeFiles/MotorControllerNode.dir/all] Erro 2
gmake: *** [Makefile:146: all] Erro 2
