[0.008s] Invoking command in '/home/alves/ros2_ws/build/robot_ras_decision': CMAKE_PREFIX_PATH=/opt/ros/humble /usr/bin/cmake --build /home/alves/ros2_ws/build/robot_ras_decision -- -j16 -l16
[0.064s] [35m[1mConsolidate compiler generated dependencies of target robot_ras_decision__rosidl_generator_c[0m
[0.095s] [  2%] Built target robot_ras_decision__cpp
[0.101s] [ 11%] Built target robot_ras_decision__rosidl_generator_c
[0.115s] [ 11%] Built target ament_cmake_python_symlink_robot_ras_decision
[0.118s] [35m[1mConsolidate compiler generated dependencies of target robot_ras_decision__rosidl_typesupport_fastrtps_cpp[0m
[0.120s] [35m[1mConsolidate compiler generated dependencies of target robot_ras_decision__rosidl_typesupport_introspection_cpp[0m
[0.121s] [35m[1mConsolidate compiler generated dependencies of target robot_ras_decision__rosidl_typesupport_cpp[0m
[0.122s] [35m[1mConsolidate compiler generated dependencies of target robot_ras_decision__rosidl_typesupport_c[0m
[0.122s] [35m[1mConsolidate compiler generated dependencies of target robot_ras_decision__rosidl_typesupport_fastrtps_c[0m
[0.123s] [35m[1mConsolidate compiler generated dependencies of target robot_ras_decision__rosidl_typesupport_introspection_c[0m
[0.137s] [ 20%] Built target robot_ras_decision__rosidl_typesupport_c
[0.138s] [ 37%] Built target robot_ras_decision__rosidl_typesupport_introspection_cpp
[0.139s] [ 39%] Built target robot_ras_decision__rosidl_typesupport_fastrtps_cpp
[0.139s] [ 48%] Built target robot_ras_decision__rosidl_typesupport_introspection_c
[0.139s] [ 58%] Built target robot_ras_decision__rosidl_typesupport_cpp
[0.140s] [ 67%] Built target robot_ras_decision__rosidl_typesupport_fastrtps_c
[0.159s] [ 67%] Built target robot_ras_decision
[0.170s] [35m[1mConsolidate compiler generated dependencies of target MotorControllerNode[0m
[0.171s] [35m[1mConsolidate compiler generated dependencies of target DecisionNode[0m
[0.178s] [ 69%] Built target robot_ras_decision__py
[0.189s] [ 72%] [32mBuilding CXX object CMakeFiles/MotorControllerNode.dir/src/motor_controller_node.cpp.o[0m
[0.189s] [35m[1mConsolidate compiler generated dependencies of target robot_ras_decision__rosidl_generator_py[0m
[0.189s] [ 76%] Built target DecisionNode
[0.203s] [ 83%] Built target robot_ras_decision__rosidl_generator_py
[0.217s] [35m[1mConsolidate compiler generated dependencies of target robot_ras_decision__rosidl_typesupport_c__pyext[0m
[0.218s] [35m[1mConsolidate compiler generated dependencies of target robot_ras_decision__rosidl_typesupport_introspection_c__pyext[0m
[0.218s] [35m[1mConsolidate compiler generated dependencies of target robot_ras_decision__rosidl_typesupport_fastrtps_c__pyext[0m
[0.229s] [ 93%] Built target robot_ras_decision__rosidl_typesupport_c__pyext
[0.229s] [ 93%] Built target robot_ras_decision__rosidl_typesupport_introspection_c__pyext
[0.233s] [ 97%] Built target robot_ras_decision__rosidl_typesupport_fastrtps_c__pyext
[0.318s] running egg_info
[0.319s] writing robot_ras_decision.egg-info/PKG-INFO
[0.319s] writing dependency_links to robot_ras_decision.egg-info/dependency_links.txt
[0.319s] writing top-level names to robot_ras_decision.egg-info/top_level.txt
[0.321s] reading manifest file 'robot_ras_decision.egg-info/SOURCES.txt'
[0.321s] writing manifest file 'robot_ras_decision.egg-info/SOURCES.txt'
[0.342s] [ 97%] Built target ament_cmake_python_build_robot_ras_decision_egg
[1.885s] [01m[K/home/alves/ros2_ws/src/robot_ras_decision/src/motor_controller_node.cpp:[m[K In constructor â€˜[01m[KMotorControllerNode::MotorControllerNode()[m[Kâ€™:
[1.885s] [01m[K/home/alves/ros2_ws/src/robot_ras_decision/src/motor_controller_node.cpp:26:54:[m[K [01;31m[Kerror: [m[Kâ€˜[01m[Kvelocidade_angular_[m[Kâ€™ was not declared in this scope; did you mean â€˜[01m[Kvelocidade_linear_[m[Kâ€™?
[1.885s]    26 |       this -> get_parameter (" velocidade_angular ", [01;31m[Kvelocidade_angular_[m[K ) ;
[1.885s]       |                                                      [01;31m[K^~~~~~~~~~~~~~~~~~~[m[K
[1.885s]       |                                                      [32m[Kvelocidade_linear_[m[K
[1.885s] [01m[K/home/alves/ros2_ws/src/robot_ras_decision/src/motor_controller_node.cpp:[m[K In member function â€˜[01m[Kvoid MotorControllerNode::movement_callback(const Movement&) const[m[Kâ€™:
[1.886s] [01m[K/home/alves/ros2_ws/src/robot_ras_decision/src/motor_controller_node.cpp:33:12:[m[K [01;31m[Kerror: [m[Kâ€˜[01m[Kfloat32[m[Kâ€™ is not a member of â€˜[01m[Kstd[m[Kâ€™; did you mean â€˜[01m[Kfloat_t[m[Kâ€™?
[1.886s]    33 |       std::[01;31m[Kfloat32[m[K angulo = movimento.angulo;
[1.886s]       |            [01;31m[K^~~~~~~[m[K
[1.886s]       |            [32m[Kfloat_t[m[K
[1.886s] [01m[K/home/alves/ros2_ws/src/robot_ras_decision/src/motor_controller_node.cpp:34:12:[m[K [01;31m[Kerror: [m[Kâ€˜[01m[Kfloat32[m[Kâ€™ is not a member of â€˜[01m[Kstd[m[Kâ€™; did you mean â€˜[01m[Kfloat_t[m[Kâ€™?
[1.886s]    34 |       std::[01;31m[Kfloat32[m[K distancia = movimento.distancia;
[1.886s]       |            [01;31m[K^~~~~~~[m[K
[1.886s]       |            [32m[Kfloat_t[m[K
[1.886s] [01m[K/home/alves/ros2_ws/src/robot_ras_decision/src/motor_controller_node.cpp:36:45:[m[K [01;31m[Kerror: [m[Kcannot convert â€˜[01m[Krclcpp::Time[m[Kâ€™ to â€˜[01m[Kfloat[m[Kâ€™ in initialization
[1.886s]    36 |       float tempoAtual = [01;31m[Krclcpp::Clock().now()[m[K;
[1.887s]       |                          [01;31m[K~~~~~~~~~~~~~~~~~~~^~[m[K
[1.887s]       |                                             [01;31m[K|[m[K
[1.887s]       |                                             [01;31m[Krclcpp::Time[m[K
[1.890s] [01m[K/home/alves/ros2_ws/src/robot_ras_decision/src/motor_controller_node.cpp:39:32:[m[K [01;31m[Kerror: [m[Kâ€˜[01m[Kvelocidade_linear[m[Kâ€™ was not declared in this scope; did you mean â€˜[01m[Kvelocidade_linear_[m[Kâ€™?
[1.890s]    39 |       velocidade_angular = 2 * [01;31m[Kvelocidade_linear[m[K;
[1.890s]       |                                [01;31m[K^~~~~~~~~~~~~~~~~[m[K
[1.890s]       |                                [32m[Kvelocidade_linear_[m[K
[1.890s] [01m[K/home/alves/ros2_ws/src/robot_ras_decision/src/motor_controller_node.cpp:42:19:[m[K [01;31m[Kerror: [m[Kbase operand of â€˜[01m[K->[m[Kâ€™ has non-pointer type â€˜[01m[Kconst Movement[m[Kâ€™ {aka â€˜[01m[Kconst robot_ras_decision::msg::Movement_<std::allocator<void> >[m[Kâ€™}
[1.890s]    42 |       if(movimento[01;31m[K->[m[Kdirecao = "front") {
[1.890s]       |                   [01;31m[K^~[m[K
[1.894s] [01m[K/home/alves/ros2_ws/src/robot_ras_decision/src/motor_controller_node.cpp:43:21:[m[K [01;31m[Kerror: [m[Kâ€˜[01m[Kdistancia[m[Kâ€™ was not declared in this scope
[1.894s]    43 |         tempoExec = [01;31m[Kdistancia[m[K/velocidade_linear_;
[1.894s]       |                     [01;31m[K^~~~~~~~~[m[K
[1.894s] [01m[K/home/alves/ros2_ws/src/robot_ras_decision/src/motor_controller_node.cpp:48:26:[m[K [01;31m[Kerror: [m[Kbase operand of â€˜[01m[K->[m[Kâ€™ has non-pointer type â€˜[01m[Kconst Movement[m[Kâ€™ {aka â€˜[01m[Kconst robot_ras_decision::msg::Movement_<std::allocator<void> >[m[Kâ€™}
[1.894s]    48 |       } else if(movimento[01;31m[K->[m[Kdirecao = "rear") {
[1.894s]       |                          [01;31m[K^~[m[K
[1.897s] [01m[K/home/alves/ros2_ws/src/robot_ras_decision/src/motor_controller_node.cpp:49:21:[m[K [01;31m[Kerror: [m[Kâ€˜[01m[Kdistancia[m[Kâ€™ was not declared in this scope
[1.898s]    49 |         tempoExec = [01;31m[Kdistancia[m[K/velocidade_linear_;
[1.898s]       |                     [01;31m[K^~~~~~~~~[m[K
[1.898s] [01m[K/home/alves/ros2_ws/src/robot_ras_decision/src/motor_controller_node.cpp:54:26:[m[K [01;31m[Kerror: [m[Kbase operand of â€˜[01m[K->[m[Kâ€™ has non-pointer type â€˜[01m[Kconst Movement[m[Kâ€™ {aka â€˜[01m[Kconst robot_ras_decision::msg::Movement_<std::allocator<void> >[m[Kâ€™}
[1.898s]    54 |       } else if(movimento[01;31m[K->[m[Kdirecao = "left") {
[1.898s]       |                          [01;31m[K^~[m[K
[1.898s] [01m[K/home/alves/ros2_ws/src/robot_ras_decision/src/motor_controller_node.cpp:55:32:[m[K [01;31m[Kerror: [m[Kbase operand of â€˜[01m[K->[m[Kâ€™ has non-pointer type â€˜[01m[Kconst Movement[m[Kâ€™ {aka â€˜[01m[Kconst robot_ras_decision::msg::Movement_<std::allocator<void> >[m[Kâ€™}
[1.898s]    55 |         tempoExec = -(movimento[01;31m[K->[m[Kangulo/velocidade_angular);
[1.898s]       |                                [01;31m[K^~[m[K
[1.898s] [01m[K/home/alves/ros2_ws/src/robot_ras_decision/src/motor_controller_node.cpp:60:21:[m[K [01;31m[Kerror: [m[Kbase operand of â€˜[01m[K->[m[Kâ€™ has non-pointer type â€˜[01m[Kconst Movement[m[Kâ€™ {aka â€˜[01m[Kconst robot_ras_decision::msg::Movement_<std::allocator<void> >[m[Kâ€™}
[1.898s]    60 |       } if(movimento[01;31m[K->[m[Kdirecao = "left") {
[1.898s]       |                     [01;31m[K^~[m[K
[1.898s] [01m[K/home/alves/ros2_ws/src/robot_ras_decision/src/motor_controller_node.cpp:61:32:[m[K [01;31m[Kerror: [m[Kbase operand of â€˜[01m[K->[m[Kâ€™ has non-pointer type â€˜[01m[Kconst Movement[m[Kâ€™ {aka â€˜[01m[Kconst robot_ras_decision::msg::Movement_<std::allocator<void> >[m[Kâ€™}
[1.898s]    61 |         tempoExec = -(movimento[01;31m[K->[m[Kangulo/velocidade_angular);
[1.899s]       |                                [01;31m[K^~[m[K
[1.903s] [01m[K/home/alves/ros2_ws/src/robot_ras_decision/src/motor_controller_node.cpp:[m[K In member function â€˜[01m[Kvoid MotorControllerNode::setVelocity(const std::shared_ptr<robot_ras_decision::srv::SetVelocity_Request_<std::allocator<void> > >&, std::shared_ptr<robot_ras_decision::srv::SetVelocity_Response_<std::allocator<void> > >)[m[Kâ€™:
[1.903s] [01m[K/home/alves/ros2_ws/src/robot_ras_decision/src/motor_controller_node.cpp:82:80:[m[K [01;35m[Kwarning: [m[Kunused parameter â€˜[01m[Kresponse[m[Kâ€™ [[01;35m[K]8;;https://gcc.gnu.org/onlinedocs/gcc/Warning-Options.html#index-Wunused-parameter-Wunused-parameter]8;;[m[K]
[1.903s]    82 |           [01;35m[Kstd::shared_ptr<robot_ras_decision::srv::SetVelocity::Response>      response[m[K) {
[1.903s]       |           [01;35m[K~~~~~~~~~~~~~~~~~~~~~~~~~~~~~~~~~~~~~~~~~~~~~~~~~~~~~~~~~~~~~~~~~~~~~^~~~~~~~[m[K
[1.916s] [01m[K/home/alves/ros2_ws/src/robot_ras_decision/src/motor_controller_node.cpp:[m[K In function â€˜[01m[Kint main(int, char**)[m[Kâ€™:
[1.916s] [01m[K/home/alves/ros2_ws/src/robot_ras_decision/src/motor_controller_node.cpp:103:3:[m[K [01;31m[Kerror: [m[Kâ€˜[01m[Knode[m[Kâ€™ was not declared in this scope
[1.916s]   103 |   [01;31m[Knode[m[K->create_service<robot_ras_decision::srv::SetVelocity>("mudar_velocidade", &setVelocity);
[1.916s]       |   [01;31m[K^~~~[m[K
[1.916s] [01m[K/home/alves/ros2_ws/src/robot_ras_decision/src/motor_controller_node.cpp:103:60:[m[K [01;31m[Kerror: [m[Kexpected primary-expression before â€˜[01m[K>[m[Kâ€™ token
[1.916s]   103 |   node->create_service<robot_ras_decision::srv::SetVelocity[01;31m[K>[m[K("mudar_velocidade", &setVelocity);
[1.917s]       |                                                            [01;31m[K^[m[K
[1.917s] [01m[K/home/alves/ros2_ws/src/robot_ras_decision/src/motor_controller_node.cpp:103:62:[m[K [01;35m[Kwarning: [m[Kleft operand of comma operator has no effect [[01;35m[K]8;;https://gcc.gnu.org/onlinedocs/gcc/Warning-Options.html#index-Wunused-value-Wunused-value]8;;[m[K]
[1.917s]   103 |   node->create_service<robot_ras_decision::srv::SetVelocity>([01;35m[K"mudar_velocidade"[m[K, &setVelocity);
[1.917s]       |                                                              [01;35m[K^~~~~~~~~~~~~~~~~~[m[K
[3.893s] gmake[2]: *** [CMakeFiles/MotorControllerNode.dir/build.make:76: CMakeFiles/MotorControllerNode.dir/src/motor_controller_node.cpp.o] Erro 1
[3.893s] gmake[1]: *** [CMakeFiles/Makefile2:596: CMakeFiles/MotorControllerNode.dir/all] Erro 2
[3.893s] gmake: *** [Makefile:146: all] Erro 2
[3.895s] Invoked command in '/home/alves/ros2_ws/build/robot_ras_decision' returned '2': CMAKE_PREFIX_PATH=/opt/ros/humble /usr/bin/cmake --build /home/alves/ros2_ws/build/robot_ras_decision -- -j16 -l16
