[0.009s] Invoking command in '/home/alves/ros2_ws/build/robot_ras_decision': CMAKE_PREFIX_PATH=/opt/ros/humble /usr/bin/cmake --build /home/alves/ros2_ws/build/robot_ras_decision -- -j16 -l16
[0.049s] [35m[1mConsolidate compiler generated dependencies of target MovementControl[0m
[0.052s] [35m[1mConsolidate compiler generated dependencies of target Manager[0m
[0.063s] [ 25%] [32mBuilding CXX object CMakeFiles/Manager.dir/src/manager.cpp.o[0m
[0.064s] [ 50%] [32mBuilding CXX object CMakeFiles/MovementControl.dir/src/movement_control.cpp.o[0m
[1.584s] [01m[K/home/alves/ros2_ws/src/robot_ras_decision/src/manager.cpp:[m[K In member function â€˜[01m[Kvoid Manager::sub_front_callback(const Range&)[m[Kâ€™:
[1.584s] [01m[K/home/alves/ros2_ws/src/robot_ras_decision/src/manager.cpp:37:59:[m[K [01;31m[Kerror: [m[Kâ€˜[01m[Kconst Range[m[Kâ€™ {aka â€˜[01m[Kconst struct sensor_msgs::msg::Range_<std::allocator<void> >[m[Kâ€™} has no member named â€˜[01m[Kdata[m[Kâ€™
[1.584s]    37 |             sensor_msgs::msg::Range distancia_front = msg.[01;31m[Kdata[m[K;
[1.584s]       |                                                           [01;31m[K^~~~[m[K
[1.594s] [01m[K/home/alves/ros2_ws/src/robot_ras_decision/src/movement_control.cpp:[m[K In member function â€˜[01m[Kvoid MovementControl::movement_callback(const String&) const[m[Kâ€™:
[1.594s] [01m[K/home/alves/ros2_ws/src/robot_ras_decision/src/movement_control.cpp:44:19:[m[K [01;31m[Kerror: [m[Kâ€˜[01m[Kusing _data_type = class std::vector<double, std::allocator<double> >[m[Kâ€™ {aka â€˜[01m[Kclass std::vector<double, std::allocator<double> >[m[Kâ€™} has no member named â€˜[01m[Kresi[m[Kâ€™
[1.594s]    44 |       motor2.data.[01;31m[Kresi[m[K            mensagem.data = direcao;ze(1);
[1.594s]       |                   [01;31m[K^~~~[m[K
[1.597s] [01m[K/home/alves/ros2_ws/src/robot_ras_decision/src/movement_control.cpp:44:59:[m[K [01;31m[Kerror: [m[Kâ€˜[01m[Kze[m[Kâ€™ was not declared in this scope
[1.597s]    44 |       motor2.data.resi            mensagem.data = direcao;[01;31m[Kze[m[K(1);
[1.597s]       |                                                           [01;31m[K^~[m[K
[3.213s] gmake[2]: *** [CMakeFiles/Manager.dir/build.make:76: CMakeFiles/Manager.dir/src/manager.cpp.o] Error 1
[3.213s] gmake[1]: *** [CMakeFiles/Makefile2:165: CMakeFiles/Manager.dir/all] Error 2
[3.213s] gmake[1]: *** Waiting for unfinished jobs....
[3.245s] gmake[2]: *** [CMakeFiles/MovementControl.dir/build.make:76: CMakeFiles/MovementControl.dir/src/movement_control.cpp.o] Error 1
[3.245s] gmake[1]: *** [CMakeFiles/Makefile2:139: CMakeFiles/MovementControl.dir/all] Error 2
[3.245s] gmake: *** [Makefile:146: all] Error 2
[3.247s] Invoked command in '/home/alves/ros2_ws/build/robot_ras_decision' returned '2': CMAKE_PREFIX_PATH=/opt/ros/humble /usr/bin/cmake --build /home/alves/ros2_ws/build/robot_ras_decision -- -j16 -l16
