[0.009s] Invoking command in '/home/alves/ros2_ws/build/robot_ras_decision': CMAKE_PREFIX_PATH=/opt/ros/humble /usr/bin/cmake --build /home/alves/ros2_ws/build/robot_ras_decision -- -j16 -l16
[0.068s] [  9%] Built target robot_ras_decision__rosidl_generator_c
[0.070s] [ 11%] Built target robot_ras_decision__cpp
[0.085s] [ 11%] Built target ament_cmake_python_symlink_robot_ras_decision
[0.111s] [ 20%] Built target robot_ras_decision__rosidl_typesupport_c
[0.114s] [ 30%] Built target robot_ras_decision__rosidl_typesupport_introspection_c
[0.116s] [ 39%] Built target robot_ras_decision__rosidl_typesupport_introspection_cpp
[0.119s] [ 48%] Built target robot_ras_decision__rosidl_typesupport_fastrtps_cpp
[0.120s] [ 58%] Built target robot_ras_decision__rosidl_typesupport_cpp
[0.120s] [ 67%] Built target robot_ras_decision__rosidl_typesupport_fastrtps_c
[0.143s] [ 67%] Built target robot_ras_decision
[0.156s] [35m[1mConsolidate compiler generated dependencies of target MotorControllerNode[0m
[0.161s] [ 69%] Built target robot_ras_decision__py
[0.168s] [ 74%] Built target DecisionNode
[0.170s] [ 76%] [32mBuilding CXX object CMakeFiles/MotorControllerNode.dir/src/motor_controller_node.cpp.o[0m
[0.181s] [ 83%] Built target robot_ras_decision__rosidl_generator_py
[0.198s] [ 88%] Built target robot_ras_decision__rosidl_typesupport_introspection_c__pyext
[0.199s] [ 93%] Built target robot_ras_decision__rosidl_typesupport_fastrtps_c__pyext
[0.199s] [ 97%] Built target robot_ras_decision__rosidl_typesupport_c__pyext
[0.288s] running egg_info
[0.288s] writing robot_ras_decision.egg-info/PKG-INFO
[0.288s] writing dependency_links to robot_ras_decision.egg-info/dependency_links.txt
[0.289s] writing top-level names to robot_ras_decision.egg-info/top_level.txt
[0.290s] reading manifest file 'robot_ras_decision.egg-info/SOURCES.txt'
[0.290s] writing manifest file 'robot_ras_decision.egg-info/SOURCES.txt'
[0.317s] [ 97%] Built target ament_cmake_python_build_robot_ras_decision_egg
[1.837s] [01m[K/home/alves/ros2_ws/src/robot_ras_decision/src/motor_controller_node.cpp:[m[K In member function â€˜[01m[Kvoid MotorControllerNode::movement_callback(const Movement&) const[m[Kâ€™:
[1.837s] [01m[K/home/alves/ros2_ws/src/robot_ras_decision/src/motor_controller_node.cpp:43:26:[m[K [01;31m[Kerror: [m[Kno match for â€˜[01m[Koperator-[m[Kâ€™ (operand types are â€˜[01m[Krclcpp::Time[m[Kâ€™ and â€˜[01m[Kfloat[m[Kâ€™)
[1.837s]    43 |         while([32m[KtempoAtual[m[K [01;31m[K-[m[K [34m[KtempoInicial[m[K < tempoExec) {
[1.837s]       |               [32m[K~~~~~~~~~~[m[K [01;31m[K^[m[K [34m[K~~~~~~~~~~~~[m[K
[1.837s]       |               [32m[K|[m[K            [34m[K|[m[K
[1.837s]       |               [32m[Krclcpp::Time[m[K [34m[Kfloat[m[K
[1.837s] In file included from [01m[K/opt/ros/humble/include/rclcpp/rclcpp/clock.hpp:24[m[K,
[1.837s]                  from [01m[K/opt/ros/humble/include/rclcpp/rclcpp/timer.hpp:27[m[K,
[1.837s]                  from [01m[K/opt/ros/humble/include/rclcpp/rclcpp/callback_group.hpp:30[m[K,
[1.837s]                  from [01m[K/opt/ros/humble/include/rclcpp/rclcpp/any_executable.hpp:20[m[K,
[1.837s]                  from [01m[K/opt/ros/humble/include/rclcpp/rclcpp/memory_strategy.hpp:25[m[K,
[1.837s]                  from [01m[K/opt/ros/humble/include/rclcpp/rclcpp/memory_strategies.hpp:18[m[K,
[1.837s]                  from [01m[K/opt/ros/humble/include/rclcpp/rclcpp/executor_options.hpp:20[m[K,
[1.837s]                  from [01m[K/opt/ros/humble/include/rclcpp/rclcpp/executor.hpp:37[m[K,
[1.837s]                  from [01m[K/opt/ros/humble/include/rclcpp/rclcpp/executors/multi_threaded_executor.hpp:25[m[K,
[1.837s]                  from [01m[K/opt/ros/humble/include/rclcpp/rclcpp/executors.hpp:21[m[K,
[1.838s]                  from [01m[K/opt/ros/humble/include/rclcpp/rclcpp/rclcpp.hpp:155[m[K,
[1.838s]                  from [01m[K/home/alves/ros2_ws/src/robot_ras_decision/src/motor_controller_node.cpp:6[m[K:
[1.838s] [01m[K/opt/ros/humble/include/rclcpp/rclcpp/time.hpp:155:3:[m[K [01;36m[Knote: [m[Kcandidate: â€˜[01m[Krclcpp::Duration rclcpp::Time::operator-(const rclcpp::Time&) const[m[Kâ€™
[1.838s]   155 |   [01;36m[Koperator[m[K-(const rclcpp::Time & rhs) const;
[1.838s]       |   [01;36m[K^~~~~~~~[m[K
[1.838s] [01m[K/opt/ros/humble/include/rclcpp/rclcpp/time.hpp:155:34:[m[K [01;36m[Knote: [m[K  no known conversion for argument 1 from â€˜[01m[Kfloat[m[Kâ€™ to â€˜[01m[Kconst rclcpp::Time&[m[Kâ€™
[1.838s]   155 |   operator-([01;36m[Kconst rclcpp::Time & rhs[m[K) const;
[1.838s]       |             [01;36m[K~~~~~~~~~~~~~~~~~~~~~^~~[m[K
[1.838s] [01m[K/opt/ros/humble/include/rclcpp/rclcpp/time.hpp:162:3:[m[K [01;36m[Knote: [m[Kcandidate: â€˜[01m[Krclcpp::Time rclcpp::Time::operator-(const rclcpp::Duration&) const[m[Kâ€™
[1.838s]   162 |   [01;36m[Koperator[m[K-(const rclcpp::Duration & rhs) const;
[1.838s]       |   [01;36m[K^~~~~~~~[m[K
[1.838s] [01m[K/opt/ros/humble/include/rclcpp/rclcpp/time.hpp:162:38:[m[K [01;36m[Knote: [m[K  no known conversion for argument 1 from â€˜[01m[Kfloat[m[Kâ€™ to â€˜[01m[Kconst rclcpp::Duration&[m[Kâ€™
[1.838s]   162 |   operator-([01;36m[Kconst rclcpp::Duration & rhs[m[K) const;
[1.838s]       |             [01;36m[K~~~~~~~~~~~~~~~~~~~~~~~~~^~~[m[K
[1.840s] [01m[K/home/alves/ros2_ws/src/robot_ras_decision/src/motor_controller_node.cpp:44:18:[m[K [01;31m[Kerror: [m[Kâ€˜[01m[Kvelocidade_linear[m[Kâ€™ was not declared in this scope; did you mean â€˜[01m[Kvelocidade_linear_[m[Kâ€™?
[1.840s]    44 |           vel1 = [01;31m[Kvelocidade_linear[m[K;
[1.840s]       |                  [01;31m[K^~~~~~~~~~~~~~~~~[m[K
[1.840s]       |                  [32m[Kvelocidade_linear_[m[K
[1.840s] [01m[K/home/alves/ros2_ws/src/robot_ras_decision/src/motor_controller_node.cpp:49:26:[m[K [01;31m[Kerror: [m[Kno match for â€˜[01m[Koperator-[m[Kâ€™ (operand types are â€˜[01m[Krclcpp::Time[m[Kâ€™ and â€˜[01m[Kfloat[m[Kâ€™)
[1.840s]    49 |         while([32m[KtempoAtual[m[K [01;31m[K-[m[K [34m[KtempoInicial[m[K < tempoExec) {
[1.840s]       |               [32m[K~~~~~~~~~~[m[K [01;31m[K^[m[K [34m[K~~~~~~~~~~~~[m[K
[1.841s]       |               [32m[K|[m[K            [34m[K|[m[K
[1.841s]       |               [32m[Krclcpp::Time[m[K [34m[Kfloat[m[K
[1.841s] In file included from [01m[K/opt/ros/humble/include/rclcpp/rclcpp/clock.hpp:24[m[K,
[1.841s]                  from [01m[K/opt/ros/humble/include/rclcpp/rclcpp/timer.hpp:27[m[K,
[1.841s]                  from [01m[K/opt/ros/humble/include/rclcpp/rclcpp/callback_group.hpp:30[m[K,
[1.841s]                  from [01m[K/opt/ros/humble/include/rclcpp/rclcpp/any_executable.hpp:20[m[K,
[1.841s]                  from [01m[K/opt/ros/humble/include/rclcpp/rclcpp/memory_strategy.hpp:25[m[K,
[1.841s]                  from [01m[K/opt/ros/humble/include/rclcpp/rclcpp/memory_strategies.hpp:18[m[K,
[1.841s]                  from [01m[K/opt/ros/humble/include/rclcpp/rclcpp/executor_options.hpp:20[m[K,
[1.841s]                  from [01m[K/opt/ros/humble/include/rclcpp/rclcpp/executor.hpp:37[m[K,
[1.841s]                  from [01m[K/opt/ros/humble/include/rclcpp/rclcpp/executors/multi_threaded_executor.hpp:25[m[K,
[1.841s]                  from [01m[K/opt/ros/humble/include/rclcpp/rclcpp/executors.hpp:21[m[K,
[1.841s]                  from [01m[K/opt/ros/humble/include/rclcpp/rclcpp/rclcpp.hpp:155[m[K,
[1.841s]                  from [01m[K/home/alves/ros2_ws/src/robot_ras_decision/src/motor_controller_node.cpp:6[m[K:
[1.841s] [01m[K/opt/ros/humble/include/rclcpp/rclcpp/time.hpp:155:3:[m[K [01;36m[Knote: [m[Kcandidate: â€˜[01m[Krclcpp::Duration rclcpp::Time::operator-(const rclcpp::Time&) const[m[Kâ€™
[1.841s]   155 |   [01;36m[Koperator[m[K-(const rclcpp::Time & rhs) const;
[1.841s]       |   [01;36m[K^~~~~~~~[m[K
[1.841s] [01m[K/opt/ros/humble/include/rclcpp/rclcpp/time.hpp:155:34:[m[K [01;36m[Knote: [m[K  no known conversion for argument 1 from â€˜[01m[Kfloat[m[Kâ€™ to â€˜[01m[Kconst rclcpp::Time&[m[Kâ€™
[1.841s]   155 |   operator-([01;36m[Kconst rclcpp::Time & rhs[m[K) const;
[1.841s]       |             [01;36m[K~~~~~~~~~~~~~~~~~~~~~^~~[m[K
[1.841s] [01m[K/opt/ros/humble/include/rclcpp/rclcpp/time.hpp:162:3:[m[K [01;36m[Knote: [m[Kcandidate: â€˜[01m[Krclcpp::Time rclcpp::Time::operator-(const rclcpp::Duration&) const[m[Kâ€™
[1.841s]   162 |   [01;36m[Koperator[m[K-(const rclcpp::Duration & rhs) const;
[1.841s]       |   [01;36m[K^~~~~~~~[m[K
[1.841s] [01m[K/opt/ros/humble/include/rclcpp/rclcpp/time.hpp:162:38:[m[K [01;36m[Knote: [m[K  no known conversion for argument 1 from â€˜[01m[Kfloat[m[Kâ€™ to â€˜[01m[Kconst rclcpp::Duration&[m[Kâ€™
[1.841s]   162 |   operator-([01;36m[Kconst rclcpp::Duration & rhs[m[K) const;
[1.841s]       |             [01;36m[K~~~~~~~~~~~~~~~~~~~~~~~~~^~~[m[K
[1.843s] [01m[K/home/alves/ros2_ws/src/robot_ras_decision/src/motor_controller_node.cpp:50:19:[m[K [01;31m[Kerror: [m[Kâ€˜[01m[Kvelocidade_linear[m[Kâ€™ was not declared in this scope; did you mean â€˜[01m[Kvelocidade_linear_[m[Kâ€™?
[1.843s]    50 |           vel1 = -[01;31m[Kvelocidade_linear[m[K;
[1.843s]       |                   [01;31m[K^~~~~~~~~~~~~~~~~[m[K
[1.843s]       |                   [32m[Kvelocidade_linear_[m[K
[1.844s] [01m[K/home/alves/ros2_ws/src/robot_ras_decision/src/motor_controller_node.cpp:55:26:[m[K [01;31m[Kerror: [m[Kno match for â€˜[01m[Koperator-[m[Kâ€™ (operand types are â€˜[01m[Krclcpp::Time[m[Kâ€™ and â€˜[01m[Kfloat[m[Kâ€™)
[1.844s]    55 |         while([32m[KtempoAtual[m[K [01;31m[K-[m[K [34m[KtempoInicial[m[K < tempoExec) {
[1.844s]       |               [32m[K~~~~~~~~~~[m[K [01;31m[K^[m[K [34m[K~~~~~~~~~~~~[m[K
[1.844s]       |               [32m[K|[m[K            [34m[K|[m[K
[1.844s]       |               [32m[Krclcpp::Time[m[K [34m[Kfloat[m[K
[1.844s] In file included from [01m[K/opt/ros/humble/include/rclcpp/rclcpp/clock.hpp:24[m[K,
[1.844s]                  from [01m[K/opt/ros/humble/include/rclcpp/rclcpp/timer.hpp:27[m[K,
[1.844s]                  from [01m[K/opt/ros/humble/include/rclcpp/rclcpp/callback_group.hpp:30[m[K,
[1.844s]                  from [01m[K/opt/ros/humble/include/rclcpp/rclcpp/any_executable.hpp:20[m[K,
[1.844s]                  from [01m[K/opt/ros/humble/include/rclcpp/rclcpp/memory_strategy.hpp:25[m[K,
[1.844s]                  from [01m[K/opt/ros/humble/include/rclcpp/rclcpp/memory_strategies.hpp:18[m[K,
[1.844s]                  from [01m[K/opt/ros/humble/include/rclcpp/rclcpp/executor_options.hpp:20[m[K,
[1.844s]                  from [01m[K/opt/ros/humble/include/rclcpp/rclcpp/executor.hpp:37[m[K,
[1.844s]                  from [01m[K/opt/ros/humble/include/rclcpp/rclcpp/executors/multi_threaded_executor.hpp:25[m[K,
[1.844s]                  from [01m[K/opt/ros/humble/include/rclcpp/rclcpp/executors.hpp:21[m[K,
[1.844s]                  from [01m[K/opt/ros/humble/include/rclcpp/rclcpp/rclcpp.hpp:155[m[K,
[1.844s]                  from [01m[K/home/alves/ros2_ws/src/robot_ras_decision/src/motor_controller_node.cpp:6[m[K:
[1.844s] [01m[K/opt/ros/humble/include/rclcpp/rclcpp/time.hpp:155:3:[m[K [01;36m[Knote: [m[Kcandidate: â€˜[01m[Krclcpp::Duration rclcpp::Time::operator-(const rclcpp::Time&) const[m[Kâ€™
[1.844s]   155 |   [01;36m[Koperator[m[K-(const rclcpp::Time & rhs) const;
[1.844s]       |   [01;36m[K^~~~~~~~[m[K
[1.844s] [01m[K/opt/ros/humble/include/rclcpp/rclcpp/time.hpp:155:34:[m[K [01;36m[Knote: [m[K  no known conversion for argument 1 from â€˜[01m[Kfloat[m[Kâ€™ to â€˜[01m[Kconst rclcpp::Time&[m[Kâ€™
[1.844s]   155 |   operator-([01;36m[Kconst rclcpp::Time & rhs[m[K) const;
[1.844s]       |             [01;36m[K~~~~~~~~~~~~~~~~~~~~~^~~[m[K
[1.844s] [01m[K/opt/ros/humble/include/rclcpp/rclcpp/time.hpp:162:3:[m[K [01;36m[Knote: [m[Kcandidate: â€˜[01m[Krclcpp::Time rclcpp::Time::operator-(const rclcpp::Duration&) const[m[Kâ€™
[1.844s]   162 |   [01;36m[Koperator[m[K-(const rclcpp::Duration & rhs) const;
[1.844s]       |   [01;36m[K^~~~~~~~[m[K
[1.844s] [01m[K/opt/ros/humble/include/rclcpp/rclcpp/time.hpp:162:38:[m[K [01;36m[Knote: [m[K  no known conversion for argument 1 from â€˜[01m[Kfloat[m[Kâ€™ to â€˜[01m[Kconst rclcpp::Duration&[m[Kâ€™
[1.844s]   162 |   operator-([01;36m[Kconst rclcpp::Duration & rhs[m[K) const;
[1.845s]       |             [01;36m[K~~~~~~~~~~~~~~~~~~~~~~~~~^~~[m[K
[1.846s] [01m[K/home/alves/ros2_ws/src/robot_ras_decision/src/motor_controller_node.cpp:57:18:[m[K [01;31m[Kerror: [m[Kâ€˜[01m[Kvelocidade_linear[m[Kâ€™ was not declared in this scope; did you mean â€˜[01m[Kvelocidade_linear_[m[Kâ€™?
[1.847s]    57 |           vel2 = [01;31m[Kvelocidade_linear[m[K;
[1.847s]       |                  [01;31m[K^~~~~~~~~~~~~~~~~[m[K
[1.847s]       |                  [32m[Kvelocidade_linear_[m[K
[1.847s] [01m[K/home/alves/ros2_ws/src/robot_ras_decision/src/motor_controller_node.cpp:60:32:[m[K [01;31m[Kerror: [m[Kbase operand of â€˜[01m[K->[m[Kâ€™ has non-pointer type â€˜[01m[Kconst Movement[m[Kâ€™ {aka â€˜[01m[Kconst robot_ras_decision::msg::Movement_<std::allocator<void> >[m[Kâ€™}
[1.847s]    60 |         tempoExec = -(movimento[01;31m[K->[m[Kangulo/velocidade_angular);
[1.847s]       |                                [01;31m[K^~[m[K
[1.847s] [01m[K/home/alves/ros2_ws/src/robot_ras_decision/src/motor_controller_node.cpp:61:26:[m[K [01;31m[Kerror: [m[Kno match for â€˜[01m[Koperator-[m[Kâ€™ (operand types are â€˜[01m[Krclcpp::Time[m[Kâ€™ and â€˜[01m[Kfloat[m[Kâ€™)
[1.847s]    61 |         while([32m[KtempoAtual[m[K [01;31m[K-[m[K [34m[KtempoInicial[m[K < tempoExec) {
[1.847s]       |               [32m[K~~~~~~~~~~[m[K [01;31m[K^[m[K [34m[K~~~~~~~~~~~~[m[K
[1.847s]       |               [32m[K|[m[K            [34m[K|[m[K
[1.847s]       |               [32m[Krclcpp::Time[m[K [34m[Kfloat[m[K
[1.847s] In file included from [01m[K/opt/ros/humble/include/rclcpp/rclcpp/clock.hpp:24[m[K,
[1.847s]                  from [01m[K/opt/ros/humble/include/rclcpp/rclcpp/timer.hpp:27[m[K,
[1.847s]                  from [01m[K/opt/ros/humble/include/rclcpp/rclcpp/callback_group.hpp:30[m[K,
[1.847s]                  from [01m[K/opt/ros/humble/include/rclcpp/rclcpp/any_executable.hpp:20[m[K,
[1.847s]                  from [01m[K/opt/ros/humble/include/rclcpp/rclcpp/memory_strategy.hpp:25[m[K,
[1.847s]                  from [01m[K/opt/ros/humble/include/rclcpp/rclcpp/memory_strategies.hpp:18[m[K,
[1.847s]                  from [01m[K/opt/ros/humble/include/rclcpp/rclcpp/executor_options.hpp:20[m[K,
[1.847s]                  from [01m[K/opt/ros/humble/include/rclcpp/rclcpp/executor.hpp:37[m[K,
[1.847s]                  from [01m[K/opt/ros/humble/include/rclcpp/rclcpp/executors/multi_threaded_executor.hpp:25[m[K,
[1.847s]                  from [01m[K/opt/ros/humble/include/rclcpp/rclcpp/executors.hpp:21[m[K,
[1.847s]                  from [01m[K/opt/ros/humble/include/rclcpp/rclcpp/rclcpp.hpp:155[m[K,
[1.847s]                  from [01m[K/home/alves/ros2_ws/src/robot_ras_decision/src/motor_controller_node.cpp:6[m[K:
[1.847s] [01m[K/opt/ros/humble/include/rclcpp/rclcpp/time.hpp:155:3:[m[K [01;36m[Knote: [m[Kcandidate: â€˜[01m[Krclcpp::Duration rclcpp::Time::operator-(const rclcpp::Time&) const[m[Kâ€™
[1.847s]   155 |   [01;36m[Koperator[m[K-(const rclcpp::Time & rhs) const;
[1.847s]       |   [01;36m[K^~~~~~~~[m[K
[1.847s] [01m[K/opt/ros/humble/include/rclcpp/rclcpp/time.hpp:155:34:[m[K [01;36m[Knote: [m[K  no known conversion for argument 1 from â€˜[01m[Kfloat[m[Kâ€™ to â€˜[01m[Kconst rclcpp::Time&[m[Kâ€™
[1.848s]   155 |   operator-([01;36m[Kconst rclcpp::Time & rhs[m[K) const;
[1.848s]       |             [01;36m[K~~~~~~~~~~~~~~~~~~~~~^~~[m[K
[1.848s] [01m[K/opt/ros/humble/include/rclcpp/rclcpp/time.hpp:162:3:[m[K [01;36m[Knote: [m[Kcandidate: â€˜[01m[Krclcpp::Time rclcpp::Time::operator-(const rclcpp::Duration&) const[m[Kâ€™
[1.848s]   162 |   [01;36m[Koperator[m[K-(const rclcpp::Duration & rhs) const;
[1.848s]       |   [01;36m[K^~~~~~~~[m[K
[1.848s] [01m[K/opt/ros/humble/include/rclcpp/rclcpp/time.hpp:162:38:[m[K [01;36m[Knote: [m[K  no known conversion for argument 1 from â€˜[01m[Kfloat[m[Kâ€™ to â€˜[01m[Kconst rclcpp::Duration&[m[Kâ€™
[1.848s]   162 |   operator-([01;36m[Kconst rclcpp::Duration & rhs[m[K) const;
[1.848s]       |             [01;36m[K~~~~~~~~~~~~~~~~~~~~~~~~~^~~[m[K
[1.850s] [01m[K/home/alves/ros2_ws/src/robot_ras_decision/src/motor_controller_node.cpp:62:18:[m[K [01;31m[Kerror: [m[Kâ€˜[01m[Kvelocidade_linear[m[Kâ€™ was not declared in this scope; did you mean â€˜[01m[Kvelocidade_linear_[m[Kâ€™?
[1.850s]    62 |           vel1 = [01;31m[Kvelocidade_linear[m[K;
[1.850s]       |                  [01;31m[K^~~~~~~~~~~~~~~~~[m[K
[1.850s]       |                  [32m[Kvelocidade_linear_[m[K
[1.853s] [01m[K/home/alves/ros2_ws/src/robot_ras_decision/src/motor_controller_node.cpp:[m[K In member function â€˜[01m[Kvoid MotorControllerNode::setVelocity(const std::shared_ptr<robot_ras_decision::srv::SetVelocity_Request_<std::allocator<void> > >&, std::shared_ptr<robot_ras_decision::srv::SetVelocity_Response_<std::allocator<void> > >)[m[Kâ€™:
[1.853s] [01m[K/home/alves/ros2_ws/src/robot_ras_decision/src/motor_controller_node.cpp:81:80:[m[K [01;35m[Kwarning: [m[Kunused parameter â€˜[01m[Kresponse[m[Kâ€™ [[01;35m[K]8;;https://gcc.gnu.org/onlinedocs/gcc/Warning-Options.html#index-Wunused-parameter-Wunused-parameter]8;;[m[K]
[1.853s]    81 |           [01;35m[Kstd::shared_ptr<robot_ras_decision::srv::SetVelocity::Response>      response[m[K) {
[1.853s]       |           [01;35m[K~~~~~~~~~~~~~~~~~~~~~~~~~~~~~~~~~~~~~~~~~~~~~~~~~~~~~~~~~~~~~~~~~~~~~^~~~~~~~[m[K
[1.868s] [01m[K/home/alves/ros2_ws/src/robot_ras_decision/src/motor_controller_node.cpp:[m[K In function â€˜[01m[Kint main(int, char**)[m[Kâ€™:
[1.868s] [01m[K/home/alves/ros2_ws/src/robot_ras_decision/src/motor_controller_node.cpp:102:3:[m[K [01;31m[Kerror: [m[Kâ€˜[01m[Knode[m[Kâ€™ was not declared in this scope
[1.868s]   102 |   [01;31m[Knode[m[K->create_service<robot_ras_decision::srv::SetVelocity>("mudar_velocidade", &setVelocity);
[1.868s]       |   [01;31m[K^~~~[m[K
[1.868s] [01m[K/home/alves/ros2_ws/src/robot_ras_decision/src/motor_controller_node.cpp:102:60:[m[K [01;31m[Kerror: [m[Kexpected primary-expression before â€˜[01m[K>[m[Kâ€™ token
[1.868s]   102 |   node->create_service<robot_ras_decision::srv::SetVelocity[01;31m[K>[m[K("mudar_velocidade", &setVelocity);
[1.868s]       |                                                            [01;31m[K^[m[K
[1.868s] [01m[K/home/alves/ros2_ws/src/robot_ras_decision/src/motor_controller_node.cpp:102:62:[m[K [01;35m[Kwarning: [m[Kleft operand of comma operator has no effect [[01;35m[K]8;;https://gcc.gnu.org/onlinedocs/gcc/Warning-Options.html#index-Wunused-value-Wunused-value]8;;[m[K]
[1.868s]   102 |   node->create_service<robot_ras_decision::srv::SetVelocity>([01;35m[K"mudar_velocidade"[m[K, &setVelocity);
[1.868s]       |                                                              [01;35m[K^~~~~~~~~~~~~~~~~~[m[K
[3.708s] gmake[2]: *** [CMakeFiles/MotorControllerNode.dir/build.make:76: CMakeFiles/MotorControllerNode.dir/src/motor_controller_node.cpp.o] Erro 1
[3.708s] gmake[1]: *** [CMakeFiles/Makefile2:596: CMakeFiles/MotorControllerNode.dir/all] Erro 2
[3.708s] gmake: *** [Makefile:146: all] Erro 2
[3.710s] Invoked command in '/home/alves/ros2_ws/build/robot_ras_decision' returned '2': CMAKE_PREFIX_PATH=/opt/ros/humble /usr/bin/cmake --build /home/alves/ros2_ws/build/robot_ras_decision -- -j16 -l16
