[01m[K/home/alves/ros2_ws/src/robot_ras_decision/src/manager.cpp:[m[K In constructor â€˜[01m[KManager::Manager()[m[Kâ€™:
[01m[K/home/alves/ros2_ws/src/robot_ras_decision/src/manager.cpp:37:46:[m[K [01;31m[Kerror: [m[Kunable to find numeric literal operator â€˜[01m[Koperator""ms[m[Kâ€™
   37 |             timer_ = this->create_wall_timer([01;31m[K500ms[m[K, std::bind(&Manager::movement_callback, this));
      |                                              [01;31m[K^~~~~[m[K
gmake[2]: *** [CMakeFiles/Manager.dir/build.make:76: CMakeFiles/Manager.dir/src/manager.cpp.o] Error 1
gmake[1]: *** [CMakeFiles/Makefile2:165: CMakeFiles/Manager.dir/all] Error 2
gmake: *** [Makefile:146: all] Error 2
