[01m[K/home/alves/ros2_ws/src/robot_ras_decision/src/manager.cpp:12:10:[m[K [01;31m[Kfatal error: [m[Krobot_ras_decision/msg/Movement.hpp: No such file or directory
   12 | #include [01;31m[K"robot_ras_decision/msg/Movement.hpp"[m[K
      |          [01;31m[K^~~~~~~~~~~~~~~~~~~~~~~~~~~~~~~~~~~~~[m[K
compilation terminated.
gmake[2]: *** [CMakeFiles/Manager.dir/build.make:76: CMakeFiles/Manager.dir/src/manager.cpp.o] Error 1
gmake[1]: *** [CMakeFiles/Makefile2:210: CMakeFiles/Manager.dir/all] Error 2
gmake[1]: *** Waiting for unfinished jobs....
gmake: *** [Makefile:146: all] Error 2
