-- Found ament_cmake: 1.3.11 (/opt/ros/humble/share/ament_cmake/cmake)
-- Override CMake install command with custom implementation using symlinks instead of copying resources
-- Found rclcpp: 16.0.12 (/opt/ros/humble/share/rclcpp/cmake)
-- Found rosidl_generator_c: 3.1.6 (/opt/ros/humble/share/rosidl_generator_c/cmake)
-- Found rosidl_adapter: 3.1.6 (/opt/ros/humble/share/rosidl_adapter/cmake)
-- Found rosidl_generator_cpp: 3.1.6 (/opt/ros/humble/share/rosidl_generator_cpp/cmake)
-- Using all available rosidl_typesupport_c: rosidl_typesupport_fastrtps_c;rosidl_typesupport_introspection_c
-- Using all available rosidl_typesupport_cpp: rosidl_typesupport_fastrtps_cpp;rosidl_typesupport_introspection_cpp
-- Found rmw_implementation_cmake: 6.1.2 (/opt/ros/humble/share/rmw_implementation_cmake/cmake)
-- Found rmw_fastrtps_cpp: 6.2.7 (/opt/ros/humble/share/rmw_fastrtps_cpp/cmake)
-- Using RMW implementation 'rmw_fastrtps_cpp' as default
-- Found sensor_msgs: 4.8.0 (/opt/ros/humble/share/sensor_msgs/cmake)
-- Found rosidl_default_generators: 1.2.0 (/opt/ros/humble/share/rosidl_default_generators/cmake)
-- Found ament_cmake_ros: 0.10.0 (/opt/ros/humble/share/ament_cmake_ros/cmake)
-- Using all available rosidl_typesupport_c: rosidl_typesupport_fastrtps_c;rosidl_typesupport_introspection_c
-- Using all available rosidl_typesupport_cpp: rosidl_typesupport_fastrtps_cpp;rosidl_typesupport_introspection_cpp
-- Found python_cmake_module: 0.10.0 (/opt/ros/humble/share/python_cmake_module/cmake)
-- Using PYTHON_EXECUTABLE: /usr/bin/python3
-- Using PYTHON_INCLUDE_DIRS: /usr/include/python3.10
-- Using PYTHON_LIBRARIES: /usr/lib/x86_64-linux-gnu/libpython3.10.so
-- Configuring done
-- Generating done
-- Build files have been written to: /home/alves/ros2_ws/build/robot_ras_decision
[35m[1mConsolidate compiler generated dependencies of target MovementControl[0m
[35m[1mConsolidate compiler generated dependencies of target Manager[0m
[35m[1mConsolidate compiler generated dependencies of target robot_ras_decision__rosidl_generator_c[0m
[  2%] Built target robot_ras_decision__cpp
[  2%] Built target ament_cmake_python_symlink_robot_ras_decision
[ 11%] Built target robot_ras_decision__rosidl_generator_c
[35m[1mConsolidate compiler generated dependencies of target robot_ras_decision__rosidl_typesupport_fastrtps_cpp[0m
[35m[1mConsolidate compiler generated dependencies of target robot_ras_decision__rosidl_typesupport_cpp[0m
[35m[1mConsolidate compiler generated dependencies of target robot_ras_decision__rosidl_typesupport_introspection_cpp[0m
[ 17%] Built target MovementControl
[35m[1mConsolidate compiler generated dependencies of target robot_ras_decision__rosidl_typesupport_fastrtps_c[0m
[35m[1mConsolidate compiler generated dependencies of target robot_ras_decision__rosidl_typesupport_introspection_c[0m
[ 20%] [32mBuilding CXX object CMakeFiles/Manager.dir/src/manager.cpp.o[0m
[35m[1mConsolidate compiler generated dependencies of target robot_ras_decision__rosidl_typesupport_c[0m
[ 28%] Built target robot_ras_decision__rosidl_typesupport_fastrtps_cpp
[ 37%] Built target robot_ras_decision__rosidl_typesupport_cpp
[ 45%] Built target robot_ras_decision__rosidl_typesupport_introspection_cpp
[ 62%] Built target robot_ras_decision__rosidl_typesupport_c
[ 62%] Built target robot_ras_decision__rosidl_typesupport_fastrtps_c
[ 71%] Built target robot_ras_decision__rosidl_typesupport_introspection_c
[ 71%] Built target robot_ras_decision
[ 74%] Built target robot_ras_decision__py
[35m[1mConsolidate compiler generated dependencies of target robot_ras_decision__rosidl_generator_py[0m
[ 80%] Built target robot_ras_decision__rosidl_generator_py
[35m[1mConsolidate compiler generated dependencies of target robot_ras_decision__rosidl_typesupport_fastrtps_c__pyext[0m
[35m[1mConsolidate compiler generated dependencies of target robot_ras_decision__rosidl_typesupport_introspection_c__pyext[0m
[35m[1mConsolidate compiler generated dependencies of target robot_ras_decision__rosidl_typesupport_c__pyext[0m
[ 91%] Built target robot_ras_decision__rosidl_typesupport_c__pyext
[ 91%] Built target robot_ras_decision__rosidl_typesupport_fastrtps_c__pyext
[ 97%] Built target robot_ras_decision__rosidl_typesupport_introspection_c__pyext
running egg_info
writing robot_ras_decision.egg-info/PKG-INFO
writing dependency_links to robot_ras_decision.egg-info/dependency_links.txt
writing top-level names to robot_ras_decision.egg-info/top_level.txt
reading manifest file 'robot_ras_decision.egg-info/SOURCES.txt'
writing manifest file 'robot_ras_decision.egg-info/SOURCES.txt'
[01m[K/home/alves/ros2_ws/src/robot_ras_decision/src/manager.cpp:12:10:[m[K [01;31m[Kfatal error: [m[Krobot_ras_decision/msg/Movement.hpp: No such file or directory
   12 | #include [01;31m[K"robot_ras_decision/msg/Movement.hpp"[m[K
      |          [01;31m[K^~~~~~~~~~~~~~~~~~~~~~~~~~~~~~~~~~~~~[m[K
compilation terminated.
gmake[2]: *** [CMakeFiles/Manager.dir/build.make:76: CMakeFiles/Manager.dir/src/manager.cpp.o] Error 1
gmake[1]: *** [CMakeFiles/Makefile2:210: CMakeFiles/Manager.dir/all] Error 2
gmake[1]: *** Waiting for unfinished jobs....
[ 97%] Built target ament_cmake_python_build_robot_ras_decision_egg
gmake: *** [Makefile:146: all] Error 2
