[0.011s] Invoking command in '/home/alves/ros2_ws/build/robot_ras_decision': CMAKE_PREFIX_PATH=/opt/ros/humble /usr/bin/cmake /home/alves/ros2_ws/src/robot_ras_decision -DCMAKE_INSTALL_PREFIX=/home/alves/ros2_ws/install/robot_ras_decision
[0.030s] -- Found ament_cmake: 1.3.11 (/opt/ros/humble/share/ament_cmake/cmake)
[0.125s] -- Override CMake install command with custom implementation using symlinks instead of copying resources
[0.137s] -- Found rclcpp: 16.0.12 (/opt/ros/humble/share/rclcpp/cmake)
[0.160s] -- Found rosidl_generator_c: 3.1.6 (/opt/ros/humble/share/rosidl_generator_c/cmake)
[0.161s] -- Found rosidl_adapter: 3.1.6 (/opt/ros/humble/share/rosidl_adapter/cmake)
[0.166s] -- Found rosidl_generator_cpp: 3.1.6 (/opt/ros/humble/share/rosidl_generator_cpp/cmake)
[0.174s] -- Using all available rosidl_typesupport_c: rosidl_typesupport_fastrtps_c;rosidl_typesupport_introspection_c
[0.182s] -- Using all available rosidl_typesupport_cpp: rosidl_typesupport_fastrtps_cpp;rosidl_typesupport_introspection_cpp
[0.209s] -- Found rmw_implementation_cmake: 6.1.2 (/opt/ros/humble/share/rmw_implementation_cmake/cmake)
[0.210s] -- Found rmw_fastrtps_cpp: 6.2.7 (/opt/ros/humble/share/rmw_fastrtps_cpp/cmake)
[0.293s] -- Using RMW implementation 'rmw_fastrtps_cpp' as default
[0.337s] -- Found sensor_msgs: 4.8.0 (/opt/ros/humble/share/sensor_msgs/cmake)
[0.359s] -- Found rosidl_default_generators: 1.2.0 (/opt/ros/humble/share/rosidl_default_generators/cmake)
[0.542s] -- Found ament_cmake_ros: 0.10.0 (/opt/ros/humble/share/ament_cmake_ros/cmake)
[0.817s] -- Using all available rosidl_typesupport_c: rosidl_typesupport_fastrtps_c;rosidl_typesupport_introspection_c
[0.918s] -- Using all available rosidl_typesupport_cpp: rosidl_typesupport_fastrtps_cpp;rosidl_typesupport_introspection_cpp
[0.936s] -- Found python_cmake_module: 0.10.0 (/opt/ros/humble/share/python_cmake_module/cmake)
[0.954s] -- Using PYTHON_EXECUTABLE: /usr/bin/python3
[0.954s] -- Using PYTHON_INCLUDE_DIRS: /usr/include/python3.10
[0.954s] -- Using PYTHON_LIBRARIES: /usr/lib/x86_64-linux-gnu/libpython3.10.so
[0.971s] -- Configuring done
[1.002s] -- Generating done
[1.010s] -- Build files have been written to: /home/alves/ros2_ws/build/robot_ras_decision
[1.016s] Invoked command in '/home/alves/ros2_ws/build/robot_ras_decision' returned '0': CMAKE_PREFIX_PATH=/opt/ros/humble /usr/bin/cmake /home/alves/ros2_ws/src/robot_ras_decision -DCMAKE_INSTALL_PREFIX=/home/alves/ros2_ws/install/robot_ras_decision
[1.021s] Invoking command in '/home/alves/ros2_ws/build/robot_ras_decision': CMAKE_PREFIX_PATH=/opt/ros/humble /usr/bin/cmake --build /home/alves/ros2_ws/build/robot_ras_decision -- -j16 -l16
[1.052s] [35m[1mConsolidate compiler generated dependencies of target MovementControl[0m
[1.053s] [35m[1mConsolidate compiler generated dependencies of target Manager[0m
[1.055s] [35m[1mConsolidate compiler generated dependencies of target robot_ras_decision__rosidl_generator_c[0m
[1.062s] [  2%] Built target robot_ras_decision__cpp
[1.070s] [  2%] Built target ament_cmake_python_symlink_robot_ras_decision
[1.070s] [ 11%] Built target robot_ras_decision__rosidl_generator_c
[1.071s] [35m[1mConsolidate compiler generated dependencies of target robot_ras_decision__rosidl_typesupport_fastrtps_cpp[0m
[1.073s] [35m[1mConsolidate compiler generated dependencies of target robot_ras_decision__rosidl_typesupport_cpp[0m
[1.076s] [35m[1mConsolidate compiler generated dependencies of target robot_ras_decision__rosidl_typesupport_introspection_cpp[0m
[1.079s] [ 17%] Built target MovementControl
[1.079s] [35m[1mConsolidate compiler generated dependencies of target robot_ras_decision__rosidl_typesupport_fastrtps_c[0m
[1.080s] [35m[1mConsolidate compiler generated dependencies of target robot_ras_decision__rosidl_typesupport_introspection_c[0m
[1.080s] [ 20%] [32mBuilding CXX object CMakeFiles/Manager.dir/src/manager.cpp.o[0m
[1.083s] [35m[1mConsolidate compiler generated dependencies of target robot_ras_decision__rosidl_typesupport_c[0m
[1.084s] [ 28%] Built target robot_ras_decision__rosidl_typesupport_fastrtps_cpp
[1.086s] [ 37%] Built target robot_ras_decision__rosidl_typesupport_cpp
[1.087s] [ 45%] Built target robot_ras_decision__rosidl_typesupport_introspection_cpp
[1.091s] [ 62%] Built target robot_ras_decision__rosidl_typesupport_c
[1.091s] [ 62%] Built target robot_ras_decision__rosidl_typesupport_fastrtps_c
[1.092s] [ 71%] Built target robot_ras_decision__rosidl_typesupport_introspection_c
[1.108s] [ 71%] Built target robot_ras_decision
[1.124s] [ 74%] Built target robot_ras_decision__py
[1.132s] [35m[1mConsolidate compiler generated dependencies of target robot_ras_decision__rosidl_generator_py[0m
[1.145s] [ 80%] Built target robot_ras_decision__rosidl_generator_py
[1.152s] [35m[1mConsolidate compiler generated dependencies of target robot_ras_decision__rosidl_typesupport_fastrtps_c__pyext[0m
[1.152s] [35m[1mConsolidate compiler generated dependencies of target robot_ras_decision__rosidl_typesupport_introspection_c__pyext[0m
[1.153s] [35m[1mConsolidate compiler generated dependencies of target robot_ras_decision__rosidl_typesupport_c__pyext[0m
[1.161s] [ 91%] Built target robot_ras_decision__rosidl_typesupport_c__pyext
[1.162s] [ 91%] Built target robot_ras_decision__rosidl_typesupport_fastrtps_c__pyext
[1.163s] [ 97%] Built target robot_ras_decision__rosidl_typesupport_introspection_c__pyext
[1.269s] running egg_info
[1.269s] writing robot_ras_decision.egg-info/PKG-INFO
[1.269s] writing dependency_links to robot_ras_decision.egg-info/dependency_links.txt
[1.269s] writing top-level names to robot_ras_decision.egg-info/top_level.txt
[1.271s] reading manifest file 'robot_ras_decision.egg-info/SOURCES.txt'
[1.271s] writing manifest file 'robot_ras_decision.egg-info/SOURCES.txt'
[1.277s] [01m[K/home/alves/ros2_ws/src/robot_ras_decision/src/manager.cpp:12:10:[m[K [01;31m[Kfatal error: [m[Krobot_ras_decision/msg/Movement.hpp: No such file or directory
[1.277s]    12 | #include [01;31m[K"robot_ras_decision/msg/Movement.hpp"[m[K
[1.277s]       |          [01;31m[K^~~~~~~~~~~~~~~~~~~~~~~~~~~~~~~~~~~~~[m[K
[1.277s] compilation terminated.
[1.279s] gmake[2]: *** [CMakeFiles/Manager.dir/build.make:76: CMakeFiles/Manager.dir/src/manager.cpp.o] Error 1
[1.279s] gmake[1]: *** [CMakeFiles/Makefile2:210: CMakeFiles/Manager.dir/all] Error 2
[1.279s] gmake[1]: *** Waiting for unfinished jobs....
[1.289s] [ 97%] Built target ament_cmake_python_build_robot_ras_decision_egg
[1.290s] gmake: *** [Makefile:146: all] Error 2
[1.292s] Invoked command in '/home/alves/ros2_ws/build/robot_ras_decision' returned '2': CMAKE_PREFIX_PATH=/opt/ros/humble /usr/bin/cmake --build /home/alves/ros2_ws/build/robot_ras_decision -- -j16 -l16
