[0.013s] Invoking command in '/home/alves/ros2_ws/build/robot_ras_decision': CMAKE_PREFIX_PATH=${CMAKE_PREFIX_PATH}:/opt/ros/humble /usr/bin/cmake --build /home/alves/ros2_ws/build/robot_ras_decision -- -j16 -l16
[0.081s] [  2%] Built target robot_ras_decision__cpp
[0.083s] [ 11%] Built target robot_ras_decision__rosidl_generator_c
[0.103s] [ 11%] Built target ament_cmake_python_symlink_robot_ras_decision
[0.119s] [ 20%] Built target robot_ras_decision__rosidl_typesupport_fastrtps_cpp
[0.121s] [ 37%] Built target robot_ras_decision__rosidl_typesupport_cpp
[0.122s] [ 39%] Built target robot_ras_decision__rosidl_typesupport_c
[0.122s] [ 48%] Built target robot_ras_decision__rosidl_typesupport_introspection_c
[0.123s] [ 58%] Built target robot_ras_decision__rosidl_typesupport_introspection_cpp
[0.133s] [ 67%] Built target robot_ras_decision__rosidl_typesupport_fastrtps_c
[0.149s] [ 67%] Built target robot_ras_decision
[0.161s] [35m[1mConsolidate compiler generated dependencies of target DecisionNode[0m
[0.162s] [35m[1mConsolidate compiler generated dependencies of target MotorControllerNode[0m
[0.166s] [ 69%] Built target robot_ras_decision__py
[0.174s] [ 72%] [32mBuilding CXX object CMakeFiles/DecisionNode.dir/src/decision_node.cpp.o[0m
[0.175s] [ 74%] [32mBuilding CXX object CMakeFiles/MotorControllerNode.dir/src/motor_controller_node.cpp.o[0m
[0.184s] [ 81%] Built target robot_ras_decision__rosidl_generator_py
[0.199s] [ 86%] Built target robot_ras_decision__rosidl_typesupport_fastrtps_c__pyext
[0.200s] [ 90%] Built target robot_ras_decision__rosidl_typesupport_c__pyext
[0.200s] [ 95%] Built target robot_ras_decision__rosidl_typesupport_introspection_c__pyext
[0.275s] running egg_info
[0.275s] writing robot_ras_decision.egg-info/PKG-INFO
[0.276s] writing dependency_links to robot_ras_decision.egg-info/dependency_links.txt
[0.276s] writing top-level names to robot_ras_decision.egg-info/top_level.txt
[0.277s] reading manifest file 'robot_ras_decision.egg-info/SOURCES.txt'
[0.278s] writing manifest file 'robot_ras_decision.egg-info/SOURCES.txt'
[0.303s] [ 95%] Built target ament_cmake_python_build_robot_ras_decision_egg
[1.966s] [01m[K/home/alves/ros2_ws/src/robot_ras_decision/src/decision_node.cpp:[m[K In member function â€˜[01m[Kvoid DecisionNode::movement_callback()[m[Kâ€™:
[1.966s] [01m[K/home/alves/ros2_ws/src/robot_ras_decision/src/decision_node.cpp:84:46:[m[K [01;31m[Kerror: [m[Kexpected primary-expression before â€˜[01m[K/[m[Kâ€™ token
[1.966s]    84 |                 instruction.direcao = "left";[01;31m[K/[m[K
[1.966s]       |                                              [01;31m[K^[m[K
[4.047s] gmake[2]: *** [CMakeFiles/DecisionNode.dir/build.make:76: CMakeFiles/DecisionNode.dir/src/decision_node.cpp.o] Erro 1
[4.047s] gmake[1]: *** [CMakeFiles/Makefile2:624: CMakeFiles/DecisionNode.dir/all] Erro 2
[4.047s] gmake[1]: ** Esperando que outros processos terminem.
[6.957s] [ 97%] [32m[1mLinking CXX executable MotorControllerNode[0m
[7.304s] [ 97%] Built target MotorControllerNode
[7.305s] gmake: *** [Makefile:146: all] Erro 2
[7.307s] Invoked command in '/home/alves/ros2_ws/build/robot_ras_decision' returned '2': CMAKE_PREFIX_PATH=${CMAKE_PREFIX_PATH}:/opt/ros/humble /usr/bin/cmake --build /home/alves/ros2_ws/build/robot_ras_decision -- -j16 -l16
