[0.012s] Invoking command in '/home/alves/ros2_ws/build/robot_ras_decision': CMAKE_PREFIX_PATH=${CMAKE_PREFIX_PATH}:/opt/ros/humble /usr/bin/cmake --build /home/alves/ros2_ws/build/robot_ras_decision -- -j16 -l16
[0.074s] [  2%] Built target robot_ras_decision__cpp
[0.083s] [ 11%] Built target robot_ras_decision__rosidl_generator_c
[0.090s] [ 11%] Built target ament_cmake_python_symlink_robot_ras_decision
[0.116s] [ 20%] Built target robot_ras_decision__rosidl_typesupport_introspection_cpp
[0.116s] [ 30%] Built target robot_ras_decision__rosidl_typesupport_fastrtps_cpp
[0.121s] [ 48%] Built target robot_ras_decision__rosidl_typesupport_introspection_c
[0.121s] [ 48%] Built target robot_ras_decision__rosidl_typesupport_c
[0.121s] [ 58%] Built target robot_ras_decision__rosidl_typesupport_cpp
[0.122s] [ 67%] Built target robot_ras_decision__rosidl_typesupport_fastrtps_c
[0.145s] [ 67%] Built target robot_ras_decision
[0.156s] [35m[1mConsolidate compiler generated dependencies of target MotorControllerNode[0m
[0.159s] [35m[1mConsolidate compiler generated dependencies of target DecisionNode[0m
[0.167s] [ 69%] Built target robot_ras_decision__py
[0.175s] [ 72%] [32mBuilding CXX object CMakeFiles/DecisionNode.dir/src/decision_node.cpp.o[0m
[0.175s] [ 74%] [32mBuilding CXX object CMakeFiles/MotorControllerNode.dir/src/motor_controller_node.cpp.o[0m
[0.187s] [ 81%] Built target robot_ras_decision__rosidl_generator_py
[0.205s] [ 86%] Built target robot_ras_decision__rosidl_typesupport_c__pyext
[0.206s] [ 90%] Built target robot_ras_decision__rosidl_typesupport_fastrtps_c__pyext
[0.208s] [ 95%] Built target robot_ras_decision__rosidl_typesupport_introspection_c__pyext
[0.291s] running egg_info
[0.291s] writing robot_ras_decision.egg-info/PKG-INFO
[0.291s] writing dependency_links to robot_ras_decision.egg-info/dependency_links.txt
[0.292s] writing top-level names to robot_ras_decision.egg-info/top_level.txt
[0.295s] reading manifest file 'robot_ras_decision.egg-info/SOURCES.txt'
[0.295s] writing manifest file 'robot_ras_decision.egg-info/SOURCES.txt'
[0.324s] [ 95%] Built target ament_cmake_python_build_robot_ras_decision_egg
[1.890s] [01m[K/home/alves/ros2_ws/src/robot_ras_decision/src/decision_node.cpp:[m[K In member function â€˜[01m[Kvoid DecisionNode::movement_callback()[m[Kâ€™:
[1.890s] [01m[K/home/alves/ros2_ws/src/robot_ras_decision/src/decision_node.cpp:84:46:[m[K [01;31m[Kerror: [m[Kexpected primary-expression before â€˜[01m[K/[m[Kâ€™ token
[1.890s]    84 |                 instruction.direcao = "left";[01;31m[K/[m[K
[1.890s]       |                                              [01;31m[K^[m[K
[1.915s] [01m[K/home/alves/ros2_ws/src/robot_ras_decision/src/motor_controller_node.cpp:[m[K In member function â€˜[01m[Kvoid MotorControllerNode::movement_callback()[m[Kâ€™:
[1.915s] [01m[K/home/alves/ros2_ws/src/robot_ras_decision/src/motor_controller_node.cpp:108:31:[m[K [01;31m[Kerror: [m[Kâ€˜[01m[Ktopic[m[Kâ€™ was not declared in this scope
[1.915s]   108 |         motor2.data[0] = vel2;[01;31m[Ktopic[m[K echo /motor1/commands
[1.915s]       |                               [01;31m[K^~~~~[m[K
[3.874s] gmake[2]: *** [CMakeFiles/DecisionNode.dir/build.make:76: CMakeFiles/DecisionNode.dir/src/decision_node.cpp.o] Erro 1
[3.874s] gmake[1]: *** [CMakeFiles/Makefile2:624: CMakeFiles/DecisionNode.dir/all] Erro 2
[3.874s] gmake[1]: ** Esperando que outros processos terminem.
[3.989s] gmake[2]: *** [CMakeFiles/MotorControllerNode.dir/build.make:76: CMakeFiles/MotorControllerNode.dir/src/motor_controller_node.cpp.o] Erro 1
[3.989s] gmake[1]: *** [CMakeFiles/Makefile2:596: CMakeFiles/MotorControllerNode.dir/all] Erro 2
[3.989s] gmake: *** [Makefile:146: all] Erro 2
[3.992s] Invoked command in '/home/alves/ros2_ws/build/robot_ras_decision' returned '2': CMAKE_PREFIX_PATH=${CMAKE_PREFIX_PATH}:/opt/ros/humble /usr/bin/cmake --build /home/alves/ros2_ws/build/robot_ras_decision -- -j16 -l16
