[0.010s] Invoking command in '/home/alves/ros2_ws/build/robot_ras_decision': CMAKE_PREFIX_PATH=/opt/ros/humble /usr/bin/cmake --build /home/alves/ros2_ws/build/robot_ras_decision -- -j16 -l16
[0.053s] [  9%] Built target robot_ras_decision__cpp
[0.053s] [ 11%] Built target robot_ras_decision__rosidl_generator_c
[0.063s] [ 11%] Built target ament_cmake_python_symlink_robot_ras_decision
[0.073s] [ 20%] Built target robot_ras_decision__rosidl_typesupport_c
[0.073s] [ 30%] Built target robot_ras_decision__rosidl_typesupport_fastrtps_c
[0.074s] [ 39%] Built target robot_ras_decision__rosidl_typesupport_cpp
[0.075s] [ 48%] Built target robot_ras_decision__rosidl_typesupport_introspection_c
[0.078s] [ 58%] Built target robot_ras_decision__rosidl_typesupport_fastrtps_cpp
[0.079s] [ 67%] Built target robot_ras_decision__rosidl_typesupport_introspection_cpp
[0.099s] [ 67%] Built target robot_ras_decision
[0.111s] [35m[1mConsolidate compiler generated dependencies of target MotorControllerNode[0m
[0.119s] [ 69%] Built target robot_ras_decision__py
[0.123s] [ 74%] Built target DecisionNode
[0.130s] [ 76%] [32mBuilding CXX object CMakeFiles/MotorControllerNode.dir/src/motor_controller_node.cpp.o[0m
[0.138s] [ 83%] Built target robot_ras_decision__rosidl_generator_py
[0.158s] [ 88%] Built target robot_ras_decision__rosidl_typesupport_fastrtps_c__pyext
[0.159s] [ 93%] Built target robot_ras_decision__rosidl_typesupport_introspection_c__pyext
[0.159s] [ 97%] Built target robot_ras_decision__rosidl_typesupport_c__pyext
[0.250s] running egg_info
[0.251s] writing robot_ras_decision.egg-info/PKG-INFO
[0.251s] writing dependency_links to robot_ras_decision.egg-info/dependency_links.txt
[0.251s] writing top-level names to robot_ras_decision.egg-info/top_level.txt
[0.253s] reading manifest file 'robot_ras_decision.egg-info/SOURCES.txt'
[0.253s] writing manifest file 'robot_ras_decision.egg-info/SOURCES.txt'
[0.277s] [ 97%] Built target ament_cmake_python_build_robot_ras_decision_egg
[1.873s] [01m[K/home/alves/ros2_ws/src/robot_ras_decision/src/motor_controller_node.cpp:[m[K In constructor â€˜[01m[KMotorControllerNode::MotorControllerNode()[m[Kâ€™:
[1.873s] [01m[K/home/alves/ros2_ws/src/robot_ras_decision/src/motor_controller_node.cpp:25:53:[m[K [01;31m[Kerror: [m[Kâ€˜[01m[Kvelocidade_linear_[m[Kâ€™ was not declared in this scope; did you mean â€˜[01m[KvelocidadeLinear[m[Kâ€™?
[1.873s]    25 |         this -> get_parameter ("velocidade_linear", [01;31m[Kvelocidade_linear_[m[K ) ;
[1.873s]       |                                                     [01;31m[K^~~~~~~~~~~~~~~~~~[m[K
[1.873s]       |                                                     [32m[KvelocidadeLinear[m[K
[1.878s] In file included from [01m[K/usr/include/c++/11/pstl/glue_algorithm_defs.h:13[m[K,
[1.878s]                  from [01m[K/usr/include/c++/11/algorithm:74[m[K,
[1.878s]                  from [01m[K/opt/ros/humble/include/rclcpp/rclcpp/executor.hpp:18[m[K,
[1.878s]                  from [01m[K/opt/ros/humble/include/rclcpp/rclcpp/executors/multi_threaded_executor.hpp:25[m[K,
[1.878s]                  from [01m[K/opt/ros/humble/include/rclcpp/rclcpp/executors.hpp:21[m[K,
[1.878s]                  from [01m[K/opt/ros/humble/include/rclcpp/rclcpp/rclcpp.hpp:155[m[K,
[1.878s]                  from [01m[K/home/alves/ros2_ws/src/robot_ras_decision/src/motor_controller_node.cpp:6[m[K:
[1.878s] /usr/include/c++/11/functional: In instantiation of â€˜[01m[Kstruct std::_Bind_check_arity<void (MotorControllerNode::*)(std::shared_ptr<robot_ras_decision::msg::Movement_<std::allocator<void> > >), MotorControllerNode*>[m[Kâ€™:
[1.878s] [01m[K/usr/include/c++/11/functional:768:12:[m[K   required from â€˜[01m[Kstruct std::_Bind_helper<false, void (MotorControllerNode::*)(std::shared_ptr<robot_ras_decision::msg::Movement_<std::allocator<void> > >), MotorControllerNode*>[m[Kâ€™
[1.878s] [01m[K/usr/include/c++/11/functional:789:5:[m[K   required by substitution of â€˜[01m[Ktemplate<class _Func, class ... _BoundArgs> typename std::_Bind_helper<std::__is_socketlike<_Func>::value, _Func, _BoundArgs ...>::type std::bind(_Func&&, _BoundArgs&& ...) [with _Func = void (MotorControllerNode::*)(std::shared_ptr<robot_ras_decision::msg::Movement_<std::allocator<void> > >); _BoundArgs = {MotorControllerNode*}][m[Kâ€™
[1.878s] [01m[K/home/alves/ros2_ws/src/robot_ras_decision/src/motor_controller_node.cpp:30:83:[m[K   required from here
[1.878s] [01m[K/usr/include/c++/11/functional:756:21:[m[K [01;31m[Kerror: [m[Kstatic assertion failed: Wrong number of arguments for pointer-to-member
[1.878s]   755 |       static_assert(_Varargs::[01;31m[Kvalue[m[K
[1.878s]       |                               [01;31m[K~~~~~[m[K
[1.878s]   756 | [01;31m[K                    ? sizeof...(_BoundArgs) >= _Arity::value + 1[m[K
[1.878s]       |                     [01;31m[K^~~~~~~~~~~~~~~~~~~~~~~~~~~~~~~~~~~~~~~~~~~~[m[K
[1.878s]   757 | [01;31m[K                    : sizeof...(_BoundArgs) == _Arity::value + 1[m[K,
[1.878s]       |                     [01;31m[K~~~~~~~~~~~~~~~~~~~~~~~~~~~~~~~~~~~~~~~~~~~~[m[K
[1.878s] [01m[K/usr/include/c++/11/functional:756:21:[m[K [01;36m[Knote: [m[Kâ€˜[01m[K(false ? (1 >= (((long unsigned int)std::integral_constant<long unsigned int, 1>::value) + 1)) : (1 == (((long unsigned int)std::integral_constant<long unsigned int, 1>::value) + 1)))[m[Kâ€™ evaluates to false
[1.880s] [01m[K/home/alves/ros2_ws/src/robot_ras_decision/src/motor_controller_node.cpp:30:41:[m[K [01;31m[Kerror: [m[Kno matching function for call to â€˜[01m[KMotorControllerNode::create_wall_timer(std::chrono::milliseconds, std::_Bind_helper<false, void (MotorControllerNode::*)(std::shared_ptr<robot_ras_decision::msg::Movement_<std::allocator<void> > >), MotorControllerNode*>::type)[m[Kâ€™
[1.880s]    30 |         timer_ = [01;31m[Kthis->create_wall_timer(std::chrono::milliseconds(100), std::bind(&MotorControllerNode::movement_callback, this))[m[K;
[1.880s]       |                  [01;31m[K~~~~~~~~~~~~~~~~~~~~~~~^~~~~~~~~~~~~~~~~~~~~~~~~~~~~~~~~~~~~~~~~~~~~~~~~~~~~~~~~~~~~~~~~~~~~~~~~~~~~~~~~~~~~~~~~~[m[K
[1.880s] In file included from [01m[K/opt/ros/humble/include/rclcpp/rclcpp/executors/single_threaded_executor.hpp:28[m[K,
[1.880s]                  from [01m[K/opt/ros/humble/include/rclcpp/rclcpp/executors.hpp:22[m[K,
[1.880s]                  from [01m[K/opt/ros/humble/include/rclcpp/rclcpp/rclcpp.hpp:155[m[K,
[1.880s]                  from [01m[K/home/alves/ros2_ws/src/robot_ras_decision/src/motor_controller_node.cpp:6[m[K:
[1.880s] [01m[K/opt/ros/humble/include/rclcpp/rclcpp/node.hpp:238:3:[m[K [01;36m[Knote: [m[Kcandidate: â€˜[01m[Ktemplate<class DurationRepT, class DurationT, class CallbackT> typename rclcpp::WallTimer<CallbackT>::SharedPtr rclcpp::Node::create_wall_timer(std::chrono::duration<_Rep1, _Period1>, CallbackT, rclcpp::CallbackGroup::SharedPtr)[m[Kâ€™
[1.880s]   238 |   [01;36m[Kcreate_wall_timer[m[K(
[1.880s]       |   [01;36m[K^~~~~~~~~~~~~~~~~[m[K
[1.880s] [01m[K/opt/ros/humble/include/rclcpp/rclcpp/node.hpp:238:3:[m[K [01;36m[Knote: [m[K  template argument deduction/substitution failed:
[1.880s] In file included from [01m[K/opt/ros/humble/include/rclcpp/rclcpp/node.hpp:1321[m[K,
[1.880s]                  from [01m[K/opt/ros/humble/include/rclcpp/rclcpp/executors/single_threaded_executor.hpp:28[m[K,
[1.880s]                  from [01m[K/opt/ros/humble/include/rclcpp/rclcpp/executors.hpp:22[m[K,
[1.880s]                  from [01m[K/opt/ros/humble/include/rclcpp/rclcpp/rclcpp.hpp:155[m[K,
[1.880s]                  from [01m[K/home/alves/ros2_ws/src/robot_ras_decision/src/motor_controller_node.cpp:6[m[K:
[1.881s] /opt/ros/humble/include/rclcpp/rclcpp/node_impl.hpp: In substitution of â€˜[01m[Ktemplate<class DurationRepT, class DurationT, class CallbackT> typename rclcpp::WallTimer<CallbackT>::SharedPtr rclcpp::Node::create_wall_timer(std::chrono::duration<_Rep1, _Period1>, CallbackT, rclcpp::CallbackGroup::SharedPtr) [with DurationRepT = long int; DurationT = std::ratio<1, 1000>; CallbackT = std::_Bind<void (MotorControllerNode::*(MotorControllerNode*))(std::shared_ptr<robot_ras_decision::msg::Movement_<std::allocator<void> > >)>][m[Kâ€™:
[1.881s] [01m[K/home/alves/ros2_ws/src/robot_ras_decision/src/motor_controller_node.cpp:30:41:[m[K   required from here
[1.881s] [01m[K/opt/ros/humble/include/rclcpp/rclcpp/node_impl.hpp:110:1:[m[K [01;31m[Kerror: [m[Kno type named â€˜[01m[Ktype[m[Kâ€™ in â€˜[01m[Kstruct std::enable_if<false, void>[m[Kâ€™
[1.881s]   110 | [01;31m[KNode[m[K::create_wall_timer(
[1.881s]       | [01;31m[K^~~~[m[K
[1.881s] [01m[K/opt/ros/humble/include/rclcpp/rclcpp/node_impl.hpp:110:1:[m[K [01;31m[Kerror: [m[Kno type named â€˜[01m[Ktype[m[Kâ€™ in â€˜[01m[Kstruct std::enable_if<false, void>[m[Kâ€™
[1.881s] [01m[K/opt/ros/humble/include/rclcpp/rclcpp/node_impl.hpp:110:1:[m[K [01;36m[Knote: [m[Kinvalid template non-type parameter
[1.882s] [01m[K/home/alves/ros2_ws/src/robot_ras_decision/src/motor_controller_node.cpp:[m[K In member function â€˜[01m[Kvoid MotorControllerNode::movement_callback(robot_ras_decision::msg::Movement_<std::allocator<void> >::SharedPtr)[m[Kâ€™:
[1.883s] [01m[K/home/alves/ros2_ws/src/robot_ras_decision/src/motor_controller_node.cpp:39:52:[m[K [01;31m[Kerror: [m[Kconversion from â€˜[01m[Krobot_ras_decision::msg::Movement_<std::allocator<void> >::_angulo_type[m[Kâ€™ {aka â€˜[01m[Kfloat[m[Kâ€™} to non-scalar type â€˜[01m[Kstd_msgs::msg::Float32[m[Kâ€™ {aka â€˜[01m[Kstd_msgs::msg::Float32_<std::allocator<void> >[m[Kâ€™} requested
[1.883s]    39 |         std_msgs::msg::Float32 angulo = [01;31m[Kmovimento->angulo[m[K;
[1.883s]       |                                         [01;31m[K~~~~~~~~~~~^~~~~~[m[K
[1.883s] [01m[K/home/alves/ros2_ws/src/robot_ras_decision/src/motor_controller_node.cpp:40:55:[m[K [01;31m[Kerror: [m[Kconversion from â€˜[01m[Krobot_ras_decision::msg::Movement_<std::allocator<void> >::_distancia_type[m[Kâ€™ {aka â€˜[01m[Kfloat[m[Kâ€™} to non-scalar type â€˜[01m[Kstd_msgs::msg::Float32[m[Kâ€™ {aka â€˜[01m[Kstd_msgs::msg::Float32_<std::allocator<void> >[m[Kâ€™} requested
[1.883s]    40 |         std_msgs::msg::Float32 distancia = [01;31m[Kmovimento->distancia[m[K;
[1.883s]       |                                            [01;31m[K~~~~~~~~~~~^~~~~~~~~[m[K
[1.883s] [01m[K/home/alves/ros2_ws/src/robot_ras_decision/src/motor_controller_node.cpp:51:32:[m[K [01;31m[Kerror: [m[Kno match for â€˜[01m[Koperator/[m[Kâ€™ (operand types are â€˜[01m[Kstd_msgs::msg::Float32[m[Kâ€™ {aka â€˜[01m[Kstd_msgs::msg::Float32_<std::allocator<void> >[m[Kâ€™} and â€˜[01m[Kdouble[m[Kâ€™)
[1.883s]    51 |           tempoExec = [32m[Kdistancia[m[K[01;31m[K/[m[K[34m[KvelocidadeLinear[m[K;
[1.883s]       |                       [32m[K~~~~~~~~~[m[K[01;31m[K^[m[K[34m[K~~~~~~~~~~~~~~~~[m[K
[1.884s]       |                       [32m[K|[m[K         [34m[K|[m[K
[1.884s]       |                       [32m[K|[m[K         [34m[Kdouble[m[K
[1.884s]       |                       [32m[Kstd_msgs::msg::Float32 {aka std_msgs::msg::Float32_<std::allocator<void> >}[m[K
[1.884s] [01m[K/home/alves/ros2_ws/src/robot_ras_decision/src/motor_controller_node.cpp:59:32:[m[K [01;31m[Kerror: [m[Kno match for â€˜[01m[Koperator/[m[Kâ€™ (operand types are â€˜[01m[Kstd_msgs::msg::Float32[m[Kâ€™ {aka â€˜[01m[Kstd_msgs::msg::Float32_<std::allocator<void> >[m[Kâ€™} and â€˜[01m[Kdouble[m[Kâ€™)
[1.884s]    59 |           tempoExec = [32m[Kdistancia[m[K[01;31m[K/[m[K[34m[KvelocidadeLinear[m[K;
[1.884s]       |                       [32m[K~~~~~~~~~[m[K[01;31m[K^[m[K[34m[K~~~~~~~~~~~~~~~~[m[K
[1.884s]       |                       [32m[K|[m[K         [34m[K|[m[K
[1.884s]       |                       [32m[K|[m[K         [34m[Kdouble[m[K
[1.884s]       |                       [32m[Kstd_msgs::msg::Float32 {aka std_msgs::msg::Float32_<std::allocator<void> >}[m[K
[1.887s] [01m[K/home/alves/ros2_ws/src/robot_ras_decision/src/motor_controller_node.cpp:63:28:[m[K [01;31m[Kerror: [m[Kâ€˜[01m[Ktempo[m[Kâ€™ was not declared in this scope
[1.888s]    63 |             tempoInicial = [01;31m[Ktempo[m[K
[1.888s]       |                            [01;31m[K^~~~~[m[K
[1.888s] [01m[K/home/alves/ros2_ws/src/robot_ras_decision/src/motor_controller_node.cpp:68:29:[m[K [01;31m[Kerror: [m[Kno match for â€˜[01m[Koperator/[m[Kâ€™ (operand types are â€˜[01m[Kstd_msgs::msg::Float32[m[Kâ€™ {aka â€˜[01m[Kstd_msgs::msg::Float32_<std::allocator<void> >[m[Kâ€™} and â€˜[01m[Kfloat[m[Kâ€™)
[1.888s]    68 |           tempoExec = [32m[Kangulo[m[K[01;31m[K/[m[K[34m[KvelocidadeAngular[m[K;
[1.888s]       |                       [32m[K~~~~~~[m[K[01;31m[K^[m[K[34m[K~~~~~~~~~~~~~~~~~[m[K
[1.888s]       |                       [32m[K|[m[K      [34m[K|[m[K
[1.888s]       |                       [32m[K|[m[K      [34m[Kfloat[m[K
[1.888s]       |                       [32m[Kstd_msgs::msg::Float32 {aka std_msgs::msg::Float32_<std::allocator<void> >}[m[K
[1.888s] [01m[K/home/alves/ros2_ws/src/robot_ras_decision/src/motor_controller_node.cpp:78:23:[m[K [01;31m[Kerror: [m[Kno match for â€˜[01m[Koperator-[m[Kâ€™ (operand type is â€˜[01m[Kstd_msgs::msg::Float32[m[Kâ€™ {aka â€˜[01m[Kstd_msgs::msg::Float32_<std::allocator<void> >[m[Kâ€™})
[1.888s]    78 |           tempoExec = [01;31m[K-angulo[m[K/velocidadeAngular;
[1.889s]       |                       [01;31m[K^~~~~~~[m[K
[1.889s] In file included from [01m[K/usr/include/c++/11/bits/stl_algobase.h:67[m[K,
[1.889s]                  from [01m[K/usr/include/c++/11/memory:63[m[K,
[1.889s]                  from [01m[K/home/alves/ros2_ws/src/robot_ras_decision/src/motor_controller_node.cpp:2[m[K:
[1.889s] [01m[K/usr/include/c++/11/bits/stl_iterator.h:577:5:[m[K [01;36m[Knote: [m[Kcandidate: â€˜[01m[Ktemplate<class _IteratorL, class _IteratorR> constexpr decltype ((__y.base() - __x.base())) std::operator-(const std::reverse_iterator<_Iterator>&, const std::reverse_iterator<_IteratorR>&)[m[Kâ€™
[1.889s]   577 |     [01;36m[Koperator[m[K-(const reverse_iterator<_IteratorL>& __x,
[1.889s]       |     [01;36m[K^~~~~~~~[m[K
[1.889s] [01m[K/usr/include/c++/11/bits/stl_iterator.h:577:5:[m[K [01;36m[Knote: [m[K  template argument deduction/substitution failed:
[1.889s] [01m[K/home/alves/ros2_ws/src/robot_ras_decision/src/motor_controller_node.cpp:78:24:[m[K [01;36m[Knote: [m[K  â€˜[01m[Kstd_msgs::msg::Float32[m[Kâ€™ {aka â€˜[01m[Kstd_msgs::msg::Float32_<std::allocator<void> >[m[Kâ€™} is not derived from â€˜[01m[Kconst std::reverse_iterator<_Iterator>[m[Kâ€™
[1.890s]    78 |           tempoExec = -[01;36m[Kangulo[m[K/velocidadeAngular;
[1.890s]       |                        [01;36m[K^~~~~~[m[K
[1.890s] In file included from [01m[K/usr/include/c++/11/bits/stl_algobase.h:67[m[K,
[1.890s]                  from [01m[K/usr/include/c++/11/memory:63[m[K,
[1.890s]                  from [01m[K/home/alves/ros2_ws/src/robot_ras_decision/src/motor_controller_node.cpp:2[m[K:
[1.890s] [01m[K/usr/include/c++/11/bits/stl_iterator.h:1693:5:[m[K [01;36m[Knote: [m[Kcandidate: â€˜[01m[Ktemplate<class _IteratorL, class _IteratorR> constexpr decltype ((__x.base() - __y.base())) std::operator-(const std::move_iterator<_IteratorL>&, const std::move_iterator<_IteratorR>&)[m[Kâ€™
[1.890s]  1693 |     [01;36m[Koperator[m[K-(const move_iterator<_IteratorL>& __x,
[1.890s]       |     [01;36m[K^~~~~~~~[m[K
[1.890s] [01m[K/usr/include/c++/11/bits/stl_iterator.h:1693:5:[m[K [01;36m[Knote: [m[K  template argument deduction/substitution failed:
[1.890s] [01m[K/home/alves/ros2_ws/src/robot_ras_decision/src/motor_controller_node.cpp:78:24:[m[K [01;36m[Knote: [m[K  â€˜[01m[Kstd_msgs::msg::Float32[m[Kâ€™ {aka â€˜[01m[Kstd_msgs::msg::Float32_<std::allocator<void> >[m[Kâ€™} is not derived from â€˜[01m[Kconst std::move_iterator<_IteratorL>[m[Kâ€™
[1.890s]    78 |           tempoExec = -[01;36m[Kangulo[m[K/velocidadeAngular;
[1.891s]       |                        [01;36m[K^~~~~~[m[K
[3.809s] gmake[2]: *** [CMakeFiles/MotorControllerNode.dir/build.make:76: CMakeFiles/MotorControllerNode.dir/src/motor_controller_node.cpp.o] Erro 1
[3.809s] gmake[1]: *** [CMakeFiles/Makefile2:596: CMakeFiles/MotorControllerNode.dir/all] Erro 2
[3.809s] gmake: *** [Makefile:146: all] Erro 2
[3.811s] Invoked command in '/home/alves/ros2_ws/build/robot_ras_decision' returned '2': CMAKE_PREFIX_PATH=/opt/ros/humble /usr/bin/cmake --build /home/alves/ros2_ws/build/robot_ras_decision -- -j16 -l16
