[0.009s] Invoking command in '/home/alves/ros2_ws/build/robot_ras_decision': CMAKE_PREFIX_PATH=/opt/ros/humble /usr/bin/cmake --build /home/alves/ros2_ws/build/robot_ras_decision -- -j16 -l16
[0.057s] [  9%] Built target robot_ras_decision__cpp
[0.059s] [ 11%] Built target robot_ras_decision__rosidl_generator_c
[0.079s] [ 11%] Built target ament_cmake_python_symlink_robot_ras_decision
[0.097s] [ 20%] Built target robot_ras_decision__rosidl_typesupport_introspection_c
[0.099s] [ 30%] Built target robot_ras_decision__rosidl_typesupport_c
[0.099s] [ 39%] Built target robot_ras_decision__rosidl_typesupport_introspection_cpp
[0.107s] [ 48%] Built target robot_ras_decision__rosidl_typesupport_fastrtps_cpp
[0.108s] [ 58%] Built target robot_ras_decision__rosidl_typesupport_cpp
[0.117s] [ 67%] Built target robot_ras_decision__rosidl_typesupport_fastrtps_c
[0.135s] [ 67%] Built target robot_ras_decision
[0.145s] [35m[1mConsolidate compiler generated dependencies of target MotorControllerNode[0m
[0.158s] [ 69%] Built target robot_ras_decision__py
[0.165s] [ 74%] Built target DecisionNode
[0.169s] [ 76%] [32mBuilding CXX object CMakeFiles/MotorControllerNode.dir/src/motor_controller_node.cpp.o[0m
[0.180s] [ 83%] Built target robot_ras_decision__rosidl_generator_py
[0.204s] [ 88%] Built target robot_ras_decision__rosidl_typesupport_introspection_c__pyext
[0.204s] [ 93%] Built target robot_ras_decision__rosidl_typesupport_fastrtps_c__pyext
[0.206s] [ 97%] Built target robot_ras_decision__rosidl_typesupport_c__pyext
[0.296s] running egg_info
[0.297s] writing robot_ras_decision.egg-info/PKG-INFO
[0.297s] writing dependency_links to robot_ras_decision.egg-info/dependency_links.txt
[0.297s] writing top-level names to robot_ras_decision.egg-info/top_level.txt
[0.298s] reading manifest file 'robot_ras_decision.egg-info/SOURCES.txt'
[0.299s] writing manifest file 'robot_ras_decision.egg-info/SOURCES.txt'
[0.322s] [ 97%] Built target ament_cmake_python_build_robot_ras_decision_egg
[1.960s] [01m[K/home/alves/ros2_ws/src/robot_ras_decision/src/motor_controller_node.cpp:[m[K In member function â€˜[01m[Kvoid MotorControllerNode::movement_callback(robot_ras_decision::msg::Movement_<std::allocator<void> >::SharedPtr)[m[Kâ€™:
[1.960s] [01m[K/home/alves/ros2_ws/src/robot_ras_decision/src/motor_controller_node.cpp:35:27:[m[K [01;35m[Kwarning: [m[Kunused variable â€˜[01m[Kvelocidade_angular[m[Kâ€™ [[01;35m[K]8;;https://gcc.gnu.org/onlinedocs/gcc/Warning-Options.html#index-Wunused-variable-Wunused-variable]8;;[m[K]
[1.960s]    35 |         float vel1, vel2, [01;35m[Kvelocidade_angular[m[K;
[1.960s]       |                           [01;35m[K^~~~~~~~~~~~~~~~~~[m[K
[1.963s] [01m[K/home/alves/ros2_ws/src/robot_ras_decision/src/motor_controller_node.cpp:[m[K In member function â€˜[01m[Kvoid MotorControllerNode::setVelocity(const std::shared_ptr<robot_ras_decision::srv::SetVelocity_Request_<std::allocator<void> > >&, std::shared_ptr<robot_ras_decision::srv::SetVelocity_Response_<std::allocator<void> > >)[m[Kâ€™:
[1.963s] [01m[K/home/alves/ros2_ws/src/robot_ras_decision/src/motor_controller_node.cpp:71:26:[m[K [01;31m[Kerror: [m[Kâ€˜[01m[Kclass std::shared_ptr<robot_ras_decision::srv::SetVelocity_Response_<std::allocator<void> > >[m[Kâ€™ has no member named â€˜[01m[Ksucesso[m[Kâ€™
[1.963s]    71 |                 response.[01;31m[Ksucesso[m[K = 1;
[1.963s]       |                          [01;31m[K^~~~~~~[m[K
[3.973s] gmake[2]: *** [CMakeFiles/MotorControllerNode.dir/build.make:76: CMakeFiles/MotorControllerNode.dir/src/motor_controller_node.cpp.o] Erro 1
[3.974s] gmake[1]: *** [CMakeFiles/Makefile2:596: CMakeFiles/MotorControllerNode.dir/all] Erro 2
[3.974s] gmake: *** [Makefile:146: all] Erro 2
[3.976s] Invoked command in '/home/alves/ros2_ws/build/robot_ras_decision' returned '2': CMAKE_PREFIX_PATH=/opt/ros/humble /usr/bin/cmake --build /home/alves/ros2_ws/build/robot_ras_decision -- -j16 -l16
