[  9%] Built target robot_ras_decision__rosidl_generator_c
[ 11%] Built target robot_ras_decision__cpp
[ 11%] Built target ament_cmake_python_symlink_robot_ras_decision
[ 20%] Built target robot_ras_decision__rosidl_typesupport_c
[ 30%] Built target robot_ras_decision__rosidl_typesupport_fastrtps_c
[ 39%] Built target robot_ras_decision__rosidl_typesupport_introspection_c
[ 48%] Built target robot_ras_decision__rosidl_typesupport_introspection_cpp
[ 58%] Built target robot_ras_decision__rosidl_typesupport_cpp
[ 67%] Built target robot_ras_decision__rosidl_typesupport_fastrtps_cpp
[ 67%] Built target robot_ras_decision
[35m[1mConsolidate compiler generated dependencies of target MotorControllerNode[0m
[ 69%] Built target robot_ras_decision__py
[ 74%] Built target DecisionNode
[ 76%] [32mBuilding CXX object CMakeFiles/MotorControllerNode.dir/src/motor_controller_node.cpp.o[0m
[ 83%] Built target robot_ras_decision__rosidl_generator_py
[ 88%] Built target robot_ras_decision__rosidl_typesupport_c__pyext
[ 93%] Built target robot_ras_decision__rosidl_typesupport_fastrtps_c__pyext
[ 97%] Built target robot_ras_decision__rosidl_typesupport_introspection_c__pyext
running egg_info
writing robot_ras_decision.egg-info/PKG-INFO
writing dependency_links to robot_ras_decision.egg-info/dependency_links.txt
writing top-level names to robot_ras_decision.egg-info/top_level.txt
reading manifest file 'robot_ras_decision.egg-info/SOURCES.txt'
writing manifest file 'robot_ras_decision.egg-info/SOURCES.txt'
[ 97%] Built target ament_cmake_python_build_robot_ras_decision_egg
[01m[K/home/alves/ros2_ws/src/robot_ras_decision/src/motor_controller_node.cpp:[m[K In member function â€˜[01m[Kvoid MotorControllerNode::movement_callback(const Movement&) const[m[Kâ€™:
[01m[K/home/alves/ros2_ws/src/robot_ras_decision/src/motor_controller_node.cpp:35:45:[m[K [01;31m[Kerror: [m[Kcannot convert â€˜[01m[Krclcpp::Time[m[Kâ€™ to â€˜[01m[Kfloat[m[Kâ€™ in initialization
   35 |       float tempoAtual = [01;31m[Krclcpp::Clock().now()[m[K;
      |                          [01;31m[K~~~~~~~~~~~~~~~~~~~^~[m[K
      |                                             [01;31m[K|[m[K
      |                                             [01;31m[Krclcpp::Time[m[K
[01m[K/home/alves/ros2_ws/src/robot_ras_decision/src/motor_controller_node.cpp:38:32:[m[K [01;31m[Kerror: [m[Kâ€˜[01m[Kvelocidade_linear[m[Kâ€™ was not declared in this scope; did you mean â€˜[01m[Kvelocidade_linear_[m[Kâ€™?
   38 |       velocidade_angular = 2 * [01;31m[Kvelocidade_linear[m[K;
      |                                [01;31m[K^~~~~~~~~~~~~~~~~[m[K
      |                                [32m[Kvelocidade_linear_[m[K
[01m[K/home/alves/ros2_ws/src/robot_ras_decision/src/motor_controller_node.cpp:41:19:[m[K [01;31m[Kerror: [m[Kbase operand of â€˜[01m[K->[m[Kâ€™ has non-pointer type â€˜[01m[Kconst Movement[m[Kâ€™ {aka â€˜[01m[Kconst robot_ras_decision::msg::Movement_<std::allocator<void> >[m[Kâ€™}
   41 |       if(movimento[01;31m[K->[m[Kdirecao = "front") {
      |                   [01;31m[K^~[m[K
[01m[K/home/alves/ros2_ws/src/robot_ras_decision/src/motor_controller_node.cpp:47:26:[m[K [01;31m[Kerror: [m[Kbase operand of â€˜[01m[K->[m[Kâ€™ has non-pointer type â€˜[01m[Kconst Movement[m[Kâ€™ {aka â€˜[01m[Kconst robot_ras_decision::msg::Movement_<std::allocator<void> >[m[Kâ€™}
   47 |       } else if(movimento[01;31m[K->[m[Kdirecao = "rear") {
      |                          [01;31m[K^~[m[K
[01m[K/home/alves/ros2_ws/src/robot_ras_decision/src/motor_controller_node.cpp:53:26:[m[K [01;31m[Kerror: [m[Kbase operand of â€˜[01m[K->[m[Kâ€™ has non-pointer type â€˜[01m[Kconst Movement[m[Kâ€™ {aka â€˜[01m[Kconst robot_ras_decision::msg::Movement_<std::allocator<void> >[m[Kâ€™}
   53 |       } else if(movimento[01;31m[K->[m[Kdirecao = "left") {
      |                          [01;31m[K^~[m[K
[01m[K/home/alves/ros2_ws/src/robot_ras_decision/src/motor_controller_node.cpp:54:32:[m[K [01;31m[Kerror: [m[Kbase operand of â€˜[01m[K->[m[Kâ€™ has non-pointer type â€˜[01m[Kconst Movement[m[Kâ€™ {aka â€˜[01m[Kconst robot_ras_decision::msg::Movement_<std::allocator<void> >[m[Kâ€™}
   54 |         tempoExec = -(movimento[01;31m[K->[m[Kangulo/velocidade_angular);
      |                                [01;31m[K^~[m[K
[01m[K/home/alves/ros2_ws/src/robot_ras_decision/src/motor_controller_node.cpp:59:21:[m[K [01;31m[Kerror: [m[Kbase operand of â€˜[01m[K->[m[Kâ€™ has non-pointer type â€˜[01m[Kconst Movement[m[Kâ€™ {aka â€˜[01m[Kconst robot_ras_decision::msg::Movement_<std::allocator<void> >[m[Kâ€™}
   59 |       } if(movimento[01;31m[K->[m[Kdirecao = "left") {
      |                     [01;31m[K^~[m[K
[01m[K/home/alves/ros2_ws/src/robot_ras_decision/src/motor_controller_node.cpp:60:32:[m[K [01;31m[Kerror: [m[Kbase operand of â€˜[01m[K->[m[Kâ€™ has non-pointer type â€˜[01m[Kconst Movement[m[Kâ€™ {aka â€˜[01m[Kconst robot_ras_decision::msg::Movement_<std::allocator<void> >[m[Kâ€™}
   60 |         tempoExec = -(movimento[01;31m[K->[m[Kangulo/velocidade_angular);
      |                                [01;31m[K^~[m[K
[01m[K/home/alves/ros2_ws/src/robot_ras_decision/src/motor_controller_node.cpp:32:13:[m[K [01;35m[Kwarning: [m[Kunused variable â€˜[01m[Kangulo[m[Kâ€™ [[01;35m[K]8;;https://gcc.gnu.org/onlinedocs/gcc/Warning-Options.html#index-Wunused-variable-Wunused-variable]8;;[m[K]
   32 |       float [01;35m[Kangulo[m[K = movimento.angulo;
      |             [01;35m[K^~~~~~[m[K
[01m[K/home/alves/ros2_ws/src/robot_ras_decision/src/motor_controller_node.cpp:[m[K In member function â€˜[01m[Kvoid MotorControllerNode::setVelocity(const std::shared_ptr<robot_ras_decision::srv::SetVelocity_Request_<std::allocator<void> > >&, std::shared_ptr<robot_ras_decision::srv::SetVelocity_Response_<std::allocator<void> > >)[m[Kâ€™:
[01m[K/home/alves/ros2_ws/src/robot_ras_decision/src/motor_controller_node.cpp:81:80:[m[K [01;35m[Kwarning: [m[Kunused parameter â€˜[01m[Kresponse[m[Kâ€™ [[01;35m[K]8;;https://gcc.gnu.org/onlinedocs/gcc/Warning-Options.html#index-Wunused-parameter-Wunused-parameter]8;;[m[K]
   81 |           [01;35m[Kstd::shared_ptr<robot_ras_decision::srv::SetVelocity::Response>      response[m[K) {
      |           [01;35m[K~~~~~~~~~~~~~~~~~~~~~~~~~~~~~~~~~~~~~~~~~~~~~~~~~~~~~~~~~~~~~~~~~~~~~^~~~~~~~[m[K
[01m[K/home/alves/ros2_ws/src/robot_ras_decision/src/motor_controller_node.cpp:[m[K In function â€˜[01m[Kint main(int, char**)[m[Kâ€™:
[01m[K/home/alves/ros2_ws/src/robot_ras_decision/src/motor_controller_node.cpp:102:3:[m[K [01;31m[Kerror: [m[Kâ€˜[01m[Knode[m[Kâ€™ was not declared in this scope
  102 |   [01;31m[Knode[m[K->create_service<robot_ras_decision::srv::SetVelocity>("mudar_velocidade", &setVelocity);
      |   [01;31m[K^~~~[m[K
[01m[K/home/alves/ros2_ws/src/robot_ras_decision/src/motor_controller_node.cpp:102:60:[m[K [01;31m[Kerror: [m[Kexpected primary-expression before â€˜[01m[K>[m[Kâ€™ token
  102 |   node->create_service<robot_ras_decision::srv::SetVelocity[01;31m[K>[m[K("mudar_velocidade", &setVelocity);
      |                                                            [01;31m[K^[m[K
[01m[K/home/alves/ros2_ws/src/robot_ras_decision/src/motor_controller_node.cpp:102:62:[m[K [01;35m[Kwarning: [m[Kleft operand of comma operator has no effect [[01;35m[K]8;;https://gcc.gnu.org/onlinedocs/gcc/Warning-Options.html#index-Wunused-value-Wunused-value]8;;[m[K]
  102 |   node->create_service<robot_ras_decision::srv::SetVelocity>([01;35m[K"mudar_velocidade"[m[K, &setVelocity);
      |                                                              [01;35m[K^~~~~~~~~~~~~~~~~~[m[K
gmake[2]: *** [CMakeFiles/MotorControllerNode.dir/build.make:76: CMakeFiles/MotorControllerNode.dir/src/motor_controller_node.cpp.o] Erro 1
gmake[1]: *** [CMakeFiles/Makefile2:596: CMakeFiles/MotorControllerNode.dir/all] Erro 2
gmake: *** [Makefile:146: all] Erro 2
