[0.026s] Invoking command in '/home/alves/ros2_ws/build/count_action_cpp': CMAKE_PREFIX_PATH=/home/alves/ros2_ws/install/count_interfaces:/home/alves/ros2_ws/install/robot_ras_ros:/home/alves/ros2_ws/install/robot_ras_decision:/home/alves/ros2_ws/install/dep_example_cpp:/opt/ros/humble /usr/bin/cmake --build /home/alves/ros2_ws/build/count_action_cpp -- -j16 -l16
[0.067s] [35m[1mConsolidate compiler generated dependencies of target action_server[0m
[0.071s] [ 12%] [32mBuilding CXX object CMakeFiles/CountServer.dir/src/count_server.cpp.o[0m
[0.073s] [ 25%] [32m[1mLinking CXX executable CountClient[0m
[0.073s] [ 50%] Built target count_server
[0.078s] [ 62%] [32mBuilding CXX object CMakeFiles/action_server.dir/src/count_server.cpp.o[0m
[0.127s] /usr/bin/ld: /usr/lib/gcc/x86_64-linux-gnu/11/../../../x86_64-linux-gnu/Scrt1.o: na funÃ§Ã£o "_start":
[0.127s] (.text+0x1b): referÃªncia nÃ£o definida para "main"
[0.128s] collect2: error: ld returned 1 exit status
[0.130s] gmake[2]: *** [CMakeFiles/CountClient.dir/build.make:177: CountClient] Erro 1
[0.130s] gmake[1]: *** [CMakeFiles/Makefile2:221: CMakeFiles/CountClient.dir/all] Erro 2
[0.130s] gmake[1]: ** Esperando que outros processos terminem.
[0.233s] [01m[K/home/alves/ros2_ws/src/count_action_cpp/src/count_server.cpp:8:10:[m[K [01;31m[Kfatal error: [m[Krclcpp_components/register_node_macro.hpp: Arquivo ou diretÃ³rio inexistente
[0.233s]     8 | #include [01;31m[K"rclcpp_components/register_node_macro.hpp"[m[K
[0.233s]       |          [01;31m[K^~~~~~~~~~~~~~~~~~~~~~~~~~~~~~~~~~~~~~~~~~~[m[K
[0.233s] compilation terminated.
[0.236s] gmake[2]: *** [CMakeFiles/CountServer.dir/build.make:76: CMakeFiles/CountServer.dir/src/count_server.cpp.o] Erro 1
[0.237s] gmake[1]: *** [CMakeFiles/Makefile2:195: CMakeFiles/CountServer.dir/all] Erro 2
[1.618s] [01m[K/home/alves/ros2_ws/src/count_action_cpp/src/count_server.cpp:[m[K In member function â€˜[01m[Kvoid count_action_cpp::CountActionServer::execute(std::shared_ptr<rclcpp_action::ServerGoalHandle<count_interfaces::action::Count> >)[m[Kâ€™:
[1.618s] [01m[K/home/alves/ros2_ws/src/count_action_cpp/src/count_server.cpp:72:17:[m[K [01;31m[Kerror: [m[Kâ€˜[01m[Kusing element_type = struct count_interfaces::action::Count_Result_<std::allocator<void> >[m[Kâ€™ {aka â€˜[01m[Kstruct count_interfaces::action::Count_Result_<std::allocator<void> >[m[Kâ€™} has no member named â€˜[01m[Ksequence[m[Kâ€™
[1.618s]    72 |         result->[01;31m[Ksequence[m[K = sequence;
[1.618s]       |                 [01;31m[K^~~~~~~~[m[K
[1.620s] [01m[K/home/alves/ros2_ws/src/count_action_cpp/src/count_server.cpp:88:15:[m[K [01;31m[Kerror: [m[Kâ€˜[01m[Kusing element_type = struct count_interfaces::action::Count_Result_<std::allocator<void> >[m[Kâ€™ {aka â€˜[01m[Kstruct count_interfaces::action::Count_Result_<std::allocator<void> >[m[Kâ€™} has no member named â€˜[01m[Ksequence[m[Kâ€™
[1.620s]    88 |       result->[01;31m[Ksequence[m[K = sequence;
[1.620s]       |               [01;31m[K^~~~~~~~[m[K
[2.082s] gmake[2]: *** [CMakeFiles/action_server.dir/build.make:76: CMakeFiles/action_server.dir/src/count_server.cpp.o] Erro 1
[2.082s] gmake[1]: *** [CMakeFiles/Makefile2:143: CMakeFiles/action_server.dir/all] Erro 2
[2.082s] gmake: *** [Makefile:146: all] Erro 2
[2.084s] Invoked command in '/home/alves/ros2_ws/build/count_action_cpp' returned '2': CMAKE_PREFIX_PATH=/home/alves/ros2_ws/install/count_interfaces:/home/alves/ros2_ws/install/robot_ras_ros:/home/alves/ros2_ws/install/robot_ras_decision:/home/alves/ros2_ws/install/dep_example_cpp:/opt/ros/humble /usr/bin/cmake --build /home/alves/ros2_ws/build/count_action_cpp -- -j16 -l16
