[0.009s] Invoking command in '/home/alves/ros2_ws/build/robot_ras_decision': CMAKE_PREFIX_PATH=/opt/ros/humble /usr/bin/cmake --build /home/alves/ros2_ws/build/robot_ras_decision -- -j16 -l16
[0.063s] [35m[1mConsolidate compiler generated dependencies of target Manager[0m
[0.071s] [ 25%] [32mBuilding CXX object CMakeFiles/Manager.dir/src/manager.cpp.o[0m
[0.074s] [ 50%] [32mBuilding CXX object CMakeFiles/MovementControl.dir/src/movement_control.cpp.o[0m
[0.246s] [01m[K/home/alves/ros2_ws/src/robot_ras_decision/src/manager.cpp:8:10:[m[K [01;31m[Kfatal error: [m[Kstd_msgs/msg/range.hpp: No such file or directory
[0.246s]     8 | #include [01;31m[K<std_msgs/msg/range.hpp>[m[K
[0.246s]       |          [01;31m[K^~~~~~~~~~~~~~~~~~~~~~~~[m[K
[0.246s] compilation terminated.
[0.248s] gmake[2]: *** [CMakeFiles/Manager.dir/build.make:76: CMakeFiles/Manager.dir/src/manager.cpp.o] Error 1
[0.248s] gmake[1]: *** [CMakeFiles/Makefile2:165: CMakeFiles/Manager.dir/all] Error 2
[0.248s] gmake[1]: *** Waiting for unfinished jobs....
[1.614s] [01m[K/home/alves/ros2_ws/src/robot_ras_decision/src/movement_control.cpp:21:45:[m[K [01;31m[Kerror: [m[Kâ€˜[01m[KRange[m[Kâ€™ is not a member of â€˜[01m[Kstd_msgs::msg[m[Kâ€™
[1.614s]    21 |         rclcpp::Subscription<std_msgs::msg::[01;31m[KRange[m[K>::SharedPtr sub_front_manager_;
[1.614s]       |                                             [01;31m[K^~~~~[m[K
[1.614s] [01m[K/home/alves/ros2_ws/src/robot_ras_decision/src/movement_control.cpp:21:50:[m[K [01;31m[Kerror: [m[Ktemplate argument 1 is invalid
[1.614s]    21 |         rclcpp::Subscription<std_msgs::msg::Range[01;31m[K>[m[K::SharedPtr sub_front_manager_;
[1.614s]       |                                                  [01;31m[K^[m[K
[1.614s] [01m[K/home/alves/ros2_ws/src/robot_ras_decision/src/movement_control.cpp:21:50:[m[K [01;31m[Kerror: [m[Ktemplate argument 3 is invalid
[1.614s] [01m[K/home/alves/ros2_ws/src/robot_ras_decision/src/movement_control.cpp:21:50:[m[K [01;31m[Kerror: [m[Ktemplate argument 4 is invalid
[1.614s] [01m[K/home/alves/ros2_ws/src/robot_ras_decision/src/movement_control.cpp:21:50:[m[K [01;31m[Kerror: [m[Ktemplate argument 5 is invalid
[1.614s] [01m[K/home/alves/ros2_ws/src/robot_ras_decision/src/movement_control.cpp:21:53:[m[K [01;31m[Kerror: [m[Kexpected â€˜[01m[K;[m[Kâ€™ at end of member declaration
[1.614s]    21 |         rclcpp::Subscription<std_msgs::msg::Range>::[01;31m[KSharedPtr[m[K sub_front_manager_;
[1.614s]       |                                                     [01;31m[K^~~~~~~~~[m[K
[1.614s]       |                                                              [32m[K;[m[K
[1.618s] [01m[K/home/alves/ros2_ws/src/robot_ras_decision/src/movement_control.cpp:21:63:[m[K [01;31m[Kerror: [m[Kâ€˜[01m[Ksub_front_manager_[m[Kâ€™ does not name a type
[1.618s]    21 |         rclcpp::Subscription<std_msgs::msg::Range>::SharedPtr [01;31m[Ksub_front_manager_[m[K;
[1.618s]       |                                                               [01;31m[K^~~~~~~~~~~~~~~~~~[m[K
[1.654s] [01m[K/home/alves/ros2_ws/src/robot_ras_decision/src/movement_control.cpp:[m[K In member function â€˜[01m[Kvoid MovementControl::movement_callback(const String&) const[m[Kâ€™:
[1.654s] [01m[K/home/alves/ros2_ws/src/robot_ras_decision/src/movement_control.cpp:45:19:[m[K [01;31m[Kerror: [m[Kâ€˜[01m[Kusing _data_type = class std::vector<double, std::allocator<double> >[m[Kâ€™ {aka â€˜[01m[Kclass std::vector<double, std::allocator<double> >[m[Kâ€™} has no member named â€˜[01m[Kresi[m[Kâ€™
[1.654s]    45 |       motor2.data.[01;31m[Kresi[m[K            mensagem.data = direcao;ze(1);
[1.654s]       |                   [01;31m[K^~~~[m[K
[1.657s] [01m[K/home/alves/ros2_ws/src/robot_ras_decision/src/movement_control.cpp:45:59:[m[K [01;31m[Kerror: [m[Kâ€˜[01m[Kze[m[Kâ€™ was not declared in this scope
[1.657s]    45 |       motor2.data.resi            mensagem.data = direcao;[01;31m[Kze[m[K(1);
[1.658s]       |                                                           [01;31m[K^~[m[K
[3.400s] gmake[2]: *** [CMakeFiles/MovementControl.dir/build.make:76: CMakeFiles/MovementControl.dir/src/movement_control.cpp.o] Error 1
[3.400s] gmake[1]: *** [CMakeFiles/Makefile2:139: CMakeFiles/MovementControl.dir/all] Error 2
[3.400s] gmake: *** [Makefile:146: all] Error 2
[3.402s] Invoked command in '/home/alves/ros2_ws/build/robot_ras_decision' returned '2': CMAKE_PREFIX_PATH=/opt/ros/humble /usr/bin/cmake --build /home/alves/ros2_ws/build/robot_ras_decision -- -j16 -l16
