[0.008s] Invoking command in '/home/alves/ros2_ws/build/robot_ras_decision': CMAKE_PREFIX_PATH=/opt/ros/humble /usr/bin/cmake --build /home/alves/ros2_ws/build/robot_ras_decision -- -j16 -l16
[0.062s] [35m[1mConsolidate compiler generated dependencies of target Manager[0m
[0.064s] [35m[1mConsolidate compiler generated dependencies of target MovementControl[0m
[0.079s] [ 25%] [32mBuilding CXX object CMakeFiles/MovementControl.dir/src/movement_control.cpp.o[0m
[0.079s] [ 50%] [32mBuilding CXX object CMakeFiles/Manager.dir/src/manager.cpp.o[0m
[1.591s] [01m[K/home/alves/ros2_ws/src/robot_ras_decision/src/manager.cpp:13:14:[m[K [01;31m[Kerror: [m[Kâ€˜[01m[Krange[m[Kâ€™ in namespace â€˜[01m[Kstd[m[Kâ€™ does not name a type
[1.591s]    13 |         std::[01;31m[Krange[m[K distancia[];
[1.591s]       |              [01;31m[K^~~~~[m[K
[1.592s] [01m[K/home/alves/ros2_ws/src/robot_ras_decision/src/manager.cpp:14:45:[m[K [01;31m[Kerror: [m[Kâ€˜[01m[KRange[m[Kâ€™ is not a member of â€˜[01m[Kstd_msgs::msg[m[Kâ€™; did you mean â€˜[01m[Ksensor_msgs::msg::Range[m[Kâ€™?
[1.592s]    14 |         rclcpp::Subscription<std_msgs::msg::[01;31m[KRange[m[K>::SharedPtr sub_front_manager_;
[1.592s]       |                                             [01;31m[K^~~~~[m[K
[1.592s] In file included from [01m[K/opt/ros/humble/include/sensor_msgs/sensor_msgs/msg/range.hpp:7[m[K,
[1.592s]                  from [01m[K/home/alves/ros2_ws/src/robot_ras_decision/src/manager.cpp:8[m[K:
[1.592s] [01m[K/opt/ros/humble/include/sensor_msgs/sensor_msgs/msg/detail/range__struct.hpp:199:7:[m[K [01;36m[Knote: [m[Kâ€˜[01m[Ksensor_msgs::msg::Range[m[Kâ€™ declared here
[1.592s]   199 | using [01;36m[KRange[m[K =
[1.592s]       |       [01;36m[K^~~~~[m[K
[1.592s] [01m[K/home/alves/ros2_ws/src/robot_ras_decision/src/manager.cpp:14:50:[m[K [01;31m[Kerror: [m[Ktemplate argument 1 is invalid
[1.592s]    14 |         rclcpp::Subscription<std_msgs::msg::Range[01;31m[K>[m[K::SharedPtr sub_front_manager_;
[1.592s]       |                                                  [01;31m[K^[m[K
[1.592s] [01m[K/home/alves/ros2_ws/src/robot_ras_decision/src/manager.cpp:14:50:[m[K [01;31m[Kerror: [m[Ktemplate argument 3 is invalid
[1.592s] [01m[K/home/alves/ros2_ws/src/robot_ras_decision/src/manager.cpp:14:50:[m[K [01;31m[Kerror: [m[Ktemplate argument 4 is invalid
[1.592s] [01m[K/home/alves/ros2_ws/src/robot_ras_decision/src/manager.cpp:14:50:[m[K [01;31m[Kerror: [m[Ktemplate argument 5 is invalid
[1.592s] [01m[K/home/alves/ros2_ws/src/robot_ras_decision/src/manager.cpp:14:53:[m[K [01;31m[Kerror: [m[Kexpected â€˜[01m[K;[m[Kâ€™ at end of member declaration
[1.592s]    14 |         rclcpp::Subscription<std_msgs::msg::Range>::[01;31m[KSharedPtr[m[K sub_front_manager_;
[1.592s]       |                                                     [01;31m[K^~~~~~~~~[m[K
[1.592s]       |                                                              [32m[K;[m[K
[1.594s] [01m[K/home/alves/ros2_ws/src/robot_ras_decision/src/manager.cpp:14:63:[m[K [01;31m[Kerror: [m[Kâ€˜[01m[Ksub_front_manager_[m[Kâ€™ does not name a type
[1.594s]    14 |         rclcpp::Subscription<std_msgs::msg::Range>::SharedPtr [01;31m[Ksub_front_manager_[m[K;
[1.594s]       |                                                               [01;31m[K^~~~~~~~~~~~~~~~~~[m[K
[1.594s] [01m[K/home/alves/ros2_ws/src/robot_ras_decision/src/manager.cpp:15:45:[m[K [01;31m[Kerror: [m[Kâ€˜[01m[KRange[m[Kâ€™ is not a member of â€˜[01m[Kstd_msgs::msg[m[Kâ€™; did you mean â€˜[01m[Ksensor_msgs::msg::Range[m[Kâ€™?
[1.594s]    15 |         rclcpp::Subscription<std_msgs::msg::[01;31m[KRange[m[K>::SharedPtr sub_rear_manager_;
[1.594s]       |                                             [01;31m[K^~~~~[m[K
[1.595s] In file included from [01m[K/opt/ros/humble/include/sensor_msgs/sensor_msgs/msg/range.hpp:7[m[K,
[1.595s]                  from [01m[K/home/alves/ros2_ws/src/robot_ras_decision/src/manager.cpp:8[m[K:
[1.595s] [01m[K/opt/ros/humble/include/sensor_msgs/sensor_msgs/msg/detail/range__struct.hpp:199:7:[m[K [01;36m[Knote: [m[Kâ€˜[01m[Ksensor_msgs::msg::Range[m[Kâ€™ declared here
[1.595s]   199 | using [01;36m[KRange[m[K =
[1.595s]       |       [01;36m[K^~~~~[m[K
[1.595s] [01m[K/home/alves/ros2_ws/src/robot_ras_decision/src/manager.cpp:15:50:[m[K [01;31m[Kerror: [m[Ktemplate argument 1 is invalid
[1.595s]    15 |         rclcpp::Subscription<std_msgs::msg::Range[01;31m[K>[m[K::SharedPtr sub_rear_manager_;
[1.595s]       |                                                  [01;31m[K^[m[K
[1.595s] [01m[K/home/alves/ros2_ws/src/robot_ras_decision/src/manager.cpp:15:50:[m[K [01;31m[Kerror: [m[Ktemplate argument 3 is invalid
[1.595s] [01m[K/home/alves/ros2_ws/src/robot_ras_decision/src/manager.cpp:15:50:[m[K [01;31m[Kerror: [m[Ktemplate argument 4 is invalid
[1.595s] [01m[K/home/alves/ros2_ws/src/robot_ras_decision/src/manager.cpp:15:50:[m[K [01;31m[Kerror: [m[Ktemplate argument 5 is invalid
[1.595s] [01m[K/home/alves/ros2_ws/src/robot_ras_decision/src/manager.cpp:15:53:[m[K [01;31m[Kerror: [m[Kexpected â€˜[01m[K;[m[Kâ€™ at end of member declaration
[1.595s]    15 |         rclcpp::Subscription<std_msgs::msg::Range>::[01;31m[KSharedPtr[m[K sub_rear_manager_;
[1.595s]       |                                                     [01;31m[K^~~~~~~~~[m[K
[1.595s]       |                                                              [32m[K;[m[K
[1.595s] [01m[K/home/alves/ros2_ws/src/robot_ras_decision/src/manager.cpp:15:53:[m[K [01;31m[Kerror: [m[Kredeclaration of â€˜[01m[Kint Manager::SharedPtr[m[Kâ€™
[1.595s] [01m[K/home/alves/ros2_ws/src/robot_ras_decision/src/manager.cpp:14:53:[m[K [01;36m[Knote: [m[Kprevious declaration â€˜[01m[Kint Manager::SharedPtr[m[Kâ€™
[1.595s]    14 |         rclcpp::Subscription<std_msgs::msg::Range>::[01;36m[KSharedPtr[m[K sub_front_manager_;
[1.595s]       |                                                     [01;36m[K^~~~~~~~~[m[K
[1.596s] [01m[K/home/alves/ros2_ws/src/robot_ras_decision/src/manager.cpp:15:63:[m[K [01;31m[Kerror: [m[Kâ€˜[01m[Ksub_rear_manager_[m[Kâ€™ does not name a type
[1.596s]    15 |         rclcpp::Subscription<std_msgs::msg::Range>::SharedPtr [01;31m[Ksub_rear_manager_[m[K;
[1.596s]       |                                                               [01;31m[K^~~~~~~~~~~~~~~~~[m[K
[1.597s] [01m[K/home/alves/ros2_ws/src/robot_ras_decision/src/manager.cpp:16:45:[m[K [01;31m[Kerror: [m[Kâ€˜[01m[KRange[m[Kâ€™ is not a member of â€˜[01m[Kstd_msgs::msg[m[Kâ€™; did you mean â€˜[01m[Ksensor_msgs::msg::Range[m[Kâ€™?
[1.597s]    16 |         rclcpp::Subscription<std_msgs::msg::[01;31m[KRange[m[K>::SharedPtr sub_left_manager_;
[1.597s]       |                                             [01;31m[K^~~~~[m[K
[1.597s] In file included from [01m[K/opt/ros/humble/include/sensor_msgs/sensor_msgs/msg/range.hpp:7[m[K,
[1.597s]                  from [01m[K/home/alves/ros2_ws/src/robot_ras_decision/src/manager.cpp:8[m[K:
[1.597s] [01m[K/opt/ros/humble/include/sensor_msgs/sensor_msgs/msg/detail/range__struct.hpp:199:7:[m[K [01;36m[Knote: [m[Kâ€˜[01m[Ksensor_msgs::msg::Range[m[Kâ€™ declared here
[1.597s]   199 | using [01;36m[KRange[m[K =
[1.597s]       |       [01;36m[K^~~~~[m[K
[1.597s] [01m[K/home/alves/ros2_ws/src/robot_ras_decision/src/manager.cpp:16:50:[m[K [01;31m[Kerror: [m[Ktemplate argument 1 is invalid
[1.597s]    16 |         rclcpp::Subscription<std_msgs::msg::Range[01;31m[K>[m[K::SharedPtr sub_left_manager_;
[1.597s]       |                                                  [01;31m[K^[m[K
[1.597s] [01m[K/home/alves/ros2_ws/src/robot_ras_decision/src/manager.cpp:16:50:[m[K [01;31m[Kerror: [m[Ktemplate argument 3 is invalid
[1.597s] [01m[K/home/alves/ros2_ws/src/robot_ras_decision/src/manager.cpp:16:50:[m[K [01;31m[Kerror: [m[Ktemplate argument 4 is invalid
[1.597s] [01m[K/home/alves/ros2_ws/src/robot_ras_decision/src/manager.cpp:16:50:[m[K [01;31m[Kerror: [m[Ktemplate argument 5 is invalid
[1.597s] [01m[K/home/alves/ros2_ws/src/robot_ras_decision/src/manager.cpp:16:53:[m[K [01;31m[Kerror: [m[Kexpected â€˜[01m[K;[m[Kâ€™ at end of member declaration
[1.597s]    16 |         rclcpp::Subscription<std_msgs::msg::Range>::[01;31m[KSharedPtr[m[K sub_left_manager_;
[1.597s]       |                                                     [01;31m[K^~~~~~~~~[m[K
[1.597s]       |                                                              [32m[K;[m[K
[1.597s] [01m[K/home/alves/ros2_ws/src/robot_ras_decision/src/manager.cpp:16:53:[m[K [01;31m[Kerror: [m[Kredeclaration of â€˜[01m[Kint Manager::SharedPtr[m[Kâ€™
[1.597s] [01m[K/home/alves/ros2_ws/src/robot_ras_decision/src/manager.cpp:14:53:[m[K [01;36m[Knote: [m[Kprevious declaration â€˜[01m[Kint Manager::SharedPtr[m[Kâ€™
[1.597s]    14 |         rclcpp::Subscription<std_msgs::msg::Range>::[01;36m[KSharedPtr[m[K sub_front_manager_;
[1.597s]       |                                                     [01;36m[K^~~~~~~~~[m[K
[1.598s] [01m[K/home/alves/ros2_ws/src/robot_ras_decision/src/movement_control.cpp:[m[K In member function â€˜[01m[Kvoid MovementControl::movement_callback(const String&) const[m[Kâ€™:
[1.598s] [01m[K/home/alves/ros2_ws/src/robot_ras_decision/src/movement_control.cpp:44:19:[m[K [01;31m[Kerror: [m[Kâ€˜[01m[Kusing _data_type = class std::vector<double, std::allocator<double> >[m[Kâ€™ {aka â€˜[01m[Kclass std::vector<double, std::allocator<double> >[m[Kâ€™} has no member named â€˜[01m[Kresi[m[Kâ€™
[1.598s]    44 |       motor2.data.[01;31m[Kresi[m[K            mensagem.data = direcao;ze(1);
[1.598s]       |                   [01;31m[K^~~~[m[K
[1.599s] [01m[K/home/alves/ros2_ws/src/robot_ras_decision/src/manager.cpp:16:63:[m[K [01;31m[Kerror: [m[Kâ€˜[01m[Ksub_left_manager_[m[Kâ€™ does not name a type
[1.599s]    16 |         rclcpp::Subscription<std_msgs::msg::Range>::SharedPtr [01;31m[Ksub_left_manager_[m[K;
[1.599s]       |                                                               [01;31m[K^~~~~~~~~~~~~~~~~[m[K
[1.599s] [01m[K/home/alves/ros2_ws/src/robot_ras_decision/src/manager.cpp:17:45:[m[K [01;31m[Kerror: [m[Kâ€˜[01m[KRange[m[Kâ€™ is not a member of â€˜[01m[Kstd_msgs::msg[m[Kâ€™; did you mean â€˜[01m[Ksensor_msgs::msg::Range[m[Kâ€™?
[1.599s]    17 |         rclcpp::Subscription<std_msgs::msg::[01;31m[KRange[m[K>::SharedPtr sub_right_manager_;
[1.599s]       |                                             [01;31m[K^~~~~[m[K
[1.599s] In file included from [01m[K/opt/ros/humble/include/sensor_msgs/sensor_msgs/msg/range.hpp:7[m[K,
[1.599s]                  from [01m[K/home/alves/ros2_ws/src/robot_ras_decision/src/manager.cpp:8[m[K:
[1.599s] [01m[K/opt/ros/humble/include/sensor_msgs/sensor_msgs/msg/detail/range__struct.hpp:199:7:[m[K [01;36m[Knote: [m[Kâ€˜[01m[Ksensor_msgs::msg::Range[m[Kâ€™ declared here
[1.599s]   199 | using [01;36m[KRange[m[K =
[1.599s]       |       [01;36m[K^~~~~[m[K
[1.599s] [01m[K/home/alves/ros2_ws/src/robot_ras_decision/src/manager.cpp:17:50:[m[K [01;31m[Kerror: [m[Ktemplate argument 1 is invalid
[1.599s]    17 |         rclcpp::Subscription<std_msgs::msg::Range[01;31m[K>[m[K::SharedPtr sub_right_manager_;
[1.599s]       |                                                  [01;31m[K^[m[K
[1.599s] [01m[K/home/alves/ros2_ws/src/robot_ras_decision/src/manager.cpp:17:50:[m[K [01;31m[Kerror: [m[Ktemplate argument 3 is invalid
[1.599s] [01m[K/home/alves/ros2_ws/src/robot_ras_decision/src/manager.cpp:17:50:[m[K [01;31m[Kerror: [m[Ktemplate argument 4 is invalid
[1.599s] [01m[K/home/alves/ros2_ws/src/robot_ras_decision/src/manager.cpp:17:50:[m[K [01;31m[Kerror: [m[Ktemplate argument 5 is invalid
[1.599s] [01m[K/home/alves/ros2_ws/src/robot_ras_decision/src/manager.cpp:17:53:[m[K [01;31m[Kerror: [m[Kexpected â€˜[01m[K;[m[Kâ€™ at end of member declaration
[1.599s]    17 |         rclcpp::Subscription<std_msgs::msg::Range>::[01;31m[KSharedPtr[m[K sub_right_manager_;
[1.599s]       |                                                     [01;31m[K^~~~~~~~~[m[K
[1.599s]       |                                                              [32m[K;[m[K
[1.599s] [01m[K/home/alves/ros2_ws/src/robot_ras_decision/src/manager.cpp:17:53:[m[K [01;31m[Kerror: [m[Kredeclaration of â€˜[01m[Kint Manager::SharedPtr[m[Kâ€™
[1.599s] [01m[K/home/alves/ros2_ws/src/robot_ras_decision/src/manager.cpp:14:53:[m[K [01;36m[Knote: [m[Kprevious declaration â€˜[01m[Kint Manager::SharedPtr[m[Kâ€™
[1.599s]    14 |         rclcpp::Subscription<std_msgs::msg::Range>::[01;36m[KSharedPtr[m[K sub_front_manager_;
[1.599s]       |                                                     [01;36m[K^~~~~~~~~[m[K
[1.601s] [01m[K/home/alves/ros2_ws/src/robot_ras_decision/src/manager.cpp:17:63:[m[K [01;31m[Kerror: [m[Kâ€˜[01m[Ksub_right_manager_[m[Kâ€™ does not name a type
[1.601s]    17 |         rclcpp::Subscription<std_msgs::msg::Range>::SharedPtr [01;31m[Ksub_right_manager_[m[K;
[1.601s]       |                                                               [01;31m[K^~~~~~~~~~~~~~~~~~[m[K
[1.601s] [01m[K/home/alves/ros2_ws/src/robot_ras_decision/src/movement_control.cpp:44:59:[m[K [01;31m[Kerror: [m[Kâ€˜[01m[Kze[m[Kâ€™ was not declared in this scope
[1.601s]    44 |       motor2.data.resi            mensagem.data = direcao;[01;31m[Kze[m[K(1);
[1.601s]       |                                                           [01;31m[K^~[m[K
[1.603s] [01m[K/home/alves/ros2_ws/src/robot_ras_decision/src/manager.cpp:35:54:[m[K [01;31m[Kerror: [m[Kâ€˜[01m[KRange[m[Kâ€™ in namespace â€˜[01m[Kstd_msgs::msg[m[Kâ€™ does not name a type
[1.603s]    35 |         void sub_front_callback(const std_msgs::msg::[01;31m[KRange[m[K & msg) const
[1.603s]       |                                                      [01;31m[K^~~~~[m[K
[1.603s] [01m[K/home/alves/ros2_ws/src/robot_ras_decision/src/manager.cpp:42:53:[m[K [01;31m[Kerror: [m[Kâ€˜[01m[KRange[m[Kâ€™ in namespace â€˜[01m[Kstd_msgs::msg[m[Kâ€™ does not name a type
[1.603s]    42 |         void sub_rear_callback(const std_msgs::msg::[01;31m[KRange[m[K & msg) const
[1.603s]       |                                                     [01;31m[K^~~~~[m[K
[1.603s] [01m[K/home/alves/ros2_ws/src/robot_ras_decision/src/manager.cpp:49:53:[m[K [01;31m[Kerror: [m[Kâ€˜[01m[KRange[m[Kâ€™ in namespace â€˜[01m[Kstd_msgs::msg[m[Kâ€™ does not name a type
[1.603s]    49 |         void sub_left_callback(const std_msgs::msg::[01;31m[KRange[m[K & msg) const
[1.604s]       |                                                     [01;31m[K^~~~~[m[K
[1.604s] [01m[K/home/alves/ros2_ws/src/robot_ras_decision/src/manager.cpp:56:54:[m[K [01;31m[Kerror: [m[Kâ€˜[01m[KRange[m[Kâ€™ in namespace â€˜[01m[Kstd_msgs::msg[m[Kâ€™ does not name a type
[1.604s]    56 |         void sub_right_callback(const std_msgs::msg::[01;31m[KRange[m[K & msg) const
[1.604s]       |                                                      [01;31m[K^~~~~[m[K
[1.604s] [01m[K/home/alves/ros2_ws/src/robot_ras_decision/src/manager.cpp:63:53:[m[K [01;31m[Kerror: [m[Kâ€˜[01m[KRange[m[Kâ€™ in namespace â€˜[01m[Kstd_msgs::msg[m[Kâ€™ does not name a type
[1.604s]    63 |         void movement_callback(const std_msgs::msg::[01;31m[KRange[m[K & msg) const
[1.604s]       |                                                     [01;31m[K^~~~~[m[K
[1.604s] [01m[K/home/alves/ros2_ws/src/robot_ras_decision/src/manager.cpp:86:2:[m[K [01;31m[Kerror: [m[Kexpected â€˜[01m[K;[m[Kâ€™ after class definition
[1.604s]    86 | }
[1.604s]       |  [01;31m[K^[m[K
[1.604s]       |  [32m[K;[m[K
[1.611s] [01m[K/home/alves/ros2_ws/src/robot_ras_decision/src/manager.cpp:[m[K In constructor â€˜[01m[KManager::Manager()[m[Kâ€™:
[1.611s] [01m[K/home/alves/ros2_ws/src/robot_ras_decision/src/manager.cpp:23:13:[m[K [01;31m[Kerror: [m[Kâ€˜[01m[Ksub_front_manager_[m[Kâ€™ was not declared in this scope
[1.611s]    23 |             [01;31m[Ksub_front_manager_[m[K = this->create_subscription<std_msgs::msg::Range>(
[1.611s]       |             [01;31m[K^~~~~~~~~~~~~~~~~~[m[K
[1.611s] [01m[K/home/alves/ros2_ws/src/robot_ras_decision/src/manager.cpp:23:75:[m[K [01;31m[Kerror: [m[Kâ€˜[01m[KRange[m[Kâ€™ is not a member of â€˜[01m[Kstd_msgs::msg[m[Kâ€™; did you mean â€˜[01m[Ksensor_msgs::msg::Range[m[Kâ€™?
[1.611s]    23 |             sub_front_manager_ = this->create_subscription<std_msgs::msg::[01;31m[KRange[m[K>(
[1.611s]       |                                                                           [01;31m[K^~~~~[m[K
[1.611s] In file included from [01m[K/opt/ros/humble/include/sensor_msgs/sensor_msgs/msg/range.hpp:7[m[K,
[1.611s]                  from [01m[K/home/alves/ros2_ws/src/robot_ras_decision/src/manager.cpp:8[m[K:
[1.611s] [01m[K/opt/ros/humble/include/sensor_msgs/sensor_msgs/msg/detail/range__struct.hpp:199:7:[m[K [01;36m[Knote: [m[Kâ€˜[01m[Ksensor_msgs::msg::Range[m[Kâ€™ declared here
[1.611s]   199 | using [01;36m[KRange[m[K =
[1.611s]       |       [01;36m[K^~~~~[m[K
[1.614s] [01m[K/home/alves/ros2_ws/src/robot_ras_decision/src/manager.cpp:23:81:[m[K [01;31m[Kerror: [m[Kno matching function for call to â€˜[01m[KManager::create_subscription<<expression error> >(const char [19], int, std::_Bind_helper<false, void (Manager::*)(const int&) const, Manager*, const std::_Placeholder<1>&>::type)[m[Kâ€™
[1.614s]    23 |             sub_front_manager_ = [01;31m[Kthis->create_subscription<std_msgs::msg::Range>([m[K
[1.614s]       |                                  [01;31m[K~~~~~~~~~~~~~~~~~~~~~~~~~~~~~~~~~~~~~~~~~~~~~~~^[m[K
[1.614s]    24 | [01;31m[K            "sensor_range/front", 10, std::bind(&Manager::sub_front_callback, this, std::placeholders::_1))[m[K;
[1.614s]       |             [01;31m[K~~~~~~~~~~~~~~~~~~~~~~~~~~~~~~~~~~~~~~~~~~~~~~~~~~~~~~~~~~~~~~~~~~~~~~~~~~~~~~~~~~~~~~~~~~~~~~~[m[K
[1.615s] In file included from [01m[K/opt/ros/humble/include/rclcpp/rclcpp/executors/single_threaded_executor.hpp:28[m[K,
[1.615s]                  from [01m[K/opt/ros/humble/include/rclcpp/rclcpp/executors.hpp:22[m[K,
[1.615s]                  from [01m[K/opt/ros/humble/include/rclcpp/rclcpp/rclcpp.hpp:155[m[K,
[1.615s]                  from [01m[K/home/alves/ros2_ws/src/robot_ras_decision/src/manager.cpp:5[m[K:
[1.615s] [01m[K/opt/ros/humble/include/rclcpp/rclcpp/node.hpp:219:3:[m[K [01;36m[Knote: [m[Kcandidate: â€˜[01m[Ktemplate<class MessageT, class CallbackT, class AllocatorT, class SubscriptionT, class MessageMemoryStrategyT> std::shared_ptr<ROSMessageT> rclcpp::Node::create_subscription(const string&, const rclcpp::QoS&, CallbackT&&, const rclcpp::SubscriptionOptionsWithAllocator<AllocatorT>&, typename MessageMemoryStrategyT::SharedPtr)[m[Kâ€™
[1.615s]   219 |   [01;36m[Kcreate_subscription[m[K(
[1.615s]       |   [01;36m[K^~~~~~~~~~~~~~~~~~~[m[K
[1.615s] [01m[K/opt/ros/humble/include/rclcpp/rclcpp/node.hpp:219:3:[m[K [01;36m[Knote: [m[K  template argument deduction/substitution failed:
[1.615s] [01m[K/home/alves/ros2_ws/src/robot_ras_decision/src/manager.cpp:23:81:[m[K [01;31m[Kerror: [m[Ktemplate argument 1 is invalid
[1.615s]    23 |             sub_front_manager_ = [01;31m[Kthis->create_subscription<std_msgs::msg::Range>([m[K
[1.615s]       |                                  [01;31m[K~~~~~~~~~~~~~~~~~~~~~~~~~~~~~~~~~~~~~~~~~~~~~~~^[m[K
[1.615s]    24 | [01;31m[K            "sensor_range/front", 10, std::bind(&Manager::sub_front_callback, this, std::placeholders::_1))[m[K;
[1.615s]       |             [01;31m[K~~~~~~~~~~~~~~~~~~~~~~~~~~~~~~~~~~~~~~~~~~~~~~~~~~~~~~~~~~~~~~~~~~~~~~~~~~~~~~~~~~~~~~~~~~~~~~~[m[K
[1.622s] [01m[K/home/alves/ros2_ws/src/robot_ras_decision/src/manager.cpp:25:13:[m[K [01;31m[Kerror: [m[Kâ€˜[01m[Ksub_rear_manager_[m[Kâ€™ was not declared in this scope; did you mean â€˜[01m[Kpub_manager_[m[Kâ€™?
[1.622s]    25 |             [01;31m[Ksub_rear_manager_[m[K = this->create_subscription<std_msgs::msg::Range>(
[1.622s]       |             [01;31m[K^~~~~~~~~~~~~~~~~[m[K
[1.622s]       |             [32m[Kpub_manager_[m[K
[1.623s] [01m[K/home/alves/ros2_ws/src/robot_ras_decision/src/manager.cpp:25:74:[m[K [01;31m[Kerror: [m[Kâ€˜[01m[KRange[m[Kâ€™ is not a member of â€˜[01m[Kstd_msgs::msg[m[Kâ€™; did you mean â€˜[01m[Ksensor_msgs::msg::Range[m[Kâ€™?
[1.623s]    25 |             sub_rear_manager_ = this->create_subscription<std_msgs::msg::[01;31m[KRange[m[K>(
[1.623s]       |                                                                          [01;31m[K^~~~~[m[K
[1.623s] In file included from [01m[K/opt/ros/humble/include/sensor_msgs/sensor_msgs/msg/range.hpp:7[m[K,
[1.623s]                  from [01m[K/home/alves/ros2_ws/src/robot_ras_decision/src/manager.cpp:8[m[K:
[1.623s] [01m[K/opt/ros/humble/include/sensor_msgs/sensor_msgs/msg/detail/range__struct.hpp:199:7:[m[K [01;36m[Knote: [m[Kâ€˜[01m[Ksensor_msgs::msg::Range[m[Kâ€™ declared here
[1.623s]   199 | using [01;36m[KRange[m[K =
[1.623s]       |       [01;36m[K^~~~~[m[K
[1.624s] [01m[K/home/alves/ros2_ws/src/robot_ras_decision/src/manager.cpp:25:80:[m[K [01;31m[Kerror: [m[Kno matching function for call to â€˜[01m[KManager::create_subscription<<expression error> >(const char [18], int, std::_Bind_helper<false, void (Manager::*)(const int&) const, Manager*, const std::_Placeholder<1>&>::type)[m[Kâ€™
[1.624s]    25 |             sub_rear_manager_ = [01;31m[Kthis->create_subscription<std_msgs::msg::Range>([m[K
[1.624s]       |                                 [01;31m[K~~~~~~~~~~~~~~~~~~~~~~~~~~~~~~~~~~~~~~~~~~~~~~~^[m[K
[1.624s]    26 | [01;31m[K            "sensor_range/rear", 10, std::bind(&Manager::sub_rear_callback, this, std::placeholders::_1))[m[K;
[1.624s]       |             [01;31m[K~~~~~~~~~~~~~~~~~~~~~~~~~~~~~~~~~~~~~~~~~~~~~~~~~~~~~~~~~~~~~~~~~~~~~~~~~~~~~~~~~~~~~~~~~~~~~[m[K
[1.624s] In file included from [01m[K/opt/ros/humble/include/rclcpp/rclcpp/executors/single_threaded_executor.hpp:28[m[K,
[1.624s]                  from [01m[K/opt/ros/humble/include/rclcpp/rclcpp/executors.hpp:22[m[K,
[1.624s]                  from [01m[K/opt/ros/humble/include/rclcpp/rclcpp/rclcpp.hpp:155[m[K,
[1.624s]                  from [01m[K/home/alves/ros2_ws/src/robot_ras_decision/src/manager.cpp:5[m[K:
[1.624s] [01m[K/opt/ros/humble/include/rclcpp/rclcpp/node.hpp:219:3:[m[K [01;36m[Knote: [m[Kcandidate: â€˜[01m[Ktemplate<class MessageT, class CallbackT, class AllocatorT, class SubscriptionT, class MessageMemoryStrategyT> std::shared_ptr<ROSMessageT> rclcpp::Node::create_subscription(const string&, const rclcpp::QoS&, CallbackT&&, const rclcpp::SubscriptionOptionsWithAllocator<AllocatorT>&, typename MessageMemoryStrategyT::SharedPtr)[m[Kâ€™
[1.624s]   219 |   [01;36m[Kcreate_subscription[m[K(
[1.624s]       |   [01;36m[K^~~~~~~~~~~~~~~~~~~[m[K
[1.624s] [01m[K/opt/ros/humble/include/rclcpp/rclcpp/node.hpp:219:3:[m[K [01;36m[Knote: [m[K  template argument deduction/substitution failed:
[1.624s] [01m[K/home/alves/ros2_ws/src/robot_ras_decision/src/manager.cpp:25:80:[m[K [01;31m[Kerror: [m[Ktemplate argument 1 is invalid
[1.625s]    25 |             sub_rear_manager_ = [01;31m[Kthis->create_subscription<std_msgs::msg::Range>([m[K
[1.625s]       |                                 [01;31m[K~~~~~~~~~~~~~~~~~~~~~~~~~~~~~~~~~~~~~~~~~~~~~~~^[m[K
[1.625s]    26 | [01;31m[K            "sensor_range/rear", 10, std::bind(&Manager::sub_rear_callback, this, std::placeholders::_1))[m[K;
[1.625s]       |             [01;31m[K~~~~~~~~~~~~~~~~~~~~~~~~~~~~~~~~~~~~~~~~~~~~~~~~~~~~~~~~~~~~~~~~~~~~~~~~~~~~~~~~~~~~~~~~~~~~~[m[K
[1.629s] [01m[K/home/alves/ros2_ws/src/robot_ras_decision/src/manager.cpp:27:13:[m[K [01;31m[Kerror: [m[Kâ€˜[01m[Ksub_left_manager_[m[Kâ€™ was not declared in this scope; did you mean â€˜[01m[Kpub_manager_[m[Kâ€™?
[1.629s]    27 |             [01;31m[Ksub_left_manager_[m[K = this->create_subscription<std_msgs::msg::Range>(
[1.629s]       |             [01;31m[K^~~~~~~~~~~~~~~~~[m[K
[1.629s]       |             [32m[Kpub_manager_[m[K
[1.630s] [01m[K/home/alves/ros2_ws/src/robot_ras_decision/src/manager.cpp:27:74:[m[K [01;31m[Kerror: [m[Kâ€˜[01m[KRange[m[Kâ€™ is not a member of â€˜[01m[Kstd_msgs::msg[m[Kâ€™; did you mean â€˜[01m[Ksensor_msgs::msg::Range[m[Kâ€™?
[1.630s]    27 |             sub_left_manager_ = this->create_subscription<std_msgs::msg::[01;31m[KRange[m[K>(
[1.630s]       |                                                                          [01;31m[K^~~~~[m[K
[1.630s] In file included from [01m[K/opt/ros/humble/include/sensor_msgs/sensor_msgs/msg/range.hpp:7[m[K,
[1.630s]                  from [01m[K/home/alves/ros2_ws/src/robot_ras_decision/src/manager.cpp:8[m[K:
[1.630s] [01m[K/opt/ros/humble/include/sensor_msgs/sensor_msgs/msg/detail/range__struct.hpp:199:7:[m[K [01;36m[Knote: [m[Kâ€˜[01m[Ksensor_msgs::msg::Range[m[Kâ€™ declared here
[1.630s]   199 | using [01;36m[KRange[m[K =
[1.630s]       |       [01;36m[K^~~~~[m[K
[1.630s] [01m[K/home/alves/ros2_ws/src/robot_ras_decision/src/manager.cpp:27:80:[m[K [01;31m[Kerror: [m[Kno matching function for call to â€˜[01m[KManager::create_subscription<<expression error> >(const char [18], int, std::_Bind_helper<false, void (Manager::*)(const int&) const, Manager*, const std::_Placeholder<1>&>::type)[m[Kâ€™
[1.631s]    27 |             sub_left_manager_ = [01;31m[Kthis->create_subscription<std_msgs::msg::Range>([m[K
[1.631s]       |                                 [01;31m[K~~~~~~~~~~~~~~~~~~~~~~~~~~~~~~~~~~~~~~~~~~~~~~~^[m[K
[1.631s]    28 | [01;31m[K            "sensor_range/left", 10, std::bind(&Manager::sub_left_callback, this, std::placeholders::_1))[m[K;
[1.631s]       |             [01;31m[K~~~~~~~~~~~~~~~~~~~~~~~~~~~~~~~~~~~~~~~~~~~~~~~~~~~~~~~~~~~~~~~~~~~~~~~~~~~~~~~~~~~~~~~~~~~~~[m[K
[1.631s] In file included from [01m[K/opt/ros/humble/include/rclcpp/rclcpp/executors/single_threaded_executor.hpp:28[m[K,
[1.631s]                  from [01m[K/opt/ros/humble/include/rclcpp/rclcpp/executors.hpp:22[m[K,
[1.631s]                  from [01m[K/opt/ros/humble/include/rclcpp/rclcpp/rclcpp.hpp:155[m[K,
[1.631s]                  from [01m[K/home/alves/ros2_ws/src/robot_ras_decision/src/manager.cpp:5[m[K:
[1.631s] [01m[K/opt/ros/humble/include/rclcpp/rclcpp/node.hpp:219:3:[m[K [01;36m[Knote: [m[Kcandidate: â€˜[01m[Ktemplate<class MessageT, class CallbackT, class AllocatorT, class SubscriptionT, class MessageMemoryStrategyT> std::shared_ptr<ROSMessageT> rclcpp::Node::create_subscription(const string&, const rclcpp::QoS&, CallbackT&&, const rclcpp::SubscriptionOptionsWithAllocator<AllocatorT>&, typename MessageMemoryStrategyT::SharedPtr)[m[Kâ€™
[1.631s]   219 |   [01;36m[Kcreate_subscription[m[K(
[1.631s]       |   [01;36m[K^~~~~~~~~~~~~~~~~~~[m[K
[1.631s] [01m[K/opt/ros/humble/include/rclcpp/rclcpp/node.hpp:219:3:[m[K [01;36m[Knote: [m[K  template argument deduction/substitution failed:
[1.631s] [01m[K/home/alves/ros2_ws/src/robot_ras_decision/src/manager.cpp:27:80:[m[K [01;31m[Kerror: [m[Ktemplate argument 1 is invalid
[1.632s]    27 |             sub_left_manager_ = [01;31m[Kthis->create_subscription<std_msgs::msg::Range>([m[K
[1.632s]       |                                 [01;31m[K~~~~~~~~~~~~~~~~~~~~~~~~~~~~~~~~~~~~~~~~~~~~~~~^[m[K
[1.632s]    28 | [01;31m[K            "sensor_range/left", 10, std::bind(&Manager::sub_left_callback, this, std::placeholders::_1))[m[K;
[1.632s]       |             [01;31m[K~~~~~~~~~~~~~~~~~~~~~~~~~~~~~~~~~~~~~~~~~~~~~~~~~~~~~~~~~~~~~~~~~~~~~~~~~~~~~~~~~~~~~~~~~~~~~[m[K
[1.636s] [01m[K/home/alves/ros2_ws/src/robot_ras_decision/src/manager.cpp:29:13:[m[K [01;31m[Kerror: [m[Kâ€˜[01m[Ksub_right_manager_[m[Kâ€™ was not declared in this scope
[1.636s]    29 |             [01;31m[Ksub_right_manager_[m[K = this->create_subscription<std_msgs::msg::Range>(
[1.636s]       |             [01;31m[K^~~~~~~~~~~~~~~~~~[m[K
[1.637s] [01m[K/home/alves/ros2_ws/src/robot_ras_decision/src/manager.cpp:29:75:[m[K [01;31m[Kerror: [m[Kâ€˜[01m[KRange[m[Kâ€™ is not a member of â€˜[01m[Kstd_msgs::msg[m[Kâ€™; did you mean â€˜[01m[Ksensor_msgs::msg::Range[m[Kâ€™?
[1.637s]    29 |             sub_right_manager_ = this->create_subscription<std_msgs::msg::[01;31m[KRange[m[K>(
[1.637s]       |                                                                           [01;31m[K^~~~~[m[K
[1.637s] In file included from [01m[K/opt/ros/humble/include/sensor_msgs/sensor_msgs/msg/range.hpp:7[m[K,
[1.637s]                  from [01m[K/home/alves/ros2_ws/src/robot_ras_decision/src/manager.cpp:8[m[K:
[1.637s] [01m[K/opt/ros/humble/include/sensor_msgs/sensor_msgs/msg/detail/range__struct.hpp:199:7:[m[K [01;36m[Knote: [m[Kâ€˜[01m[Ksensor_msgs::msg::Range[m[Kâ€™ declared here
[1.637s]   199 | using [01;36m[KRange[m[K =
[1.637s]       |       [01;36m[K^~~~~[m[K
[1.637s] [01m[K/home/alves/ros2_ws/src/robot_ras_decision/src/manager.cpp:29:81:[m[K [01;31m[Kerror: [m[Kno matching function for call to â€˜[01m[KManager::create_subscription<<expression error> >(const char [19], int, std::_Bind_helper<false, void (Manager::*)(const int&) const, Manager*, const std::_Placeholder<1>&>::type)[m[Kâ€™
[1.637s]    29 |             sub_right_manager_ = [01;31m[Kthis->create_subscription<std_msgs::msg::Range>([m[K
[1.637s]       |                                  [01;31m[K~~~~~~~~~~~~~~~~~~~~~~~~~~~~~~~~~~~~~~~~~~~~~~~^[m[K
[1.637s]    30 | [01;31m[K            "sensor_range/right", 10, std::bind(&Manager::sub_right_callback, this, std::placeholders::_1))[m[K;
[1.637s]       |             [01;31m[K~~~~~~~~~~~~~~~~~~~~~~~~~~~~~~~~~~~~~~~~~~~~~~~~~~~~~~~~~~~~~~~~~~~~~~~~~~~~~~~~~~~~~~~~~~~~~~~[m[K
[1.637s] In file included from [01m[K/opt/ros/humble/include/rclcpp/rclcpp/executors/single_threaded_executor.hpp:28[m[K,
[1.637s]                  from [01m[K/opt/ros/humble/include/rclcpp/rclcpp/executors.hpp:22[m[K,
[1.637s]                  from [01m[K/opt/ros/humble/include/rclcpp/rclcpp/rclcpp.hpp:155[m[K,
[1.637s]                  from [01m[K/home/alves/ros2_ws/src/robot_ras_decision/src/manager.cpp:5[m[K:
[1.637s] [01m[K/opt/ros/humble/include/rclcpp/rclcpp/node.hpp:219:3:[m[K [01;36m[Knote: [m[Kcandidate: â€˜[01m[Ktemplate<class MessageT, class CallbackT, class AllocatorT, class SubscriptionT, class MessageMemoryStrategyT> std::shared_ptr<ROSMessageT> rclcpp::Node::create_subscription(const string&, const rclcpp::QoS&, CallbackT&&, const rclcpp::SubscriptionOptionsWithAllocator<AllocatorT>&, typename MessageMemoryStrategyT::SharedPtr)[m[Kâ€™
[1.637s]   219 |   [01;36m[Kcreate_subscription[m[K(
[1.637s]       |   [01;36m[K^~~~~~~~~~~~~~~~~~~[m[K
[1.637s] [01m[K/opt/ros/humble/include/rclcpp/rclcpp/node.hpp:219:3:[m[K [01;36m[Knote: [m[K  template argument deduction/substitution failed:
[1.637s] [01m[K/home/alves/ros2_ws/src/robot_ras_decision/src/manager.cpp:29:81:[m[K [01;31m[Kerror: [m[Ktemplate argument 1 is invalid
[1.637s]    29 |             sub_right_manager_ = [01;31m[Kthis->create_subscription<std_msgs::msg::Range>([m[K
[1.637s]       |                                  [01;31m[K~~~~~~~~~~~~~~~~~~~~~~~~~~~~~~~~~~~~~~~~~~~~~~~^[m[K
[1.637s]    30 | [01;31m[K            "sensor_range/right", 10, std::bind(&Manager::sub_right_callback, this, std::placeholders::_1))[m[K;
[1.637s]       |             [01;31m[K~~~~~~~~~~~~~~~~~~~~~~~~~~~~~~~~~~~~~~~~~~~~~~~~~~~~~~~~~~~~~~~~~~~~~~~~~~~~~~~~~~~~~~~~~~~~~~~[m[K
[1.639s] [01m[K/home/alves/ros2_ws/src/robot_ras_decision/src/manager.cpp:[m[K In member function â€˜[01m[Kvoid Manager::sub_front_callback(const int&) const[m[Kâ€™:
[1.639s] [01m[K/home/alves/ros2_ws/src/robot_ras_decision/src/manager.cpp:37:28:[m[K [01;31m[Kerror: [m[Kâ€˜[01m[KRange[m[Kâ€™ is not a member of â€˜[01m[Kstd_msgs::msg[m[Kâ€™; did you mean â€˜[01m[Ksensor_msgs::msg::Range[m[Kâ€™?
[1.639s]    37 |             std_msgs::msg::[01;31m[KRange[m[K distancia_front = msg.data;
[1.639s]       |                            [01;31m[K^~~~~[m[K
[1.639s] In file included from [01m[K/opt/ros/humble/include/sensor_msgs/sensor_msgs/msg/range.hpp:7[m[K,
[1.639s]                  from [01m[K/home/alves/ros2_ws/src/robot_ras_decision/src/manager.cpp:8[m[K:
[1.639s] [01m[K/opt/ros/humble/include/sensor_msgs/sensor_msgs/msg/detail/range__struct.hpp:199:7:[m[K [01;36m[Knote: [m[Kâ€˜[01m[Ksensor_msgs::msg::Range[m[Kâ€™ declared here
[1.639s]   199 | using [01;36m[KRange[m[K =
[1.639s]       |       [01;36m[K^~~~~[m[K
[1.643s] [01m[K/home/alves/ros2_ws/src/robot_ras_decision/src/manager.cpp:38:13:[m[K [01;31m[Kerror: [m[Kâ€˜[01m[Kdistancia[m[Kâ€™ was not declared in this scope
[1.643s]    38 |             [01;31m[Kdistancia[m[K[0] = distancia_front;
[1.643s]       |             [01;31m[K^~~~~~~~~[m[K
[1.648s] [01m[K/home/alves/ros2_ws/src/robot_ras_decision/src/manager.cpp:38:28:[m[K [01;31m[Kerror: [m[Kâ€˜[01m[Kdistancia_front[m[Kâ€™ was not declared in this scope
[1.648s]    38 |             distancia[0] = [01;31m[Kdistancia_front[m[K;
[1.648s]       |                            [01;31m[K^~~~~~~~~~~~~~~[m[K
[1.649s] [01m[K/home/alves/ros2_ws/src/robot_ras_decision/src/manager.cpp:35:62:[m[K [01;35m[Kwarning: [m[Kunused parameter â€˜[01m[Kmsg[m[Kâ€™ [[01;35m[K]8;;https://gcc.gnu.org/onlinedocs/gcc/Warning-Options.html#index-Wunused-parameter-Wunused-parameter]8;;[m[K]
[1.649s]    35 |         void sub_front_callback([01;35m[Kconst std_msgs::msg::Range & msg[m[K) const
[1.649s]       |                                 [01;35m[K~~~~~~~~~~~~~~~~~~~~~~~~~~~~~^~~[m[K
[1.649s] [01m[K/home/alves/ros2_ws/src/robot_ras_decision/src/manager.cpp:[m[K In member function â€˜[01m[Kvoid Manager::sub_rear_callback(const int&) const[m[Kâ€™:
[1.649s] [01m[K/home/alves/ros2_ws/src/robot_ras_decision/src/manager.cpp:44:28:[m[K [01;31m[Kerror: [m[Kâ€˜[01m[KRange[m[Kâ€™ is not a member of â€˜[01m[Kstd_msgs::msg[m[Kâ€™; did you mean â€˜[01m[Ksensor_msgs::msg::Range[m[Kâ€™?
[1.649s]    44 |             std_msgs::msg::[01;31m[KRange[m[K distancia_rear = msg.data;
[1.649s]       |                            [01;31m[K^~~~~[m[K
[1.649s] In file included from [01m[K/opt/ros/humble/include/sensor_msgs/sensor_msgs/msg/range.hpp:7[m[K,
[1.649s]                  from [01m[K/home/alves/ros2_ws/src/robot_ras_decision/src/manager.cpp:8[m[K:
[1.649s] [01m[K/opt/ros/humble/include/sensor_msgs/sensor_msgs/msg/detail/range__struct.hpp:199:7:[m[K [01;36m[Knote: [m[Kâ€˜[01m[Ksensor_msgs::msg::Range[m[Kâ€™ declared here
[1.649s]   199 | using [01;36m[KRange[m[K =
[1.649s]       |       [01;36m[K^~~~~[m[K
[1.652s] [01m[K/home/alves/ros2_ws/src/robot_ras_decision/src/manager.cpp:45:13:[m[K [01;31m[Kerror: [m[Kâ€˜[01m[Kdistancia[m[Kâ€™ was not declared in this scope
[1.652s]    45 |             [01;31m[Kdistancia[m[K[1] = distancia_rear;
[1.652s]       |             [01;31m[K^~~~~~~~~[m[K
[1.657s] [01m[K/home/alves/ros2_ws/src/robot_ras_decision/src/manager.cpp:45:28:[m[K [01;31m[Kerror: [m[Kâ€˜[01m[Kdistancia_rear[m[Kâ€™ was not declared in this scope
[1.658s]    45 |             distancia[1] = [01;31m[Kdistancia_rear[m[K;
[1.658s]       |                            [01;31m[K^~~~~~~~~~~~~~[m[K
[1.658s] [01m[K/home/alves/ros2_ws/src/robot_ras_decision/src/manager.cpp:42:61:[m[K [01;35m[Kwarning: [m[Kunused parameter â€˜[01m[Kmsg[m[Kâ€™ [[01;35m[K]8;;https://gcc.gnu.org/onlinedocs/gcc/Warning-Options.html#index-Wunused-parameter-Wunused-parameter]8;;[m[K]
[1.658s]    42 |         void sub_rear_callback([01;35m[Kconst std_msgs::msg::Range & msg[m[K) const
[1.658s]       |                                [01;35m[K~~~~~~~~~~~~~~~~~~~~~~~~~~~~~^~~[m[K
[1.658s] [01m[K/home/alves/ros2_ws/src/robot_ras_decision/src/manager.cpp:[m[K In member function â€˜[01m[Kvoid Manager::sub_left_callback(const int&) const[m[Kâ€™:
[1.658s] [01m[K/home/alves/ros2_ws/src/robot_ras_decision/src/manager.cpp:51:28:[m[K [01;31m[Kerror: [m[Kâ€˜[01m[KRange[m[Kâ€™ is not a member of â€˜[01m[Kstd_msgs::msg[m[Kâ€™; did you mean â€˜[01m[Ksensor_msgs::msg::Range[m[Kâ€™?
[1.658s]    51 |             std_msgs::msg::[01;31m[KRange[m[K distancia_left = msg.data;
[1.658s]       |                            [01;31m[K^~~~~[m[K
[1.658s] In file included from [01m[K/opt/ros/humble/include/sensor_msgs/sensor_msgs/msg/range.hpp:7[m[K,
[1.658s]                  from [01m[K/home/alves/ros2_ws/src/robot_ras_decision/src/manager.cpp:8[m[K:
[1.659s] [01m[K/opt/ros/humble/include/sensor_msgs/sensor_msgs/msg/detail/range__struct.hpp:199:7:[m[K [01;36m[Knote: [m[Kâ€˜[01m[Ksensor_msgs::msg::Range[m[Kâ€™ declared here
[1.659s]   199 | using [01;36m[KRange[m[K =
[1.659s]       |       [01;36m[K^~~~~[m[K
[1.662s] [01m[K/home/alves/ros2_ws/src/robot_ras_decision/src/manager.cpp:52:13:[m[K [01;31m[Kerror: [m[Kâ€˜[01m[Kdistancia[m[Kâ€™ was not declared in this scope
[1.662s]    52 |             [01;31m[Kdistancia[m[K[2] = distancia_left;
[1.662s]       |             [01;31m[K^~~~~~~~~[m[K
[1.667s] [01m[K/home/alves/ros2_ws/src/robot_ras_decision/src/manager.cpp:52:28:[m[K [01;31m[Kerror: [m[Kâ€˜[01m[Kdistancia_left[m[Kâ€™ was not declared in this scope
[1.667s]    52 |             distancia[2] = [01;31m[Kdistancia_left[m[K;
[1.667s]       |                            [01;31m[K^~~~~~~~~~~~~~[m[K
[1.667s] [01m[K/home/alves/ros2_ws/src/robot_ras_decision/src/manager.cpp:49:61:[m[K [01;35m[Kwarning: [m[Kunused parameter â€˜[01m[Kmsg[m[Kâ€™ [[01;35m[K]8;;https://gcc.gnu.org/onlinedocs/gcc/Warning-Options.html#index-Wunused-parameter-Wunused-parameter]8;;[m[K]
[1.667s]    49 |         void sub_left_callback([01;35m[Kconst std_msgs::msg::Range & msg[m[K) const
[1.667s]       |                                [01;35m[K~~~~~~~~~~~~~~~~~~~~~~~~~~~~~^~~[m[K
[1.667s] [01m[K/home/alves/ros2_ws/src/robot_ras_decision/src/manager.cpp:[m[K In member function â€˜[01m[Kvoid Manager::sub_right_callback(const int&) const[m[Kâ€™:
[1.667s] [01m[K/home/alves/ros2_ws/src/robot_ras_decision/src/manager.cpp:58:28:[m[K [01;31m[Kerror: [m[Kâ€˜[01m[KRange[m[Kâ€™ is not a member of â€˜[01m[Kstd_msgs::msg[m[Kâ€™; did you mean â€˜[01m[Ksensor_msgs::msg::Range[m[Kâ€™?
[1.667s]    58 |             std_msgs::msg::[01;31m[KRange[m[K distancia_right = msg.data;
[1.667s]       |                            [01;31m[K^~~~~[m[K
[1.667s] In file included from [01m[K/opt/ros/humble/include/sensor_msgs/sensor_msgs/msg/range.hpp:7[m[K,
[1.667s]                  from [01m[K/home/alves/ros2_ws/src/robot_ras_decision/src/manager.cpp:8[m[K:
[1.667s] [01m[K/opt/ros/humble/include/sensor_msgs/sensor_msgs/msg/detail/range__struct.hpp:199:7:[m[K [01;36m[Knote: [m[Kâ€˜[01m[Ksensor_msgs::msg::Range[m[Kâ€™ declared here
[1.667s]   199 | using [01;36m[KRange[m[K =
[1.667s]       |       [01;36m[K^~~~~[m[K
[1.671s] [01m[K/home/alves/ros2_ws/src/robot_ras_decision/src/manager.cpp:59:13:[m[K [01;31m[Kerror: [m[Kâ€˜[01m[Kdistancia[m[Kâ€™ was not declared in this scope
[1.671s]    59 |             [01;31m[Kdistancia[m[K[3] = distancia_right;
[1.671s]       |             [01;31m[K^~~~~~~~~[m[K
[1.676s] [01m[K/home/alves/ros2_ws/src/robot_ras_decision/src/manager.cpp:59:28:[m[K [01;31m[Kerror: [m[Kâ€˜[01m[Kdistancia_right[m[Kâ€™ was not declared in this scope
[1.676s]    59 |             distancia[3] = [01;31m[Kdistancia_right[m[K;
[1.677s]       |                            [01;31m[K^~~~~~~~~~~~~~~[m[K
[1.677s] [01m[K/home/alves/ros2_ws/src/robot_ras_decision/src/manager.cpp:56:62:[m[K [01;35m[Kwarning: [m[Kunused parameter â€˜[01m[Kmsg[m[Kâ€™ [[01;35m[K]8;;https://gcc.gnu.org/onlinedocs/gcc/Warning-Options.html#index-Wunused-parameter-Wunused-parameter]8;;[m[K]
[1.677s]    56 |         void sub_right_callback([01;35m[Kconst std_msgs::msg::Range & msg[m[K) const
[1.677s]       |                                 [01;35m[K~~~~~~~~~~~~~~~~~~~~~~~~~~~~~^~~[m[K
[1.680s] [01m[K/home/alves/ros2_ws/src/robot_ras_decision/src/manager.cpp:[m[K In member function â€˜[01m[Kvoid Manager::movement_callback(const int&) const[m[Kâ€™:
[1.680s] [01m[K/home/alves/ros2_ws/src/robot_ras_decision/src/manager.cpp:67:16:[m[K [01;31m[Kerror: [m[Kâ€˜[01m[Kdistancia[m[Kâ€™ was not declared in this scope
[1.681s]    67 |             if([01;31m[Kdistancia[m[K[2]> 0.1 && disancia[3]> 0.1 && distancia[0] > 0.1) {
[1.681s]       |                [01;31m[K^~~~~~~~~[m[K
[1.684s] [01m[K/home/alves/ros2_ws/src/robot_ras_decision/src/manager.cpp:67:37:[m[K [01;31m[Kerror: [m[Kâ€˜[01m[Kdisancia[m[Kâ€™ was not declared in this scope
[1.684s]    67 |             if(distancia[2]> 0.1 && [01;31m[Kdisancia[m[K[3]> 0.1 && distancia[0] > 0.1) {
[1.684s]       |                                     [01;31m[K^~~~~~~~[m[K
[1.684s] [01m[K/home/alves/ros2_ws/src/robot_ras_decision/src/manager.cpp:82:9:[m[K [01;31m[Kerror: [m[Kexpected â€˜[01m[K;[m[Kâ€™ before â€˜[01m[K}[m[Kâ€™ token
[1.684s]    82 |         [01;31m[K}[m[K
[1.685s]       |         [01;31m[K^[m[K
[1.685s] [01m[K/home/alves/ros2_ws/src/robot_ras_decision/src/manager.cpp:63:61:[m[K [01;35m[Kwarning: [m[Kunused parameter â€˜[01m[Kmsg[m[Kâ€™ [[01;35m[K]8;;https://gcc.gnu.org/onlinedocs/gcc/Warning-Options.html#index-Wunused-parameter-Wunused-parameter]8;;[m[K]
[1.685s]    63 |         void movement_callback([01;35m[Kconst std_msgs::msg::Range & msg[m[K) const
[1.685s]       |                                [01;35m[K~~~~~~~~~~~~~~~~~~~~~~~~~~~~~^~~[m[K
[2.158s] gmake[2]: *** [CMakeFiles/Manager.dir/build.make:76: CMakeFiles/Manager.dir/src/manager.cpp.o] Error 1
[2.158s] gmake[1]: *** [CMakeFiles/Makefile2:165: CMakeFiles/Manager.dir/all] Error 2
[2.158s] gmake[1]: *** Waiting for unfinished jobs....
[3.258s] gmake[2]: *** [CMakeFiles/MovementControl.dir/build.make:76: CMakeFiles/MovementControl.dir/src/movement_control.cpp.o] Error 1
[3.258s] gmake[1]: *** [CMakeFiles/Makefile2:139: CMakeFiles/MovementControl.dir/all] Error 2
[3.259s] gmake: *** [Makefile:146: all] Error 2
[3.260s] Invoked command in '/home/alves/ros2_ws/build/robot_ras_decision' returned '2': CMAKE_PREFIX_PATH=/opt/ros/humble /usr/bin/cmake --build /home/alves/ros2_ws/build/robot_ras_decision -- -j16 -l16
