[0.010s] Invoking command in '/home/alves/ros2_ws/build/robot_ras_decision': CMAKE_PREFIX_PATH=${CMAKE_PREFIX_PATH}:/opt/ros/humble /usr/bin/cmake --build /home/alves/ros2_ws/build/robot_ras_decision -- -j16 -l16
[0.046s] [35m[1mConsolidate compiler generated dependencies of target Manager[0m
[0.057s] [ 50%] Built target MovementControl
[0.060s] [ 75%] [32mBuilding CXX object CMakeFiles/Manager.dir/src/manager.cpp.o[0m
[1.549s] [01m[K/home/alves/ros2_ws/src/robot_ras_decision/src/manager.cpp:[m[K In constructor â€˜[01m[KManager::Manager()[m[Kâ€™:
[1.549s] [01m[K/home/alves/ros2_ws/src/robot_ras_decision/src/manager.cpp:35:59:[m[K [01;31m[Kerror: [m[Kâ€˜[01m[Ksens[m[Kâ€™ was not declared in this scope; did you mean â€˜[01m[Ksetns[m[Kâ€™?
[1.549s]    35 |             sub_left_manager_ = this->create_subscription<[01;31m[Ksens[m[K                while(distancia[2].range> 0.3
[1.549s]       |                                                           [01;31m[K^~~~[m[K
[1.549s]       |                                                           [32m[Ksetns[m[K
[1.549s] [01m[K/home/alves/ros2_ws/src/robot_ras_decision/src/manager.cpp:35:39:[m[K [01;31m[Kerror: [m[Kparse error in template argument list
[1.549s]    35 |             sub_left_manager_ = this->[01;31m[Kcreate_subscription<sens                while(distancia[2].range> 0.3[m[K
[1.549s]       |                                       [01;31m[K^~~~~~~~~~~~~~~~~~~~~~~~~~~~~~~~~~~~~~~~~~~~~~~~~~~~~~~~~~~~~~~~~~~~~[m[K
[1.549s]    36 | [01;31m[Ksg::String>("/movement", 10)[m[K;
[1.549s]       | [01;31m[K~~~~~~~~~~~~~~~~~~~~~~~~~~~~[m[K           
[1.549s] [01m[K/home/alves/ros2_ws/src/robot_ras_decision/src/manager.cpp:35:39:[m[K [01;31m[Kerror: [m[Kno match for â€˜[01m[Koperator=[m[Kâ€™ (operand types are â€˜[01m[Krclcpp::Subscription<sensor_msgs::msg::Range_<std::allocator<void> > >::SharedPtr[m[Kâ€™ {aka â€˜[01m[Kstd::shared_ptr<rclcpp::Subscription<sensor_msgs::msg::Range_<std::allocator<void> > > >[m[Kâ€™} and â€˜[01m[K<unresolved overloaded function type>[m[Kâ€™)
[1.549s] In file included from [01m[K/usr/include/c++/11/memory:77[m[K,
[1.549s]                  from [01m[K/home/alves/ros2_ws/src/robot_ras_decision/src/manager.cpp:3[m[K:
[1.549s] [01m[K/usr/include/c++/11/bits/shared_ptr.h:363:9:[m[K [01;36m[Knote: [m[Kcandidate: â€˜[01m[Ktemplate<class _Yp> std::shared_ptr<_Tp>::_Assignable<const std::shared_ptr<_Yp>&> std::shared_ptr<_Tp>::operator=(const std::shared_ptr<_Yp>&) [with _Yp = _Yp; _Tp = rclcpp::Subscription<sensor_msgs::msg::Range_<std::allocator<void> > >][m[Kâ€™
[1.549s]   363 |         [01;36m[Koperator[m[K=(const shared_ptr<_Yp>& __r) noexcept
[1.549s]       |         [01;36m[K^~~~~~~~[m[K
[1.549s] [01m[K/usr/include/c++/11/bits/shared_ptr.h:363:9:[m[K [01;36m[Knote: [m[K  template argument deduction/substitution failed:
[1.549s] [01m[K/home/alves/ros2_ws/src/robot_ras_decision/src/manager.cpp:35:39:[m[K [01;36m[Knote: [m[K  couldnâ€™t deduce template parameter â€˜[01m[K_Yp[m[Kâ€™
[1.549s]    35 |             sub_left_manager_ = this->[01;36m[Kcreate_subscription<sens                while(distancia[2].range> 0.3[m[K
[1.550s]       |                                       [01;36m[K^~~~~~~~~~~~~~~~~~~~~~~~~~~~~~~~~~~~~~~~~~~~~~~~~~~~~~~~~~~~~~~~~~~~~[m[K
[1.550s]    36 | [01;36m[Ksg::String>("/movement", 10)[m[K;
[1.550s]       | [01;36m[K~~~~~~~~~~~~~~~~~~~~~~~~~~~~[m[K           
[1.550s] In file included from [01m[K/usr/include/c++/11/memory:77[m[K,
[1.550s]                  from [01m[K/home/alves/ros2_ws/src/robot_ras_decision/src/manager.cpp:3[m[K:
[1.550s] [01m[K/usr/include/c++/11/bits/shared_ptr.h:374:9:[m[K [01;36m[Knote: [m[Kcandidate: â€˜[01m[Ktemplate<class _Yp> std::shared_ptr<_Tp>::_Assignable<std::auto_ptr<_Up> > std::shared_ptr<_Tp>::operator=(std::auto_ptr<_Up>&&) [with _Yp = _Yp; _Tp = rclcpp::Subscription<sensor_msgs::msg::Range_<std::allocator<void> > >][m[Kâ€™
[1.550s]   374 |         [01;36m[Koperator[m[K=(auto_ptr<_Yp>&& __r)
[1.550s]       |         [01;36m[K^~~~~~~~[m[K
[1.550s] [01m[K/usr/include/c++/11/bits/shared_ptr.h:374:9:[m[K [01;36m[Knote: [m[K  template argument deduction/substitution failed:
[1.550s] [01m[K/home/alves/ros2_ws/src/robot_ras_decision/src/manager.cpp:35:39:[m[K [01;36m[Knote: [m[K  couldnâ€™t deduce template parameter â€˜[01m[K_Yp[m[Kâ€™
[1.550s]    35 |             sub_left_manager_ = this->[01;36m[Kcreate_subscription<sens                while(distancia[2].range> 0.3[m[K
[1.550s]       |                                       [01;36m[K^~~~~~~~~~~~~~~~~~~~~~~~~~~~~~~~~~~~~~~~~~~~~~~~~~~~~~~~~~~~~~~~~~~~~[m[K
[1.550s]    36 | [01;36m[Ksg::String>("/movement", 10)[m[K;
[1.550s]       | [01;36m[K~~~~~~~~~~~~~~~~~~~~~~~~~~~~[m[K           
[1.550s] In file included from [01m[K/usr/include/c++/11/memory:77[m[K,
[1.550s]                  from [01m[K/home/alves/ros2_ws/src/robot_ras_decision/src/manager.cpp:3[m[K:
[1.550s] [01m[K/usr/include/c++/11/bits/shared_ptr.h:391:9:[m[K [01;36m[Knote: [m[Kcandidate: â€˜[01m[Ktemplate<class _Yp> std::shared_ptr<_Tp>::_Assignable<std::shared_ptr<_Yp> > std::shared_ptr<_Tp>::operator=(std::shared_ptr<_Yp>&&) [with _Yp = _Yp; _Tp = rclcpp::Subscription<sensor_msgs::msg::Range_<std::allocator<void> > >][m[Kâ€™
[1.550s]   391 |         [01;36m[Koperator[m[K=(shared_ptr<_Yp>&& __r) noexcept
[1.550s]       |         [01;36m[K^~~~~~~~[m[K
[1.550s] [01m[K/usr/include/c++/11/bits/shared_ptr.h:391:9:[m[K [01;36m[Knote: [m[K  template argument deduction/substitution failed:
[1.550s] [01m[K/home/alves/ros2_ws/src/robot_ras_decision/src/manager.cpp:35:39:[m[K [01;36m[Knote: [m[K  couldnâ€™t deduce template parameter â€˜[01m[K_Yp[m[Kâ€™
[1.550s]    35 |             sub_left_manager_ = this->[01;36m[Kcreate_subscription<sens                while(distancia[2].range> 0.3[m[K
[1.550s]       |                                       [01;36m[K^~~~~~~~~~~~~~~~~~~~~~~~~~~~~~~~~~~~~~~~~~~~~~~~~~~~~~~~~~~~~~~~~~~~~[m[K
[1.550s]    36 | [01;36m[Ksg::String>("/movement", 10)[m[K;
[1.550s]       | [01;36m[K~~~~~~~~~~~~~~~~~~~~~~~~~~~~[m[K           
[1.550s] In file included from [01m[K/usr/include/c++/11/memory:77[m[K,
[1.550s]                  from [01m[K/home/alves/ros2_ws/src/robot_ras_decision/src/manager.cpp:3[m[K:
[1.550s] [01m[K/usr/include/c++/11/bits/shared_ptr.h:399:9:[m[K [01;36m[Knote: [m[Kcandidate: â€˜[01m[Ktemplate<class _Yp, class _Del> std::shared_ptr<_Tp>::_Assignable<std::unique_ptr<_Up, _Ep> > std::shared_ptr<_Tp>::operator=(std::unique_ptr<_Up, _Ep>&&) [with _Yp = _Yp; _Del = _Del; _Tp = rclcpp::Subscription<sensor_msgs::msg::Range_<std::allocator<void> > >][m[Kâ€™
[1.550s]   399 |         [01;36m[Koperator[m[K=(unique_ptr<_Yp, _Del>&& __r)
[1.550s]       |         [01;36m[K^~~~~~~~[m[K
[1.550s] [01m[K/usr/include/c++/11/bits/shared_ptr.h:399:9:[m[K [01;36m[Knote: [m[K  template argument deduction/substitution failed:
[1.550s] [01m[K/home/alves/ros2_ws/src/robot_ras_decision/src/manager.cpp:35:39:[m[K [01;36m[Knote: [m[K  couldnâ€™t deduce template parameter â€˜[01m[K_Yp[m[Kâ€™
[1.550s]    35 |             sub_left_manager_ = this->[01;36m[Kcreate_subscription<sens                while(distancia[2].range> 0.3[m[K
[1.550s]       |                                       [01;36m[K^~~~~~~~~~~~~~~~~~~~~~~~~~~~~~~~~~~~~~~~~~~~~~~~~~~~~~~~~~~~~~~~~~~~~[m[K
[1.550s]    36 | [01;36m[Ksg::String>("/movement", 10)[m[K;
[1.550s]       | [01;36m[K~~~~~~~~~~~~~~~~~~~~~~~~~~~~[m[K           
[1.550s] In file included from [01m[K/usr/include/c++/11/memory:77[m[K,
[1.550s]                  from [01m[K/home/alves/ros2_ws/src/robot_ras_decision/src/manager.cpp:3[m[K:
[1.550s] [01m[K/usr/include/c++/11/bits/shared_ptr.h:359:19:[m[K [01;36m[Knote: [m[Kcandidate: â€˜[01m[Kstd::shared_ptr<_Tp>& std::shared_ptr<_Tp>::operator=(const std::shared_ptr<_Tp>&) [with _Tp = rclcpp::Subscription<sensor_msgs::msg::Range_<std::allocator<void> > >][m[Kâ€™
[1.551s]   359 |       shared_ptr& [01;36m[Koperator[m[K=(const shared_ptr&) noexcept = default;
[1.551s]       |                   [01;36m[K^~~~~~~~[m[K
[1.551s] [01m[K/usr/include/c++/11/bits/shared_ptr.h:359:29:[m[K [01;36m[Knote: [m[K  no known conversion for argument 1 from â€˜[01m[K<unresolved overloaded function type>[m[Kâ€™ to â€˜[01m[Kconst std::shared_ptr<rclcpp::Subscription<sensor_msgs::msg::Range_<std::allocator<void> > > >&[m[Kâ€™
[1.551s]   359 |       shared_ptr& operator=([01;36m[Kconst shared_ptr&[m[K) noexcept = default;
[1.551s]       |                             [01;36m[K^~~~~~~~~~~~~~~~~[m[K
[1.551s] [01m[K/usr/include/c++/11/bits/shared_ptr.h:383:7:[m[K [01;36m[Knote: [m[Kcandidate: â€˜[01m[Kstd::shared_ptr<_Tp>& std::shared_ptr<_Tp>::operator=(std::shared_ptr<_Tp>&&) [with _Tp = rclcpp::Subscription<sensor_msgs::msg::Range_<std::allocator<void> > >][m[Kâ€™
[1.551s]   383 |       [01;36m[Koperator[m[K=(shared_ptr&& __r) noexcept
[1.551s]       |       [01;36m[K^~~~~~~~[m[K
[1.551s] [01m[K/usr/include/c++/11/bits/shared_ptr.h:383:30:[m[K [01;36m[Knote: [m[K  no known conversion for argument 1 from â€˜[01m[K<unresolved overloaded function type>[m[Kâ€™ to â€˜[01m[Kstd::shared_ptr<rclcpp::Subscription<sensor_msgs::msg::Range_<std::allocator<void> > > >&&[m[Kâ€™
[1.551s]   383 |       operator=([01;36m[Kshared_ptr&& __r[m[K) noexcept
[1.551s]       |                 [01;36m[K~~~~~~~~~~~~~^~~[m[K
[3.175s] gmake[2]: *** [CMakeFiles/Manager.dir/build.make:76: CMakeFiles/Manager.dir/src/manager.cpp.o] Error 1
[3.175s] gmake[1]: *** [CMakeFiles/Makefile2:165: CMakeFiles/Manager.dir/all] Error 2
[3.175s] gmake: *** [Makefile:146: all] Error 2
[3.177s] Invoked command in '/home/alves/ros2_ws/build/robot_ras_decision' returned '2': CMAKE_PREFIX_PATH=${CMAKE_PREFIX_PATH}:/opt/ros/humble /usr/bin/cmake --build /home/alves/ros2_ws/build/robot_ras_decision -- -j16 -l16
